LOG 2025/09/18
Save Path: /home/super/DockerData/Movie_SP/tools/m3u8_Downloader/Logs
Task Start: 2025/09/18 10:10:59
Task CommandLine: /home/super/DockerData/Movie_SP/tools/m3u8_Downloader/N_m3u8DL-RE https://surrit.com/7c786484-9435-45a1-a8a5-849b76173786/720p/video.m3u8 --auto-select True --thread-count 32 --tmp-dir /mnt/mac/SATA_SSD_2T/000-Movie_SP/000-Movie_SP_tmp/N_m3u8DL_RE/IPZZ-640 --save-dir /mnt/mac/SATA_SSD_2T/000-Movie_SP/000-JAV/Jable_cnSUB/IPZZ-640 --save-name IPZZ-640-C --custom-proxy http://10.10.10.88:7890

10:10:59.208 INFO : N_m3u8DL-RE (Beta version) 20241203
10:10:59.218 EXTRA: ffmpeg => /usr/bin/ffmpeg
10:10:59.218 INFO : Loading URL: https://surrit.com/7c786484-9435-45a1-a8a5-849b76173786/720p/video.m3u8
10:11:04.221 WARN : The SSL connection could not be established, see inner exception. (1/10)
10:11:05.722 INFO : Loading URL: https://surrit.com/7c786484-9435-45a1-a8a5-849b76173786/720p/video.m3u8
10:11:10.724 WARN : The SSL connection could not be established, see inner exception. (2/10)
10:11:12.224 INFO : Loading URL: https://surrit.com/7c786484-9435-45a1-a8a5-849b76173786/720p/video.m3u8
10:11:17.227 WARN : The SSL connection could not be established, see inner exception. (3/10)
10:11:18.727 INFO : Loading URL: https://surrit.com/7c786484-9435-45a1-a8a5-849b76173786/720p/video.m3u8
10:11:23.730 WARN : The SSL connection could not be established, see inner exception. (4/10)
10:11:25.231 INFO : Loading URL: https://surrit.com/7c786484-9435-45a1-a8a5-849b76173786/720p/video.m3u8
10:11:30.233 WARN : The SSL connection could not be established, see inner exception. (5/10)
10:11:31.734 INFO : Loading URL: https://surrit.com/7c786484-9435-45a1-a8a5-849b76173786/720p/video.m3u8
10:11:36.736 WARN : The SSL connection could not be established, see inner exception. (6/10)
10:11:38.236 INFO : Loading URL: https://surrit.com/7c786484-9435-45a1-a8a5-849b76173786/720p/video.m3u8
10:11:43.239 WARN : The SSL connection could not be established, see inner exception. (7/10)
10:11:44.739 INFO : Loading URL: https://surrit.com/7c786484-9435-45a1-a8a5-849b76173786/720p/video.m3u8
10:11:49.742 WARN : The SSL connection could not be established, see inner exception. (8/10)
10:11:51.243 INFO : Loading URL: https://surrit.com/7c786484-9435-45a1-a8a5-849b76173786/720p/video.m3u8
10:11:56.246 WARN : The SSL connection could not be established, see inner exception. (9/10)
10:11:57.746 INFO : Loading URL: https://surrit.com/7c786484-9435-45a1-a8a5-849b76173786/720p/video.m3u8
10:12:02.750 WARN : The SSL connection could not be established, see inner exception. (10/10)
10:12:04.251 ERROR: Failed to execute action after 10 retries.
