LOG 2025/09/18
Save Path: /home/super/DockerData/Movie_SP/tools/m3u8_Downloader/Logs
Task Start: 2025/09/18 05:45:58
Task CommandLine: /home/super/DockerData/Movie_SP/tools/m3u8_Downloader/N_m3u8DL-RE https://akuma-trstin.mushroomtrack.com/hls/7eFqzW1Z1vN2JV2I8rdwFg/1758156358/53000/53069/53069.m3u8 --auto-select True --thread-count 32 --tmp-dir /mnt/mac/SATA_SSD_2T/000-Movie_SP/000-Movie_SP_tmp/N_m3u8DL_RE/JUR-398 --save-dir /mnt/mac/SATA_SSD_2T/000-Movie_SP/000-JAV/Jable_cnSUB/JUR-398 --save-name JUR-398-C --custom-proxy http://10.10.10.88:7890

05:45:58.726 INFO : N_m3u8DL-RE (Beta version) 20241203
05:45:58.735 EXTRA: ffmpeg => /usr/bin/ffmpeg
05:45:58.735 INFO : Loading URL: https://akuma-trstin.mushroomtrack.com/hls/7eFqzW1Z1vN2JV2I8rdwFg/1758156358/53000/53069/53069.m3u8
05:46:01.709 INFO : Content Matched: HTTP Live Streaming
05:46:01.709 INFO : Parsing streams...
05:46:02.249 WARN : Writing meta json
05:46:02.285 INFO : Extracted, there are 1 streams, with 1 basic streams, 0 audio streams, 0 subtitle streams
05:46:02.286 INFO : Vid *AES_128 Kbps | 1971 Segments | ~02h11m27s
05:46:02.290 INFO : Selected streams:
05:46:02.291 INFO : Vid *AES_128 Kbps | 1971 Segments | ~02h11m27s
05:46:02.292 WARN : Writing meta json
05:46:02.323 INFO : Save Name: JUR-398-C
05:46:02.329 INFO : Start downloading...Vid Kbps
05:46:03.274 WARN : Reading media info...
05:46:03.329 INFO : [0x100]: Video, h264 (High) ([27][0][0][0]), 1280x720, 59.94 fps
05:46:03.330 INFO : [0x101]: Audio, aac (LC) ([15][0][0][0]), 4 kb/s
05:47:18.294 INFO : ffmpeg merging...
05:47:18.294 WARN : Segments more than 1800, start partial merge...
05:48:30.448 INFO : Done
