LOG 2025/09/18
Save Path: /home/super/DockerData/Movie_SP/tools/m3u8_Downloader/Logs
Task Start: 2025/09/18 04:19:02
Task CommandLine: /home/super/DockerData/Movie_SP/tools/m3u8_Downloader/N_m3u8DL-RE https://surrit.com/d1424eb1-4125-45ac-a2db-04f49bb05b0f/720p/video.m3u8 --auto-select True --thread-count 32 --tmp-dir /mnt/mac/SATA_SSD_2T/000-Movie_SP/000-Movie_SP_tmp/N_m3u8DL_RE/HMN-728 --save-dir /mnt/mac/SATA_SSD_2T/000-Movie_SP/000-JAV/Jable_cnSUB/HMN-728 --save-name HMN-728-C --custom-proxy http://10.10.10.88:7890

04:19:02.623 INFO : N_m3u8DL-RE (Beta version) 20241203
04:19:02.632 EXTRA: ffmpeg => /usr/bin/ffmpeg
04:19:02.632 INFO : Loading URL: https://surrit.com/d1424eb1-4125-45ac-a2db-04f49bb05b0f/720p/video.m3u8
04:19:03.683 INFO : Content Matched: HTTP Live Streaming
04:19:03.683 INFO : Parsing streams...
04:19:03.701 WARN : Writing meta json
04:19:03.726 INFO : Extracted, there are 1 streams, with 1 basic streams, 0 audio streams, 0 subtitle streams
04:19:03.727 INFO : Vid Kbps | 1902 Segments | ~02h06m45s
04:19:03.732 INFO : Selected streams:
04:19:03.732 INFO : Vid Kbps | 1902 Segments | ~02h06m45s
04:19:03.733 WARN : Writing meta json
04:19:03.755 INFO : Save Name: HMN-728-C
04:19:03.759 INFO : Start downloading...Vid Kbps
04:19:05.300 WARN : Reading media info...
04:19:05.357 INFO : [0x100]: Video, h264 (High) ([27][0][0][0]), 1280x720, 29.97 fps
04:19:05.357 INFO : [0x101]: Audio, aac (LC) ([15][0][0][0]), 246 kb/s
04:20:35.230 INFO : ffmpeg merging...
04:20:35.231 WARN : Segments more than 1800, start partial merge...
04:21:38.928 INFO : Done
