LOG 2025/09/17
Save Path: /home/super/DockerData/Movie_SP/tools/m3u8_Downloader/Logs
Task Start: 2025/09/17 11:04:48
Task CommandLine: /home/super/DockerData/Movie_SP/tools/m3u8_Downloader/N_m3u8DL-RE https://surrit.com/6ec26baa-4564-4eba-adaa-7485656e00e9/720p/video.m3u8 --auto-select True --thread-count 32 --tmp-dir /mnt/mac/SATA_SSD_2T/000-Movie_SP/000-Movie_SP_tmp/N_m3u8DL_RE/WAAA-576 --save-dir /mnt/mac/SATA_SSD_2T/000-Movie_SP/000-JAV/白峰美羽/WAAA-576 --save-name WAAA-576-C --custom-proxy http://10.10.10.88:7890

11:04:48.676 INFO : N_m3u8DL-RE (Beta version) 20241203
11:04:48.686 EXTRA: ffmpeg => /usr/bin/ffmpeg
11:04:48.686 INFO : Loading URL: https://surrit.com/6ec26baa-4564-4eba-adaa-7485656e00e9/720p/video.m3u8
11:04:50.289 INFO : Content Matched: HTTP Live Streaming
11:04:50.290 INFO : Parsing streams...
11:04:50.309 WARN : Writing meta json
11:04:50.336 INFO : Extracted, there are 1 streams, with 1 basic streams, 0 audio streams, 0 subtitle streams
11:04:50.336 INFO : Vid Kbps | 1850 Segments | ~02h03m17s
11:04:50.343 INFO : Selected streams:
11:04:50.343 INFO : Vid Kbps | 1850 Segments | ~02h03m17s
11:04:50.343 WARN : Writing meta json
11:04:50.366 INFO : Save Name: WAAA-576-C
11:04:50.372 INFO : Start downloading...Vid Kbps
11:04:51.987 WARN : Reading media info...
11:04:52.052 INFO : [0x100]: Video, h264 (High) ([27][0][0][0]), 1280x720, 29.97 fps
11:04:52.052 INFO : [0x101]: Audio, aac (LC) ([15][0][0][0]), 8 kb/s
11:08:59.662 INFO : ffmpeg merging...
11:08:59.663 WARN : Segments more than 1800, start partial merge...
11:10:03.531 INFO : Done
