LOG 2025/09/18
Save Path: /home/super/DockerData/Movie_SP/tools/m3u8_Downloader/Logs
Task Start: 2025/09/18 03:55:20
Task CommandLine: /home/super/DockerData/Movie_SP/tools/m3u8_Downloader/N_m3u8DL-RE https://hot-box-gen.mushroomtrack.com/hls/-KOaENEB-fSIPxdBCxQihg/1758149719/52000/52770/52770.m3u8 --auto-select True --thread-count 32 --tmp-dir /mnt/mac/SATA_SSD_2T/000-Movie_SP/000-Movie_SP_tmp/N_m3u8DL_RE/IPZZ-669 --save-dir /mnt/mac/SATA_SSD_2T/000-Movie_SP/000-JAV/Jable_cnSUB/IPZZ-669 --save-name IPZZ-669-C --custom-proxy http://10.10.10.88:7890

03:55:20.584 INFO : N_m3u8DL-RE (Beta version) 20241203
03:55:20.594 EXTRA: ffmpeg => /usr/bin/ffmpeg
03:55:20.594 INFO : Loading URL: https://hot-box-gen.mushroomtrack.com/hls/-KOaENEB-fSIPxdBCxQihg/1758149719/52000/52770/52770.m3u8
03:55:23.580 INFO : Content Matched: HTTP Live Streaming
03:55:23.580 INFO : Parsing streams...
03:55:24.561 WARN : Writing meta json
03:55:24.598 INFO : Extracted, there are 1 streams, with 1 basic streams, 0 audio streams, 0 subtitle streams
03:55:24.599 INFO : Vid *AES_128 Kbps | 2112 Segments | ~02h20m47s
03:55:24.605 INFO : Selected streams:
03:55:24.606 INFO : Vid *AES_128 Kbps | 2112 Segments | ~02h20m47s
03:55:24.606 WARN : Writing meta json
03:55:24.640 INFO : Save Name: IPZZ-669-C
03:55:24.646 INFO : Start downloading...Vid Kbps
03:55:25.670 WARN : Reading media info...
03:55:25.734 INFO : [0x100]: Video, h264 (High) ([27][0][0][0]), 1280x720, 29.97 fps
03:55:25.735 INFO : [0x101]: Audio, aac (LC) ([15][0][0][0]), 129 kb/s
03:57:13.437 INFO : ffmpeg merging...
03:57:13.438 WARN : Segments more than 1800, start partial merge...
03:58:28.228 INFO : Done
