LOG 2025/09/17
Save Path: /home/super/DockerData/Movie_SP/tools/m3u8_Downloader/Logs
Task Start: 2025/09/17 13:20:25
Task CommandLine: /home/super/DockerData/Movie_SP/tools/m3u8_Downloader/N_m3u8DL-RE https://masmao-toera.mushroomtrack.com/hls/nIMoXr9KMpSD5WLErpraig/1758097225/48000/48961/48961.m3u8 --auto-select True --thread-count 32 --tmp-dir /mnt/mac/SATA_SSD_2T/000-Movie_SP/000-Movie_SP_tmp/N_m3u8DL_RE/SAME-170 --save-dir /mnt/mac/SATA_SSD_2T/000-Movie_SP/000-JAV/白峰美羽/SAME-170 --save-name SAME-170 --custom-proxy http://10.10.10.88:7890

13:20:25.803 INFO : N_m3u8DL-RE (Beta version) 20241203
13:20:25.813 EXTRA: ffmpeg => /usr/bin/ffmpeg
13:20:25.813 INFO : Loading URL: https://masmao-toera.mushroomtrack.com/hls/nIMoXr9KMpSD5WLErpraig/1758097225/48000/48961/48961.m3u8
13:20:28.159 INFO : Content Matched: HTTP Live Streaming
13:20:28.159 INFO : Parsing streams...
13:20:28.606 WARN : Writing meta json
13:20:28.646 INFO : Extracted, there are 1 streams, with 1 basic streams, 0 audio streams, 0 subtitle streams
13:20:28.646 INFO : Vid *AES_128 Kbps | 1841 Segments | ~02h02m46s
13:20:28.653 INFO : Selected streams:
13:20:28.654 INFO : Vid *AES_128 Kbps | 1841 Segments | ~02h02m46s
13:20:28.654 WARN : Writing meta json
13:20:28.687 INFO : Save Name: SAME-170
13:20:28.693 INFO : Start downloading...Vid Kbps
13:20:29.391 WARN : Reading media info...
13:20:29.450 INFO : [0x100]: Video, h264 (High) ([27][0][0][0]), 1280x720, 29.97 fps
13:20:29.450 INFO : [0x101]: Audio, aac (LC) ([15][0][0][0]), 4 kb/s
13:21:43.814 EXTRA: Ah oh!
RetryCount => 3
Exception  => Received an unexpected EOF or 0 bytes from the transport stream.
Url        => https://masmao-toera.mushroomtrack.com/hls/nIMoXr9KMpSD5WLErpraig/1758097225/48000/48961/489611598.ts
13:21:43.815 EXTRA: Ah oh!
RetryCount => 3
Exception  => Received an unexpected EOF or 0 bytes from the transport stream.
Url        => https://masmao-toera.mushroomtrack.com/hls/nIMoXr9KMpSD5WLErpraig/1758097225/48000/48961/489611609.ts
13:21:43.815 EXTRA: Ah oh!
RetryCount => 3
Exception  => Received an unexpected EOF or 0 bytes from the transport stream.
Url        => https://masmao-toera.mushroomtrack.com/hls/nIMoXr9KMpSD5WLErpraig/1758097225/48000/48961/489611602.ts
13:21:43.816 EXTRA: Ah oh!
RetryCount => 3
Exception  => Received an unexpected EOF or 0 bytes from the transport stream.
Url        => https://masmao-toera.mushroomtrack.com/hls/nIMoXr9KMpSD5WLErpraig/1758097225/48000/48961/489611610.ts
13:21:43.817 EXTRA: Ah oh!
RetryCount => 3
Exception  => Received an unexpected EOF or 0 bytes from the transport stream.
Url        => https://masmao-toera.mushroomtrack.com/hls/nIMoXr9KMpSD5WLErpraig/1758097225/48000/48961/489611578.ts
13:21:43.819 EXTRA: Ah oh!
RetryCount => 3
Exception  => Received an unexpected EOF or 0 bytes from the transport stream.
Url        => https://masmao-toera.mushroomtrack.com/hls/nIMoXr9KMpSD5WLErpraig/1758097225/48000/48961/489611601.ts
13:21:43.819 EXTRA: Ah oh!
RetryCount => 3
Exception  => Received an unexpected EOF or 0 bytes from the transport stream.
Url        => https://masmao-toera.mushroomtrack.com/hls/nIMoXr9KMpSD5WLErpraig/1758097225/48000/48961/489611607.ts
13:21:43.832 EXTRA: Ah oh!
RetryCount => 3
Exception  => Received an unexpected EOF or 0 bytes from the transport stream.
Url        => https://masmao-toera.mushroomtrack.com/hls/nIMoXr9KMpSD5WLErpraig/1758097225/48000/48961/489611612.ts
13:21:43.832 EXTRA: Ah oh!
RetryCount => 3
Exception  => Received an unexpected EOF or 0 bytes from the transport stream.
Url        => https://masmao-toera.mushroomtrack.com/hls/nIMoXr9KMpSD5WLErpraig/1758097225/48000/48961/489611608.ts
13:21:43.842 EXTRA: Ah oh!
RetryCount => 3
Exception  => Received an unexpected EOF or 0 bytes from the transport stream.
Url        => https://masmao-toera.mushroomtrack.com/hls/nIMoXr9KMpSD5WLErpraig/1758097225/48000/48961/489611611.ts
13:21:43.887 EXTRA: Ah oh!
RetryCount => 3
Exception  => Received an unexpected EOF or 0 bytes from the transport stream.
Url        => https://masmao-toera.mushroomtrack.com/hls/nIMoXr9KMpSD5WLErpraig/1758097225/48000/48961/489611605.ts
13:21:43.982 EXTRA: Ah oh!
RetryCount => 3
Exception  => Received an unexpected EOF or 0 bytes from the transport stream.
Url        => https://masmao-toera.mushroomtrack.com/hls/nIMoXr9KMpSD5WLErpraig/1758097225/48000/48961/489611606.ts
13:21:44.038 EXTRA: Ah oh!
RetryCount => 3
Exception  => Received an unexpected EOF or 0 bytes from the transport stream.
Url        => https://masmao-toera.mushroomtrack.com/hls/nIMoXr9KMpSD5WLErpraig/1758097225/48000/48961/489611604.ts
13:22:47.729 EXTRA: Ah oh!
RetryCount => 2
Exception  => Received an unexpected EOF or 0 bytes from the transport stream.
Url        => https://masmao-toera.mushroomtrack.com/hls/nIMoXr9KMpSD5WLErpraig/1758097225/48000/48961/489611611.ts
13:22:52.235 EXTRA: Ah oh!
RetryCount => 2
Exception  => Received an unexpected EOF or 0 bytes from the transport stream.
Url        => https://masmao-toera.mushroomtrack.com/hls/nIMoXr9KMpSD5WLErpraig/1758097225/48000/48961/489611604.ts
13:22:52.384 EXTRA: Ah oh!
RetryCount => 3
Exception  => Received an unexpected EOF or 0 bytes from the transport stream.
Url        => https://masmao-toera.mushroomtrack.com/hls/nIMoXr9KMpSD5WLErpraig/1758097225/48000/48961/489611616.ts
13:22:53.996 EXTRA: Ah oh!
RetryCount => 3
Exception  => Received an unexpected EOF or 0 bytes from the transport stream.
Url        => https://masmao-toera.mushroomtrack.com/hls/nIMoXr9KMpSD5WLErpraig/1758097225/48000/48961/489611617.ts
13:22:54.353 EXTRA: Ah oh!
RetryCount => 3
Exception  => Received an unexpected EOF or 0 bytes from the transport stream.
Url        => https://masmao-toera.mushroomtrack.com/hls/nIMoXr9KMpSD5WLErpraig/1758097225/48000/48961/489611628.ts
13:22:55.204 EXTRA: Ah oh!
RetryCount => 2
Exception  => Received an unexpected EOF or 0 bytes from the transport stream.
Url        => https://masmao-toera.mushroomtrack.com/hls/nIMoXr9KMpSD5WLErpraig/1758097225/48000/48961/489611605.ts
13:22:57.436 EXTRA: Ah oh!
RetryCount => 2
Exception  => Received an unexpected EOF or 0 bytes from the transport stream.
Url        => https://masmao-toera.mushroomtrack.com/hls/nIMoXr9KMpSD5WLErpraig/1758097225/48000/48961/489611602.ts
13:22:58.237 EXTRA: Ah oh!
RetryCount => 1
Exception  => The SSL connection could not be established, see inner exception.
Url        => https://masmao-toera.mushroomtrack.com/hls/nIMoXr9KMpSD5WLErpraig/1758097225/48000/48961/489611604.ts
13:23:04.903 EXTRA: Ah oh!
RetryCount => 3
Exception  => Received an unexpected EOF or 0 bytes from the transport stream.
Url        => https://masmao-toera.mushroomtrack.com/hls/nIMoXr9KMpSD5WLErpraig/1758097225/48000/48961/489611631.ts
13:23:07.252 EXTRA: Ah oh!
RetryCount => 2
Exception  => Received an unexpected EOF or 0 bytes from the transport stream.
Url        => https://masmao-toera.mushroomtrack.com/hls/nIMoXr9KMpSD5WLErpraig/1758097225/48000/48961/489611610.ts
13:23:11.078 EXTRA: Ah oh!
RetryCount => 3
Exception  => Received an unexpected EOF or 0 bytes from the transport stream.
Url        => https://masmao-toera.mushroomtrack.com/hls/nIMoXr9KMpSD5WLErpraig/1758097225/48000/48961/489611627.ts
13:23:12.767 EXTRA: Ah oh!
RetryCount => 2
Exception  => Received an unexpected EOF or 0 bytes from the transport stream.
Url        => https://masmao-toera.mushroomtrack.com/hls/nIMoXr9KMpSD5WLErpraig/1758097225/48000/48961/489611598.ts
13:23:13.120 EXTRA: Ah oh!
RetryCount => 3
Exception  => Received an unexpected EOF or 0 bytes from the transport stream.
Url        => https://masmao-toera.mushroomtrack.com/hls/nIMoXr9KMpSD5WLErpraig/1758097225/48000/48961/489611625.ts
13:23:14.784 EXTRA: Ah oh!
RetryCount => 2
Exception  => Received an unexpected EOF or 0 bytes from the transport stream.
Url        => https://masmao-toera.mushroomtrack.com/hls/nIMoXr9KMpSD5WLErpraig/1758097225/48000/48961/489611578.ts
13:23:14.966 EXTRA: Ah oh!
RetryCount => 2
Exception  => Received an unexpected EOF or 0 bytes from the transport stream.
Url        => https://masmao-toera.mushroomtrack.com/hls/nIMoXr9KMpSD5WLErpraig/1758097225/48000/48961/489611612.ts
13:23:20.894 EXTRA: Ah oh!
RetryCount => 3
Exception  => Received an unexpected EOF or 0 bytes from the transport stream.
Url        => https://masmao-toera.mushroomtrack.com/hls/nIMoXr9KMpSD5WLErpraig/1758097225/48000/48961/489611614.ts
13:23:25.043 EXTRA: Ah oh!
RetryCount => 3
Exception  => Received an unexpected EOF or 0 bytes from the transport stream.
Url        => https://masmao-toera.mushroomtrack.com/hls/nIMoXr9KMpSD5WLErpraig/1758097225/48000/48961/489611622.ts
13:23:27.861 EXTRA: Ah oh!
RetryCount => 3
Exception  => Received an unexpected EOF or 0 bytes from the transport stream.
Url        => https://masmao-toera.mushroomtrack.com/hls/nIMoXr9KMpSD5WLErpraig/1758097225/48000/48961/489611615.ts
13:23:33.993 EXTRA: Ah oh!
RetryCount => 3
Exception  => Received an unexpected EOF or 0 bytes from the transport stream.
Url        => https://masmao-toera.mushroomtrack.com/hls/nIMoXr9KMpSD5WLErpraig/1758097225/48000/48961/489611626.ts
13:23:43.277 EXTRA: Ah oh!
RetryCount => 2
Exception  => Received an unexpected EOF or 0 bytes from the transport stream.
Url        => https://masmao-toera.mushroomtrack.com/hls/nIMoXr9KMpSD5WLErpraig/1758097225/48000/48961/489611606.ts
13:23:55.829 EXTRA: Ah oh!
RetryCount => 2
Exception  => Received an unexpected EOF or 0 bytes from the transport stream.
Url        => https://masmao-toera.mushroomtrack.com/hls/nIMoXr9KMpSD5WLErpraig/1758097225/48000/48961/489611609.ts
13:24:05.471 EXTRA: Ah oh!
RetryCount => 2
Exception  => Received an unexpected EOF or 0 bytes from the transport stream.
Url        => https://masmao-toera.mushroomtrack.com/hls/nIMoXr9KMpSD5WLErpraig/1758097225/48000/48961/489611607.ts
13:24:12.925 EXTRA: Ah oh!
RetryCount => 1
Exception  => Received an unexpected EOF or 0 bytes from the transport stream.
Url        => https://masmao-toera.mushroomtrack.com/hls/nIMoXr9KMpSD5WLErpraig/1758097225/48000/48961/489611602.ts
13:24:20.796 EXTRA: Ah oh!
RetryCount => 3
Exception  => Received an unexpected EOF or 0 bytes from the transport stream.
Url        => https://masmao-toera.mushroomtrack.com/hls/nIMoXr9KMpSD5WLErpraig/1758097225/48000/48961/489611619.ts
13:24:24.591 EXTRA: Ah oh!
RetryCount => 3
Exception  => Received an unexpected EOF or 0 bytes from the transport stream.
Url        => https://masmao-toera.mushroomtrack.com/hls/nIMoXr9KMpSD5WLErpraig/1758097225/48000/48961/489611620.ts
13:24:27.575 EXTRA: Ah oh!
RetryCount => 3
Exception  => Received an unexpected EOF or 0 bytes from the transport stream.
Url        => https://masmao-toera.mushroomtrack.com/hls/nIMoXr9KMpSD5WLErpraig/1758097225/48000/48961/489611621.ts
13:24:28.180 EXTRA: Ah oh!
RetryCount => 3
Exception  => Received an unexpected EOF or 0 bytes from the transport stream.
Url        => https://masmao-toera.mushroomtrack.com/hls/nIMoXr9KMpSD5WLErpraig/1758097225/48000/48961/489611624.ts
13:24:28.831 EXTRA: Ah oh!
RetryCount => 2
Exception  => Received an unexpected EOF or 0 bytes from the transport stream.
Url        => https://masmao-toera.mushroomtrack.com/hls/nIMoXr9KMpSD5WLErpraig/1758097225/48000/48961/489611608.ts
13:24:29.275 EXTRA: Ah oh!
RetryCount => 3
Exception  => Received an unexpected EOF or 0 bytes from the transport stream.
Url        => https://masmao-toera.mushroomtrack.com/hls/nIMoXr9KMpSD5WLErpraig/1758097225/48000/48961/489611629.ts
13:24:46.667 EXTRA: Ah oh!
RetryCount => 1
Exception  => Received an unexpected EOF or 0 bytes from the transport stream.
Url        => https://masmao-toera.mushroomtrack.com/hls/nIMoXr9KMpSD5WLErpraig/1758097225/48000/48961/489611610.ts
13:24:47.354 EXTRA: Ah oh!
RetryCount => 3
Exception  => Received an unexpected EOF or 0 bytes from the transport stream.
Url        => https://masmao-toera.mushroomtrack.com/hls/nIMoXr9KMpSD5WLErpraig/1758097225/48000/48961/489611630.ts
13:24:48.554 EXTRA: Ah oh!
RetryCount => 2
Exception  => Received an unexpected EOF or 0 bytes from the transport stream.
Url        => https://masmao-toera.mushroomtrack.com/hls/nIMoXr9KMpSD5WLErpraig/1758097225/48000/48961/489611615.ts
13:24:55.445 EXTRA: Ah oh!
RetryCount => 3
Exception  => Received an unexpected EOF or 0 bytes from the transport stream.
Url        => https://masmao-toera.mushroomtrack.com/hls/nIMoXr9KMpSD5WLErpraig/1758097225/48000/48961/489611623.ts
13:24:58.991 EXTRA: Ah oh!
RetryCount => 1
Exception  => Received an unexpected EOF or 0 bytes from the transport stream.
Url        => https://masmao-toera.mushroomtrack.com/hls/nIMoXr9KMpSD5WLErpraig/1758097225/48000/48961/489611598.ts
13:25:04.858 EXTRA: Ah oh!
RetryCount => 3
Exception  => The SSL connection could not be established, see inner exception.
Url        => https://masmao-toera.mushroomtrack.com/hls/nIMoXr9KMpSD5WLErpraig/1758097225/48000/48961/489611714.ts
13:25:04.994 EXTRA: Ah oh!
RetryCount => 3
Exception  => The SSL connection could not be established, see inner exception.
Url        => https://masmao-toera.mushroomtrack.com/hls/nIMoXr9KMpSD5WLErpraig/1758097225/48000/48961/489611715.ts
13:25:05.276 EXTRA: Ah oh!
RetryCount => 3
Exception  => Received an unexpected EOF or 0 bytes from the transport stream.
Url        => https://masmao-toera.mushroomtrack.com/hls/nIMoXr9KMpSD5WLErpraig/1758097225/48000/48961/489611613.ts
13:25:07.675 EXTRA: Ah oh!
RetryCount => 3
Exception  => The SSL connection could not be established, see inner exception.
Url        => https://masmao-toera.mushroomtrack.com/hls/nIMoXr9KMpSD5WLErpraig/1758097225/48000/48961/489611718.ts
13:25:10.780 EXTRA: Ah oh!
RetryCount => 2
Exception  => Received an unexpected EOF or 0 bytes from the transport stream.
Url        => https://masmao-toera.mushroomtrack.com/hls/nIMoXr9KMpSD5WLErpraig/1758097225/48000/48961/489611627.ts
13:25:19.579 EXTRA: Ah oh!
RetryCount => 2
Exception  => Received an unexpected EOF or 0 bytes from the transport stream.
Url        => https://masmao-toera.mushroomtrack.com/hls/nIMoXr9KMpSD5WLErpraig/1758097225/48000/48961/489611625.ts
13:25:22.495 EXTRA: Ah oh!
RetryCount => 1
Exception  => Received an unexpected EOF or 0 bytes from the transport stream.
Url        => https://masmao-toera.mushroomtrack.com/hls/nIMoXr9KMpSD5WLErpraig/1758097225/48000/48961/489611578.ts
13:25:25.835 EXTRA: Ah oh!
RetryCount => 1
Exception  => Received an unexpected EOF or 0 bytes from the transport stream.
Url        => https://masmao-toera.mushroomtrack.com/hls/nIMoXr9KMpSD5WLErpraig/1758097225/48000/48961/489611611.ts
13:25:28.475 EXTRA: Ah oh!
RetryCount => 1
Exception  => Received an unexpected EOF or 0 bytes from the transport stream.
Url        => https://masmao-toera.mushroomtrack.com/hls/nIMoXr9KMpSD5WLErpraig/1758097225/48000/48961/489611606.ts
13:26:53.112 EXTRA: Ah oh!
RetryCount => 0
Exception  => Received an unexpected EOF or 0 bytes from the transport stream.
Url        => https://masmao-toera.mushroomtrack.com/hls/nIMoXr9KMpSD5WLErpraig/1758097225/48000/48961/489611604.ts
13:26:53.112 EXTRA: The retry attempts have been exhausted and the download of this segment has failed.
Exception  => Received an unexpected EOF or 0 bytes from the transport stream.
Url        => https://masmao-toera.mushroomtrack.com/hls/nIMoXr9KMpSD5WLErpraig/1758097225/48000/48961/489611604.ts
13:26:53.112 WARN : Received an unexpected EOF or 0 bytes from the transport stream.
13:27:01.044 EXTRA: Ah oh!
RetryCount => 2
Exception  => Received an unexpected EOF or 0 bytes from the transport stream.
Url        => https://masmao-toera.mushroomtrack.com/hls/nIMoXr9KMpSD5WLErpraig/1758097225/48000/48961/489611622.ts
13:27:03.390 EXTRA: Ah oh!
RetryCount => 2
Exception  => Received an unexpected EOF or 0 bytes from the transport stream.
Url        => https://masmao-toera.mushroomtrack.com/hls/nIMoXr9KMpSD5WLErpraig/1758097225/48000/48961/489611617.ts
13:29:45.288 ERROR: Segment count check not pass, total: 1841, downloaded: 1840.
13:29:45.288 ERROR: Failed
