LOG 2025/09/18
Save Path: /home/super/DockerData/Movie_SP/tools/m3u8_Downloader/Logs
Task Start: 2025/09/18 04:23:23
Task CommandLine: /home/super/DockerData/Movie_SP/tools/m3u8_Downloader/N_m3u8DL-RE https://surrit.com/44628e2d-11b5-4c18-9b18-71ebf2b9ab96/720p/video.m3u8 --auto-select True --thread-count 32 --tmp-dir /mnt/mac/SATA_SSD_2T/000-Movie_SP/000-Movie_SP_tmp/N_m3u8DL_RE/SONE-839 --save-dir /mnt/mac/SATA_SSD_2T/000-Movie_SP/000-JAV/Jable_cnSUB/SONE-839 --save-name SONE-839-C --custom-proxy http://10.10.10.88:7890

04:23:23.536 INFO : N_m3u8DL-RE (Beta version) 20241203
04:23:23.545 EXTRA: ffmpeg => /usr/bin/ffmpeg
04:23:23.545 INFO : Loading URL: https://surrit.com/44628e2d-11b5-4c18-9b18-71ebf2b9ab96/720p/video.m3u8
04:23:24.577 INFO : Content Matched: HTTP Live Streaming
04:23:24.577 INFO : Parsing streams...
04:23:24.595 WARN : Writing meta json
04:23:24.624 INFO : Extracted, there are 1 streams, with 1 basic streams, 0 audio streams, 0 subtitle streams
04:23:24.624 INFO : Vid Kbps | 2046 Segments | ~02h16m23s
04:23:24.631 INFO : Selected streams:
04:23:24.631 INFO : Vid Kbps | 2046 Segments | ~02h16m23s
04:23:24.631 WARN : Writing meta json
04:23:24.655 INFO : Save Name: SONE-839-C
04:23:24.660 INFO : Start downloading...Vid Kbps
04:23:25.674 WARN : Reading media info...
04:23:25.729 INFO : [0x100]: Video, h264 (High) ([27][0][0][0]), 1280x720, 59.94 fps
04:23:25.729 INFO : [0x101]: Audio, aac (LC) ([15][0][0][0]), 4 kb/s
04:24:33.922 INFO : ffmpeg merging...
04:24:33.923 WARN : Segments more than 1800, start partial merge...
04:26:24.108 INFO : Done
