LOG 2025/09/17
Save Path: /home/super/DockerData/Movie_SP/tools/m3u8_Downloader/Logs
Task Start: 2025/09/17 13:17:39
Task CommandLine: /home/super/DockerData/Movie_SP/tools/m3u8_Downloader/N_m3u8DL-RE https://surrit.com/09846c0f-06e5-4827-a015-6410b057e11c/720p/video.m3u8 --auto-select True --thread-count 32 --tmp-dir /mnt/mac/SATA_SSD_2T/000-Movie_SP/000-Movie_SP_tmp/N_m3u8DL_RE/ADN-687 --save-dir /mnt/mac/SATA_SSD_2T/000-Movie_SP/000-JAV/白峰美羽/ADN-687 --save-name ADN-687 --custom-proxy http://10.10.10.88:7890

13:17:39.391 INFO : N_m3u8DL-RE (Beta version) 20241203
13:17:39.400 EXTRA: ffmpeg => /usr/bin/ffmpeg
13:17:39.401 INFO : Loading URL: https://surrit.com/09846c0f-06e5-4827-a015-6410b057e11c/720p/video.m3u8
13:17:40.237 INFO : Content Matched: HTTP Live Streaming
13:17:40.237 INFO : Parsing streams...
13:17:40.255 WARN : Writing meta json
13:17:40.282 INFO : Extracted, there are 1 streams, with 1 basic streams, 0 audio streams, 0 subtitle streams
13:17:40.282 INFO : Vid Kbps | 1819 Segments | ~02h01m13s
13:17:40.288 INFO : Selected streams:
13:17:40.288 INFO : Vid Kbps | 1819 Segments | ~02h01m13s
13:17:40.288 WARN : Writing meta json
13:17:40.310 INFO : Save Name: ADN-687
13:17:40.314 INFO : Start downloading...Vid Kbps
13:17:40.996 WARN : Reading media info...
13:17:41.055 INFO : [0x100]: Video, h264 (High) ([27][0][0][0]), 1280x720, 29.97 fps
13:17:41.055 INFO : [0x101]: Audio, aac (LC) ([15][0][0][0]), 4 kb/s
13:19:16.425 INFO : ffmpeg merging...
13:19:16.426 WARN : Segments more than 1800, start partial merge...
13:20:21.214 INFO : Done
