LOG 2025/09/18
Save Path: /home/super/DockerData/Movie_SP/tools/m3u8_Downloader/Logs
Task Start: 2025/09/18 03:47:08
Task CommandLine: /home/super/DockerData/Movie_SP/tools/m3u8_Downloader/N_m3u8DL-RE https://adoda-smart-coin.mushroomtrack.com/hls/cFPIPG3VKA6g5h7SJjQ0aw/1758149227/52000/52772/52772.m3u8 --auto-select True --thread-count 32 --tmp-dir /mnt/mac/SATA_SSD_2T/000-Movie_SP/000-Movie_SP_tmp/N_m3u8DL_RE/IPZZ-693 --save-dir /mnt/mac/SATA_SSD_2T/000-Movie_SP/000-JAV/Jable_cnSUB/IPZZ-693 --save-name IPZZ-693-C --custom-proxy http://10.10.10.88:7890

03:47:08.577 INFO : N_m3u8DL-RE (Beta version) 20241203
03:47:08.587 EXTRA: ffmpeg => /usr/bin/ffmpeg
03:47:08.587 INFO : Loading URL: https://adoda-smart-coin.mushroomtrack.com/hls/cFPIPG3VKA6g5h7SJjQ0aw/1758149227/52000/52772/52772.m3u8
03:47:11.655 INFO : Content Matched: HTTP Live Streaming
03:47:11.655 INFO : Parsing streams...
03:47:12.024 WARN : Writing meta json
03:47:12.057 INFO : Extracted, there are 1 streams, with 1 basic streams, 0 audio streams, 0 subtitle streams
03:47:12.057 INFO : Vid *AES_128 Kbps | 1677 Segments | ~01h51m50s
03:47:12.064 INFO : Selected streams:
03:47:12.064 INFO : Vid *AES_128 Kbps | 1677 Segments | ~01h51m50s
03:47:12.064 WARN : Writing meta json
03:47:12.092 INFO : Save Name: IPZZ-693-C
03:47:12.098 INFO : Start downloading...Vid Kbps
03:47:13.565 WARN : Reading media info...
03:47:13.622 INFO : [0x100]: Video, h264 (High) ([27][0][0][0]), 1280x720, 29.97 fps
03:47:13.622 INFO : [0x101]: Audio, aac (LC) ([15][0][0][0]), 130 kb/s
03:47:18.646 EXTRA: Ah oh!
RetryCount => 3
Exception  => The SSL connection could not be established, see inner exception.
Url        => https://adoda-smart-coin.mushroomtrack.com/hls/cFPIPG3VKA6g5h7SJjQ0aw/1758149227/52000/52772/5277212.ts
03:47:18.647 EXTRA: Ah oh!
RetryCount => 3
Exception  => The SSL connection could not be established, see inner exception.
Url        => https://adoda-smart-coin.mushroomtrack.com/hls/cFPIPG3VKA6g5h7SJjQ0aw/1758149227/52000/52772/527729.ts
03:47:18.649 EXTRA: Ah oh!
RetryCount => 3
Exception  => The SSL connection could not be established, see inner exception.
Url        => https://adoda-smart-coin.mushroomtrack.com/hls/cFPIPG3VKA6g5h7SJjQ0aw/1758149227/52000/52772/5277211.ts
03:47:18.649 EXTRA: Ah oh!
RetryCount => 3
Exception  => The SSL connection could not be established, see inner exception.
Url        => https://adoda-smart-coin.mushroomtrack.com/hls/cFPIPG3VKA6g5h7SJjQ0aw/1758149227/52000/52772/5277222.ts
03:47:18.649 EXTRA: Ah oh!
RetryCount => 3
Exception  => The SSL connection could not be established, see inner exception.
Url        => https://adoda-smart-coin.mushroomtrack.com/hls/cFPIPG3VKA6g5h7SJjQ0aw/1758149227/52000/52772/5277219.ts
03:47:18.654 EXTRA: Ah oh!
RetryCount => 3
Exception  => The SSL connection could not be established, see inner exception.
Url        => https://adoda-smart-coin.mushroomtrack.com/hls/cFPIPG3VKA6g5h7SJjQ0aw/1758149227/52000/52772/5277218.ts
03:47:18.655 EXTRA: Ah oh!
RetryCount => 3
Exception  => The SSL connection could not be established, see inner exception.
Url        => https://adoda-smart-coin.mushroomtrack.com/hls/cFPIPG3VKA6g5h7SJjQ0aw/1758149227/52000/52772/5277229.ts
03:47:18.655 EXTRA: Ah oh!
RetryCount => 3
Exception  => The SSL connection could not be established, see inner exception.
Url        => https://adoda-smart-coin.mushroomtrack.com/hls/cFPIPG3VKA6g5h7SJjQ0aw/1758149227/52000/52772/5277221.ts
03:47:18.655 EXTRA: Ah oh!
RetryCount => 3
Exception  => The SSL connection could not be established, see inner exception.
Url        => https://adoda-smart-coin.mushroomtrack.com/hls/cFPIPG3VKA6g5h7SJjQ0aw/1758149227/52000/52772/5277220.ts
03:47:18.655 EXTRA: Ah oh!
RetryCount => 3
Exception  => The SSL connection could not be established, see inner exception.
Url        => https://adoda-smart-coin.mushroomtrack.com/hls/cFPIPG3VKA6g5h7SJjQ0aw/1758149227/52000/52772/5277217.ts
03:47:18.655 EXTRA: Ah oh!
RetryCount => 3
Exception  => The SSL connection could not be established, see inner exception.
Url        => https://adoda-smart-coin.mushroomtrack.com/hls/cFPIPG3VKA6g5h7SJjQ0aw/1758149227/52000/52772/5277223.ts
03:47:18.656 EXTRA: Ah oh!
RetryCount => 3
Exception  => The SSL connection could not be established, see inner exception.
Url        => https://adoda-smart-coin.mushroomtrack.com/hls/cFPIPG3VKA6g5h7SJjQ0aw/1758149227/52000/52772/5277214.ts
03:47:18.656 EXTRA: Ah oh!
RetryCount => 3
Exception  => The SSL connection could not be established, see inner exception.
Url        => https://adoda-smart-coin.mushroomtrack.com/hls/cFPIPG3VKA6g5h7SJjQ0aw/1758149227/52000/52772/5277226.ts
03:47:18.656 EXTRA: Ah oh!
RetryCount => 3
Exception  => The SSL connection could not be established, see inner exception.
Url        => https://adoda-smart-coin.mushroomtrack.com/hls/cFPIPG3VKA6g5h7SJjQ0aw/1758149227/52000/52772/5277228.ts
03:47:18.655 EXTRA: Ah oh!
RetryCount => 3
Exception  => The SSL connection could not be established, see inner exception.
Url        => https://adoda-smart-coin.mushroomtrack.com/hls/cFPIPG3VKA6g5h7SJjQ0aw/1758149227/52000/52772/5277227.ts
03:47:18.657 EXTRA: Ah oh!
RetryCount => 3
Exception  => The SSL connection could not be established, see inner exception.
Url        => https://adoda-smart-coin.mushroomtrack.com/hls/cFPIPG3VKA6g5h7SJjQ0aw/1758149227/52000/52772/5277224.ts
03:47:18.657 EXTRA: Ah oh!
RetryCount => 3
Exception  => The SSL connection could not be established, see inner exception.
Url        => https://adoda-smart-coin.mushroomtrack.com/hls/cFPIPG3VKA6g5h7SJjQ0aw/1758149227/52000/52772/5277213.ts
03:47:18.658 EXTRA: Ah oh!
RetryCount => 3
Exception  => The SSL connection could not be established, see inner exception.
Url        => https://adoda-smart-coin.mushroomtrack.com/hls/cFPIPG3VKA6g5h7SJjQ0aw/1758149227/52000/52772/5277216.ts
03:47:18.658 EXTRA: Ah oh!
RetryCount => 3
Exception  => The SSL connection could not be established, see inner exception.
Url        => https://adoda-smart-coin.mushroomtrack.com/hls/cFPIPG3VKA6g5h7SJjQ0aw/1758149227/52000/52772/5277215.ts
03:47:18.658 EXTRA: Ah oh!
RetryCount => 3
Exception  => The SSL connection could not be established, see inner exception.
Url        => https://adoda-smart-coin.mushroomtrack.com/hls/cFPIPG3VKA6g5h7SJjQ0aw/1758149227/52000/52772/5277230.ts
03:47:18.658 EXTRA: Ah oh!
RetryCount => 3
Exception  => The SSL connection could not be established, see inner exception.
Url        => https://adoda-smart-coin.mushroomtrack.com/hls/cFPIPG3VKA6g5h7SJjQ0aw/1758149227/52000/52772/5277232.ts
03:47:18.659 EXTRA: Ah oh!
RetryCount => 3
Exception  => The SSL connection could not be established, see inner exception.
Url        => https://adoda-smart-coin.mushroomtrack.com/hls/cFPIPG3VKA6g5h7SJjQ0aw/1758149227/52000/52772/5277231.ts
03:47:18.659 EXTRA: Ah oh!
RetryCount => 3
Exception  => The SSL connection could not be established, see inner exception.
Url        => https://adoda-smart-coin.mushroomtrack.com/hls/cFPIPG3VKA6g5h7SJjQ0aw/1758149227/52000/52772/5277210.ts
03:47:18.659 EXTRA: Ah oh!
RetryCount => 3
Exception  => The SSL connection could not be established, see inner exception.
Url        => https://adoda-smart-coin.mushroomtrack.com/hls/cFPIPG3VKA6g5h7SJjQ0aw/1758149227/52000/52772/5277225.ts
03:47:24.653 EXTRA: Ah oh!
RetryCount => 2
Exception  => The SSL connection could not be established, see inner exception.
Url        => https://adoda-smart-coin.mushroomtrack.com/hls/cFPIPG3VKA6g5h7SJjQ0aw/1758149227/52000/52772/5277212.ts
03:47:24.653 EXTRA: Ah oh!
RetryCount => 2
Exception  => The SSL connection could not be established, see inner exception.
Url        => https://adoda-smart-coin.mushroomtrack.com/hls/cFPIPG3VKA6g5h7SJjQ0aw/1758149227/52000/52772/527729.ts
03:47:24.656 EXTRA: Ah oh!
RetryCount => 2
Exception  => The SSL connection could not be established, see inner exception.
Url        => https://adoda-smart-coin.mushroomtrack.com/hls/cFPIPG3VKA6g5h7SJjQ0aw/1758149227/52000/52772/5277222.ts
03:47:24.658 EXTRA: Ah oh!
RetryCount => 2
Exception  => The SSL connection could not be established, see inner exception.
Url        => https://adoda-smart-coin.mushroomtrack.com/hls/cFPIPG3VKA6g5h7SJjQ0aw/1758149227/52000/52772/5277211.ts
03:47:24.666 EXTRA: Ah oh!
RetryCount => 2
Exception  => The SSL connection could not be established, see inner exception.
Url        => https://adoda-smart-coin.mushroomtrack.com/hls/cFPIPG3VKA6g5h7SJjQ0aw/1758149227/52000/52772/5277229.ts
03:47:24.666 EXTRA: Ah oh!
RetryCount => 2
Exception  => The SSL connection could not be established, see inner exception.
Url        => https://adoda-smart-coin.mushroomtrack.com/hls/cFPIPG3VKA6g5h7SJjQ0aw/1758149227/52000/52772/5277219.ts
03:47:24.666 EXTRA: Ah oh!
RetryCount => 2
Exception  => The SSL connection could not be established, see inner exception.
Url        => https://adoda-smart-coin.mushroomtrack.com/hls/cFPIPG3VKA6g5h7SJjQ0aw/1758149227/52000/52772/5277217.ts
03:47:24.666 EXTRA: Ah oh!
RetryCount => 2
Exception  => The SSL connection could not be established, see inner exception.
Url        => https://adoda-smart-coin.mushroomtrack.com/hls/cFPIPG3VKA6g5h7SJjQ0aw/1758149227/52000/52772/5277221.ts
03:47:24.666 EXTRA: Ah oh!
RetryCount => 2
Exception  => The SSL connection could not be established, see inner exception.
Url        => https://adoda-smart-coin.mushroomtrack.com/hls/cFPIPG3VKA6g5h7SJjQ0aw/1758149227/52000/52772/5277218.ts
03:47:24.672 EXTRA: Ah oh!
RetryCount => 2
Exception  => The SSL connection could not be established, see inner exception.
Url        => https://adoda-smart-coin.mushroomtrack.com/hls/cFPIPG3VKA6g5h7SJjQ0aw/1758149227/52000/52772/5277226.ts
03:47:24.672 EXTRA: Ah oh!
RetryCount => 2
Exception  => The SSL connection could not be established, see inner exception.
Url        => https://adoda-smart-coin.mushroomtrack.com/hls/cFPIPG3VKA6g5h7SJjQ0aw/1758149227/52000/52772/5277228.ts
03:47:24.672 EXTRA: Ah oh!
RetryCount => 2
Exception  => The SSL connection could not be established, see inner exception.
Url        => https://adoda-smart-coin.mushroomtrack.com/hls/cFPIPG3VKA6g5h7SJjQ0aw/1758149227/52000/52772/5277227.ts
03:47:24.673 EXTRA: Ah oh!
RetryCount => 2
Exception  => The SSL connection could not be established, see inner exception.
Url        => https://adoda-smart-coin.mushroomtrack.com/hls/cFPIPG3VKA6g5h7SJjQ0aw/1758149227/52000/52772/5277216.ts
03:47:24.673 EXTRA: Ah oh!
RetryCount => 2
Exception  => The SSL connection could not be established, see inner exception.
Url        => https://adoda-smart-coin.mushroomtrack.com/hls/cFPIPG3VKA6g5h7SJjQ0aw/1758149227/52000/52772/5277220.ts
03:47:24.672 EXTRA: Ah oh!
RetryCount => 2
Exception  => The SSL connection could not be established, see inner exception.
Url        => https://adoda-smart-coin.mushroomtrack.com/hls/cFPIPG3VKA6g5h7SJjQ0aw/1758149227/52000/52772/5277215.ts
03:47:24.672 EXTRA: Ah oh!
RetryCount => 2
Exception  => The SSL connection could not be established, see inner exception.
Url        => https://adoda-smart-coin.mushroomtrack.com/hls/cFPIPG3VKA6g5h7SJjQ0aw/1758149227/52000/52772/5277225.ts
03:47:24.673 EXTRA: Ah oh!
RetryCount => 2
Exception  => The SSL connection could not be established, see inner exception.
Url        => https://adoda-smart-coin.mushroomtrack.com/hls/cFPIPG3VKA6g5h7SJjQ0aw/1758149227/52000/52772/5277214.ts
03:47:24.673 EXTRA: Ah oh!
RetryCount => 2
Exception  => The SSL connection could not be established, see inner exception.
Url        => https://adoda-smart-coin.mushroomtrack.com/hls/cFPIPG3VKA6g5h7SJjQ0aw/1758149227/52000/52772/5277213.ts
03:47:24.677 EXTRA: Ah oh!
RetryCount => 2
Exception  => The SSL connection could not be established, see inner exception.
Url        => https://adoda-smart-coin.mushroomtrack.com/hls/cFPIPG3VKA6g5h7SJjQ0aw/1758149227/52000/52772/5277232.ts
03:47:24.677 EXTRA: Ah oh!
RetryCount => 2
Exception  => The SSL connection could not be established, see inner exception.
Url        => https://adoda-smart-coin.mushroomtrack.com/hls/cFPIPG3VKA6g5h7SJjQ0aw/1758149227/52000/52772/5277223.ts
03:47:24.677 EXTRA: Ah oh!
RetryCount => 2
Exception  => The SSL connection could not be established, see inner exception.
Url        => https://adoda-smart-coin.mushroomtrack.com/hls/cFPIPG3VKA6g5h7SJjQ0aw/1758149227/52000/52772/5277231.ts
03:47:24.677 EXTRA: Ah oh!
RetryCount => 2
Exception  => The SSL connection could not be established, see inner exception.
Url        => https://adoda-smart-coin.mushroomtrack.com/hls/cFPIPG3VKA6g5h7SJjQ0aw/1758149227/52000/52772/5277224.ts
03:47:29.653 EXTRA: Ah oh!
RetryCount => 3
Exception  => The SSL connection could not be established, see inner exception.
Url        => https://adoda-smart-coin.mushroomtrack.com/hls/cFPIPG3VKA6g5h7SJjQ0aw/1758149227/52000/52772/5277248.ts
03:47:30.660 EXTRA: Ah oh!
RetryCount => 1
Exception  => The SSL connection could not be established, see inner exception.
Url        => https://adoda-smart-coin.mushroomtrack.com/hls/cFPIPG3VKA6g5h7SJjQ0aw/1758149227/52000/52772/5277212.ts
03:47:30.663 EXTRA: Ah oh!
RetryCount => 1
Exception  => The SSL connection could not be established, see inner exception.
Url        => https://adoda-smart-coin.mushroomtrack.com/hls/cFPIPG3VKA6g5h7SJjQ0aw/1758149227/52000/52772/527729.ts
03:47:30.670 EXTRA: Ah oh!
RetryCount => 1
Exception  => The SSL connection could not be established, see inner exception.
Url        => https://adoda-smart-coin.mushroomtrack.com/hls/cFPIPG3VKA6g5h7SJjQ0aw/1758149227/52000/52772/5277222.ts
03:47:30.670 EXTRA: Ah oh!
RetryCount => 1
Exception  => The SSL connection could not be established, see inner exception.
Url        => https://adoda-smart-coin.mushroomtrack.com/hls/cFPIPG3VKA6g5h7SJjQ0aw/1758149227/52000/52772/5277211.ts
03:47:30.671 EXTRA: Ah oh!
RetryCount => 1
Exception  => The SSL connection could not be established, see inner exception.
Url        => https://adoda-smart-coin.mushroomtrack.com/hls/cFPIPG3VKA6g5h7SJjQ0aw/1758149227/52000/52772/5277221.ts
03:47:30.673 EXTRA: Ah oh!
RetryCount => 1
Exception  => The SSL connection could not be established, see inner exception.
Url        => https://adoda-smart-coin.mushroomtrack.com/hls/cFPIPG3VKA6g5h7SJjQ0aw/1758149227/52000/52772/5277229.ts
03:47:30.673 EXTRA: Ah oh!
RetryCount => 1
Exception  => The SSL connection could not be established, see inner exception.
Url        => https://adoda-smart-coin.mushroomtrack.com/hls/cFPIPG3VKA6g5h7SJjQ0aw/1758149227/52000/52772/5277219.ts
03:47:30.682 EXTRA: Ah oh!
RetryCount => 1
Exception  => The SSL connection could not be established, see inner exception.
Url        => https://adoda-smart-coin.mushroomtrack.com/hls/cFPIPG3VKA6g5h7SJjQ0aw/1758149227/52000/52772/5277213.ts
03:47:30.682 EXTRA: Ah oh!
RetryCount => 1
Exception  => The SSL connection could not be established, see inner exception.
Url        => https://adoda-smart-coin.mushroomtrack.com/hls/cFPIPG3VKA6g5h7SJjQ0aw/1758149227/52000/52772/5277226.ts
03:47:30.682 EXTRA: Ah oh!
RetryCount => 1
Exception  => The SSL connection could not be established, see inner exception.
Url        => https://adoda-smart-coin.mushroomtrack.com/hls/cFPIPG3VKA6g5h7SJjQ0aw/1758149227/52000/52772/5277227.ts
03:47:30.682 EXTRA: Ah oh!
RetryCount => 1
Exception  => The SSL connection could not be established, see inner exception.
Url        => https://adoda-smart-coin.mushroomtrack.com/hls/cFPIPG3VKA6g5h7SJjQ0aw/1758149227/52000/52772/5277217.ts
03:47:30.682 EXTRA: Ah oh!
RetryCount => 1
Exception  => The SSL connection could not be established, see inner exception.
Url        => https://adoda-smart-coin.mushroomtrack.com/hls/cFPIPG3VKA6g5h7SJjQ0aw/1758149227/52000/52772/5277216.ts
03:47:30.682 EXTRA: Ah oh!
RetryCount => 1
Exception  => The SSL connection could not be established, see inner exception.
Url        => https://adoda-smart-coin.mushroomtrack.com/hls/cFPIPG3VKA6g5h7SJjQ0aw/1758149227/52000/52772/5277228.ts
03:47:30.682 EXTRA: Ah oh!
RetryCount => 1
Exception  => The SSL connection could not be established, see inner exception.
Url        => https://adoda-smart-coin.mushroomtrack.com/hls/cFPIPG3VKA6g5h7SJjQ0aw/1758149227/52000/52772/5277220.ts
03:47:30.682 EXTRA: Ah oh!
RetryCount => 1
Exception  => The SSL connection could not be established, see inner exception.
Url        => https://adoda-smart-coin.mushroomtrack.com/hls/cFPIPG3VKA6g5h7SJjQ0aw/1758149227/52000/52772/5277218.ts
03:47:30.685 EXTRA: Ah oh!
RetryCount => 1
Exception  => The SSL connection could not be established, see inner exception.
Url        => https://adoda-smart-coin.mushroomtrack.com/hls/cFPIPG3VKA6g5h7SJjQ0aw/1758149227/52000/52772/5277214.ts
03:47:30.685 EXTRA: Ah oh!
RetryCount => 1
Exception  => The SSL connection could not be established, see inner exception.
Url        => https://adoda-smart-coin.mushroomtrack.com/hls/cFPIPG3VKA6g5h7SJjQ0aw/1758149227/52000/52772/5277225.ts
03:47:30.685 EXTRA: Ah oh!
RetryCount => 1
Exception  => The SSL connection could not be established, see inner exception.
Url        => https://adoda-smart-coin.mushroomtrack.com/hls/cFPIPG3VKA6g5h7SJjQ0aw/1758149227/52000/52772/5277215.ts
03:47:30.686 EXTRA: Ah oh!
RetryCount => 1
Exception  => The SSL connection could not be established, see inner exception.
Url        => https://adoda-smart-coin.mushroomtrack.com/hls/cFPIPG3VKA6g5h7SJjQ0aw/1758149227/52000/52772/5277224.ts
03:47:30.686 EXTRA: Ah oh!
RetryCount => 1
Exception  => The SSL connection could not be established, see inner exception.
Url        => https://adoda-smart-coin.mushroomtrack.com/hls/cFPIPG3VKA6g5h7SJjQ0aw/1758149227/52000/52772/5277223.ts
03:47:33.637 EXTRA: Ah oh!
RetryCount => 3
Exception  => The SSL connection could not be established, see inner exception.
Url        => https://adoda-smart-coin.mushroomtrack.com/hls/cFPIPG3VKA6g5h7SJjQ0aw/1758149227/52000/52772/5277253.ts
03:47:33.637 EXTRA: Ah oh!
RetryCount => 3
Exception  => The SSL connection could not be established, see inner exception.
Url        => https://adoda-smart-coin.mushroomtrack.com/hls/cFPIPG3VKA6g5h7SJjQ0aw/1758149227/52000/52772/5277254.ts
03:47:33.641 EXTRA: Ah oh!
RetryCount => 3
Exception  => The SSL connection could not be established, see inner exception.
Url        => https://adoda-smart-coin.mushroomtrack.com/hls/cFPIPG3VKA6g5h7SJjQ0aw/1758149227/52000/52772/5277255.ts
03:47:36.675 EXTRA: Ah oh!
RetryCount => 0
Exception  => The SSL connection could not be established, see inner exception.
Url        => https://adoda-smart-coin.mushroomtrack.com/hls/cFPIPG3VKA6g5h7SJjQ0aw/1758149227/52000/52772/5277211.ts
03:47:36.675 EXTRA: The retry attempts have been exhausted and the download of this segment has failed.
Exception  => The SSL connection could not be established, see inner exception.
Url        => https://adoda-smart-coin.mushroomtrack.com/hls/cFPIPG3VKA6g5h7SJjQ0aw/1758149227/52000/52772/5277211.ts
03:47:36.675 EXTRA: Ah oh!
RetryCount => 0
Exception  => The SSL connection could not be established, see inner exception.
Url        => https://adoda-smart-coin.mushroomtrack.com/hls/cFPIPG3VKA6g5h7SJjQ0aw/1758149227/52000/52772/527729.ts
03:47:36.675 EXTRA: The retry attempts have been exhausted and the download of this segment has failed.
Exception  => The SSL connection could not be established, see inner exception.
Url        => https://adoda-smart-coin.mushroomtrack.com/hls/cFPIPG3VKA6g5h7SJjQ0aw/1758149227/52000/52772/527729.ts
03:47:36.675 WARN : The SSL connection could not be established, see inner exception.
03:47:36.675 WARN : The SSL connection could not be established, see inner exception.
03:47:36.676 EXTRA: Ah oh!
RetryCount => 0
Exception  => The SSL connection could not be established, see inner exception.
Url        => https://adoda-smart-coin.mushroomtrack.com/hls/cFPIPG3VKA6g5h7SJjQ0aw/1758149227/52000/52772/5277222.ts
03:47:36.676 EXTRA: Ah oh!
RetryCount => 0
Exception  => The SSL connection could not be established, see inner exception.
Url        => https://adoda-smart-coin.mushroomtrack.com/hls/cFPIPG3VKA6g5h7SJjQ0aw/1758149227/52000/52772/5277221.ts
03:47:36.676 EXTRA: The retry attempts have been exhausted and the download of this segment has failed.
Exception  => The SSL connection could not be established, see inner exception.
Url        => https://adoda-smart-coin.mushroomtrack.com/hls/cFPIPG3VKA6g5h7SJjQ0aw/1758149227/52000/52772/5277222.ts
03:47:36.676 EXTRA: The retry attempts have been exhausted and the download of this segment has failed.
Exception  => The SSL connection could not be established, see inner exception.
Url        => https://adoda-smart-coin.mushroomtrack.com/hls/cFPIPG3VKA6g5h7SJjQ0aw/1758149227/52000/52772/5277221.ts
03:47:36.676 WARN : The SSL connection could not be established, see inner exception.
03:47:36.676 WARN : The SSL connection could not be established, see inner exception.
03:47:36.677 EXTRA: Ah oh!
RetryCount => 0
Exception  => The SSL connection could not be established, see inner exception.
Url        => https://adoda-smart-coin.mushroomtrack.com/hls/cFPIPG3VKA6g5h7SJjQ0aw/1758149227/52000/52772/5277229.ts
03:47:36.677 EXTRA: The retry attempts have been exhausted and the download of this segment has failed.
Exception  => The SSL connection could not be established, see inner exception.
Url        => https://adoda-smart-coin.mushroomtrack.com/hls/cFPIPG3VKA6g5h7SJjQ0aw/1758149227/52000/52772/5277229.ts
03:47:36.677 WARN : The SSL connection could not be established, see inner exception.
03:47:36.686 EXTRA: Ah oh!
RetryCount => 0
Exception  => The SSL connection could not be established, see inner exception.
Url        => https://adoda-smart-coin.mushroomtrack.com/hls/cFPIPG3VKA6g5h7SJjQ0aw/1758149227/52000/52772/5277219.ts
03:47:36.686 EXTRA: The retry attempts have been exhausted and the download of this segment has failed.
Exception  => The SSL connection could not be established, see inner exception.
Url        => https://adoda-smart-coin.mushroomtrack.com/hls/cFPIPG3VKA6g5h7SJjQ0aw/1758149227/52000/52772/5277219.ts
03:47:36.686 WARN : The SSL connection could not be established, see inner exception.
03:47:36.688 EXTRA: Ah oh!
RetryCount => 0
Exception  => The SSL connection could not be established, see inner exception.
Url        => https://adoda-smart-coin.mushroomtrack.com/hls/cFPIPG3VKA6g5h7SJjQ0aw/1758149227/52000/52772/5277213.ts
03:47:36.688 EXTRA: The retry attempts have been exhausted and the download of this segment has failed.
Exception  => The SSL connection could not be established, see inner exception.
Url        => https://adoda-smart-coin.mushroomtrack.com/hls/cFPIPG3VKA6g5h7SJjQ0aw/1758149227/52000/52772/5277213.ts
03:47:36.688 EXTRA: Ah oh!
RetryCount => 0
Exception  => The SSL connection could not be established, see inner exception.
Url        => https://adoda-smart-coin.mushroomtrack.com/hls/cFPIPG3VKA6g5h7SJjQ0aw/1758149227/52000/52772/5277228.ts
03:47:36.688 EXTRA: The retry attempts have been exhausted and the download of this segment has failed.
Exception  => The SSL connection could not be established, see inner exception.
Url        => https://adoda-smart-coin.mushroomtrack.com/hls/cFPIPG3VKA6g5h7SJjQ0aw/1758149227/52000/52772/5277228.ts
03:47:36.688 WARN : The SSL connection could not be established, see inner exception.
03:47:36.688 WARN : The SSL connection could not be established, see inner exception.
03:47:36.690 EXTRA: Ah oh!
RetryCount => 0
Exception  => The SSL connection could not be established, see inner exception.
Url        => https://adoda-smart-coin.mushroomtrack.com/hls/cFPIPG3VKA6g5h7SJjQ0aw/1758149227/52000/52772/5277216.ts
03:47:36.690 EXTRA: The retry attempts have been exhausted and the download of this segment has failed.
Exception  => The SSL connection could not be established, see inner exception.
Url        => https://adoda-smart-coin.mushroomtrack.com/hls/cFPIPG3VKA6g5h7SJjQ0aw/1758149227/52000/52772/5277216.ts
03:47:36.690 WARN : The SSL connection could not be established, see inner exception.
03:47:36.692 EXTRA: Ah oh!
RetryCount => 0
Exception  => The SSL connection could not be established, see inner exception.
Url        => https://adoda-smart-coin.mushroomtrack.com/hls/cFPIPG3VKA6g5h7SJjQ0aw/1758149227/52000/52772/5277220.ts
03:47:36.692 EXTRA: The retry attempts have been exhausted and the download of this segment has failed.
Exception  => The SSL connection could not be established, see inner exception.
Url        => https://adoda-smart-coin.mushroomtrack.com/hls/cFPIPG3VKA6g5h7SJjQ0aw/1758149227/52000/52772/5277220.ts
03:47:36.692 WARN : The SSL connection could not be established, see inner exception.
03:47:36.693 EXTRA: Ah oh!
RetryCount => 0
Exception  => The SSL connection could not be established, see inner exception.
Url        => https://adoda-smart-coin.mushroomtrack.com/hls/cFPIPG3VKA6g5h7SJjQ0aw/1758149227/52000/52772/5277226.ts
03:47:36.694 EXTRA: The retry attempts have been exhausted and the download of this segment has failed.
Exception  => The SSL connection could not be established, see inner exception.
Url        => https://adoda-smart-coin.mushroomtrack.com/hls/cFPIPG3VKA6g5h7SJjQ0aw/1758149227/52000/52772/5277226.ts
03:47:36.694 WARN : The SSL connection could not be established, see inner exception.
03:47:36.695 EXTRA: Ah oh!
RetryCount => 0
Exception  => The SSL connection could not be established, see inner exception.
Url        => https://adoda-smart-coin.mushroomtrack.com/hls/cFPIPG3VKA6g5h7SJjQ0aw/1758149227/52000/52772/5277214.ts
03:47:36.695 EXTRA: The retry attempts have been exhausted and the download of this segment has failed.
Exception  => The SSL connection could not be established, see inner exception.
Url        => https://adoda-smart-coin.mushroomtrack.com/hls/cFPIPG3VKA6g5h7SJjQ0aw/1758149227/52000/52772/5277214.ts
03:47:36.695 WARN : The SSL connection could not be established, see inner exception.
03:47:36.695 EXTRA: Ah oh!
RetryCount => 0
Exception  => The SSL connection could not be established, see inner exception.
Url        => https://adoda-smart-coin.mushroomtrack.com/hls/cFPIPG3VKA6g5h7SJjQ0aw/1758149227/52000/52772/5277225.ts
03:47:36.695 EXTRA: The retry attempts have been exhausted and the download of this segment has failed.
Exception  => The SSL connection could not be established, see inner exception.
Url        => https://adoda-smart-coin.mushroomtrack.com/hls/cFPIPG3VKA6g5h7SJjQ0aw/1758149227/52000/52772/5277225.ts
03:47:36.695 EXTRA: Ah oh!
RetryCount => 0
Exception  => The SSL connection could not be established, see inner exception.
Url        => https://adoda-smart-coin.mushroomtrack.com/hls/cFPIPG3VKA6g5h7SJjQ0aw/1758149227/52000/52772/5277218.ts
03:47:36.696 EXTRA: The retry attempts have been exhausted and the download of this segment has failed.
Exception  => The SSL connection could not be established, see inner exception.
Url        => https://adoda-smart-coin.mushroomtrack.com/hls/cFPIPG3VKA6g5h7SJjQ0aw/1758149227/52000/52772/5277218.ts
03:47:36.696 WARN : The SSL connection could not be established, see inner exception.
03:47:36.696 WARN : The SSL connection could not be established, see inner exception.
03:47:36.696 EXTRA: Ah oh!
RetryCount => 0
Exception  => The SSL connection could not be established, see inner exception.
Url        => https://adoda-smart-coin.mushroomtrack.com/hls/cFPIPG3VKA6g5h7SJjQ0aw/1758149227/52000/52772/5277227.ts
03:47:36.697 EXTRA: The retry attempts have been exhausted and the download of this segment has failed.
Exception  => The SSL connection could not be established, see inner exception.
Url        => https://adoda-smart-coin.mushroomtrack.com/hls/cFPIPG3VKA6g5h7SJjQ0aw/1758149227/52000/52772/5277227.ts
03:47:36.696 EXTRA: Ah oh!
RetryCount => 0
Exception  => The SSL connection could not be established, see inner exception.
Url        => https://adoda-smart-coin.mushroomtrack.com/hls/cFPIPG3VKA6g5h7SJjQ0aw/1758149227/52000/52772/5277215.ts
03:47:36.697 EXTRA: The retry attempts have been exhausted and the download of this segment has failed.
Exception  => The SSL connection could not be established, see inner exception.
Url        => https://adoda-smart-coin.mushroomtrack.com/hls/cFPIPG3VKA6g5h7SJjQ0aw/1758149227/52000/52772/5277215.ts
03:47:36.697 WARN : The SSL connection could not be established, see inner exception.
03:47:36.698 EXTRA: Ah oh!
RetryCount => 0
Exception  => The SSL connection could not be established, see inner exception.
Url        => https://adoda-smart-coin.mushroomtrack.com/hls/cFPIPG3VKA6g5h7SJjQ0aw/1758149227/52000/52772/5277223.ts
03:47:36.698 EXTRA: The retry attempts have been exhausted and the download of this segment has failed.
Exception  => The SSL connection could not be established, see inner exception.
Url        => https://adoda-smart-coin.mushroomtrack.com/hls/cFPIPG3VKA6g5h7SJjQ0aw/1758149227/52000/52772/5277223.ts
03:47:36.699 EXTRA: Ah oh!
RetryCount => 0
Exception  => The SSL connection could not be established, see inner exception.
Url        => https://adoda-smart-coin.mushroomtrack.com/hls/cFPIPG3VKA6g5h7SJjQ0aw/1758149227/52000/52772/5277224.ts
03:47:36.699 EXTRA: The retry attempts have been exhausted and the download of this segment has failed.
Exception  => The SSL connection could not be established, see inner exception.
Url        => https://adoda-smart-coin.mushroomtrack.com/hls/cFPIPG3VKA6g5h7SJjQ0aw/1758149227/52000/52772/5277224.ts
03:47:36.697 WARN : The SSL connection could not be established, see inner exception.
03:47:36.698 WARN : The SSL connection could not be established, see inner exception.
03:47:36.699 WARN : The SSL connection could not be established, see inner exception.
03:47:38.639 EXTRA: Ah oh!
RetryCount => 3
Exception  => The SSL connection could not be established, see inner exception.
Url        => https://adoda-smart-coin.mushroomtrack.com/hls/cFPIPG3VKA6g5h7SJjQ0aw/1758149227/52000/52772/5277262.ts
03:47:39.643 EXTRA: Ah oh!
RetryCount => 2
Exception  => The SSL connection could not be established, see inner exception.
Url        => https://adoda-smart-coin.mushroomtrack.com/hls/cFPIPG3VKA6g5h7SJjQ0aw/1758149227/52000/52772/5277253.ts
03:47:39.655 EXTRA: Ah oh!
RetryCount => 2
Exception  => The SSL connection could not be established, see inner exception.
Url        => https://adoda-smart-coin.mushroomtrack.com/hls/cFPIPG3VKA6g5h7SJjQ0aw/1758149227/52000/52772/5277254.ts
03:47:40.659 EXTRA: Ah oh!
RetryCount => 3
Exception  => The SSL connection could not be established, see inner exception.
Url        => https://adoda-smart-coin.mushroomtrack.com/hls/cFPIPG3VKA6g5h7SJjQ0aw/1758149227/52000/52772/5277266.ts
03:47:41.682 EXTRA: Ah oh!
RetryCount => 3
Exception  => The SSL connection could not be established, see inner exception.
Url        => https://adoda-smart-coin.mushroomtrack.com/hls/cFPIPG3VKA6g5h7SJjQ0aw/1758149227/52000/52772/5277269.ts
03:47:41.682 EXTRA: Ah oh!
RetryCount => 3
Exception  => The SSL connection could not be established, see inner exception.
Url        => https://adoda-smart-coin.mushroomtrack.com/hls/cFPIPG3VKA6g5h7SJjQ0aw/1758149227/52000/52772/5277270.ts
03:47:41.682 EXTRA: Ah oh!
RetryCount => 3
Exception  => The SSL connection could not be established, see inner exception.
Url        => https://adoda-smart-coin.mushroomtrack.com/hls/cFPIPG3VKA6g5h7SJjQ0aw/1758149227/52000/52772/5277272.ts
03:47:41.683 EXTRA: Ah oh!
RetryCount => 3
Exception  => The SSL connection could not be established, see inner exception.
Url        => https://adoda-smart-coin.mushroomtrack.com/hls/cFPIPG3VKA6g5h7SJjQ0aw/1758149227/52000/52772/5277271.ts
03:47:41.683 EXTRA: Ah oh!
RetryCount => 3
Exception  => The SSL connection could not be established, see inner exception.
Url        => https://adoda-smart-coin.mushroomtrack.com/hls/cFPIPG3VKA6g5h7SJjQ0aw/1758149227/52000/52772/5277273.ts
03:47:41.690 EXTRA: Ah oh!
RetryCount => 3
Exception  => The SSL connection could not be established, see inner exception.
Url        => https://adoda-smart-coin.mushroomtrack.com/hls/cFPIPG3VKA6g5h7SJjQ0aw/1758149227/52000/52772/5277274.ts
03:47:41.692 EXTRA: Ah oh!
RetryCount => 3
Exception  => The SSL connection could not be established, see inner exception.
Url        => https://adoda-smart-coin.mushroomtrack.com/hls/cFPIPG3VKA6g5h7SJjQ0aw/1758149227/52000/52772/5277275.ts
03:47:41.692 EXTRA: Ah oh!
RetryCount => 3
Exception  => The SSL connection could not be established, see inner exception.
Url        => https://adoda-smart-coin.mushroomtrack.com/hls/cFPIPG3VKA6g5h7SJjQ0aw/1758149227/52000/52772/5277276.ts
03:47:41.694 EXTRA: Ah oh!
RetryCount => 3
Exception  => The SSL connection could not be established, see inner exception.
Url        => https://adoda-smart-coin.mushroomtrack.com/hls/cFPIPG3VKA6g5h7SJjQ0aw/1758149227/52000/52772/5277277.ts
03:47:41.695 EXTRA: Ah oh!
RetryCount => 3
Exception  => The SSL connection could not be established, see inner exception.
Url        => https://adoda-smart-coin.mushroomtrack.com/hls/cFPIPG3VKA6g5h7SJjQ0aw/1758149227/52000/52772/5277278.ts
03:47:41.700 EXTRA: Ah oh!
RetryCount => 3
Exception  => The SSL connection could not be established, see inner exception.
Url        => https://adoda-smart-coin.mushroomtrack.com/hls/cFPIPG3VKA6g5h7SJjQ0aw/1758149227/52000/52772/5277280.ts
03:47:41.701 EXTRA: Ah oh!
RetryCount => 3
Exception  => The SSL connection could not be established, see inner exception.
Url        => https://adoda-smart-coin.mushroomtrack.com/hls/cFPIPG3VKA6g5h7SJjQ0aw/1758149227/52000/52772/5277279.ts
03:47:41.701 EXTRA: Ah oh!
RetryCount => 3
Exception  => The SSL connection could not be established, see inner exception.
Url        => https://adoda-smart-coin.mushroomtrack.com/hls/cFPIPG3VKA6g5h7SJjQ0aw/1758149227/52000/52772/5277281.ts
03:47:41.702 EXTRA: Ah oh!
RetryCount => 3
Exception  => The SSL connection could not be established, see inner exception.
Url        => https://adoda-smart-coin.mushroomtrack.com/hls/cFPIPG3VKA6g5h7SJjQ0aw/1758149227/52000/52772/5277282.ts
03:47:41.703 EXTRA: Ah oh!
RetryCount => 3
Exception  => The SSL connection could not be established, see inner exception.
Url        => https://adoda-smart-coin.mushroomtrack.com/hls/cFPIPG3VKA6g5h7SJjQ0aw/1758149227/52000/52772/5277283.ts
03:47:41.705 EXTRA: Ah oh!
RetryCount => 3
Exception  => The SSL connection could not be established, see inner exception.
Url        => https://adoda-smart-coin.mushroomtrack.com/hls/cFPIPG3VKA6g5h7SJjQ0aw/1758149227/52000/52772/5277284.ts
03:47:41.706 EXTRA: Ah oh!
RetryCount => 3
Exception  => The SSL connection could not be established, see inner exception.
Url        => https://adoda-smart-coin.mushroomtrack.com/hls/cFPIPG3VKA6g5h7SJjQ0aw/1758149227/52000/52772/5277285.ts
03:47:41.706 EXTRA: Ah oh!
RetryCount => 3
Exception  => The SSL connection could not be established, see inner exception.
Url        => https://adoda-smart-coin.mushroomtrack.com/hls/cFPIPG3VKA6g5h7SJjQ0aw/1758149227/52000/52772/5277286.ts
03:47:44.643 EXTRA: Ah oh!
RetryCount => 2
Exception  => The SSL connection could not be established, see inner exception.
Url        => https://adoda-smart-coin.mushroomtrack.com/hls/cFPIPG3VKA6g5h7SJjQ0aw/1758149227/52000/52772/5277262.ts
03:47:45.659 EXTRA: Ah oh!
RetryCount => 1
Exception  => The SSL connection could not be established, see inner exception.
Url        => https://adoda-smart-coin.mushroomtrack.com/hls/cFPIPG3VKA6g5h7SJjQ0aw/1758149227/52000/52772/5277253.ts
03:47:45.659 EXTRA: Ah oh!
RetryCount => 3
Exception  => The SSL connection could not be established, see inner exception.
Url        => https://adoda-smart-coin.mushroomtrack.com/hls/cFPIPG3VKA6g5h7SJjQ0aw/1758149227/52000/52772/5277293.ts
03:47:45.660 EXTRA: Ah oh!
RetryCount => 1
Exception  => The SSL connection could not be established, see inner exception.
Url        => https://adoda-smart-coin.mushroomtrack.com/hls/cFPIPG3VKA6g5h7SJjQ0aw/1758149227/52000/52772/5277254.ts
03:47:46.663 EXTRA: Ah oh!
RetryCount => 3
Exception  => The SSL connection could not be established, see inner exception.
Url        => https://adoda-smart-coin.mushroomtrack.com/hls/cFPIPG3VKA6g5h7SJjQ0aw/1758149227/52000/52772/5277294.ts
03:47:46.666 EXTRA: Ah oh!
RetryCount => 3
Exception  => The SSL connection could not be established, see inner exception.
Url        => https://adoda-smart-coin.mushroomtrack.com/hls/cFPIPG3VKA6g5h7SJjQ0aw/1758149227/52000/52772/5277295.ts
03:47:46.668 EXTRA: Ah oh!
RetryCount => 2
Exception  => The SSL connection could not be established, see inner exception.
Url        => https://adoda-smart-coin.mushroomtrack.com/hls/cFPIPG3VKA6g5h7SJjQ0aw/1758149227/52000/52772/5277266.ts
03:47:47.686 EXTRA: Ah oh!
RetryCount => 2
Exception  => The SSL connection could not be established, see inner exception.
Url        => https://adoda-smart-coin.mushroomtrack.com/hls/cFPIPG3VKA6g5h7SJjQ0aw/1758149227/52000/52772/5277269.ts
03:47:47.688 EXTRA: Ah oh!
RetryCount => 2
Exception  => The SSL connection could not be established, see inner exception.
Url        => https://adoda-smart-coin.mushroomtrack.com/hls/cFPIPG3VKA6g5h7SJjQ0aw/1758149227/52000/52772/5277272.ts
03:47:47.688 EXTRA: Ah oh!
RetryCount => 2
Exception  => The SSL connection could not be established, see inner exception.
Url        => https://adoda-smart-coin.mushroomtrack.com/hls/cFPIPG3VKA6g5h7SJjQ0aw/1758149227/52000/52772/5277270.ts
03:47:47.692 EXTRA: Ah oh!
RetryCount => 2
Exception  => The SSL connection could not be established, see inner exception.
Url        => https://adoda-smart-coin.mushroomtrack.com/hls/cFPIPG3VKA6g5h7SJjQ0aw/1758149227/52000/52772/5277271.ts
03:47:47.692 EXTRA: Ah oh!
RetryCount => 2
Exception  => The SSL connection could not be established, see inner exception.
Url        => https://adoda-smart-coin.mushroomtrack.com/hls/cFPIPG3VKA6g5h7SJjQ0aw/1758149227/52000/52772/5277273.ts
03:47:47.694 EXTRA: Ah oh!
RetryCount => 2
Exception  => The SSL connection could not be established, see inner exception.
Url        => https://adoda-smart-coin.mushroomtrack.com/hls/cFPIPG3VKA6g5h7SJjQ0aw/1758149227/52000/52772/5277274.ts
03:47:47.695 EXTRA: Ah oh!
RetryCount => 2
Exception  => The SSL connection could not be established, see inner exception.
Url        => https://adoda-smart-coin.mushroomtrack.com/hls/cFPIPG3VKA6g5h7SJjQ0aw/1758149227/52000/52772/5277275.ts
03:47:47.698 EXTRA: Ah oh!
RetryCount => 2
Exception  => The SSL connection could not be established, see inner exception.
Url        => https://adoda-smart-coin.mushroomtrack.com/hls/cFPIPG3VKA6g5h7SJjQ0aw/1758149227/52000/52772/5277277.ts
03:47:47.698 EXTRA: Ah oh!
RetryCount => 2
Exception  => The SSL connection could not be established, see inner exception.
Url        => https://adoda-smart-coin.mushroomtrack.com/hls/cFPIPG3VKA6g5h7SJjQ0aw/1758149227/52000/52772/5277276.ts
03:47:47.702 EXTRA: Ah oh!
RetryCount => 2
Exception  => The SSL connection could not be established, see inner exception.
Url        => https://adoda-smart-coin.mushroomtrack.com/hls/cFPIPG3VKA6g5h7SJjQ0aw/1758149227/52000/52772/5277278.ts
03:47:47.705 EXTRA: Ah oh!
RetryCount => 2
Exception  => The SSL connection could not be established, see inner exception.
Url        => https://adoda-smart-coin.mushroomtrack.com/hls/cFPIPG3VKA6g5h7SJjQ0aw/1758149227/52000/52772/5277279.ts
03:47:47.705 EXTRA: Ah oh!
RetryCount => 2
Exception  => The SSL connection could not be established, see inner exception.
Url        => https://adoda-smart-coin.mushroomtrack.com/hls/cFPIPG3VKA6g5h7SJjQ0aw/1758149227/52000/52772/5277281.ts
03:47:47.706 EXTRA: Ah oh!
RetryCount => 2
Exception  => The SSL connection could not be established, see inner exception.
Url        => https://adoda-smart-coin.mushroomtrack.com/hls/cFPIPG3VKA6g5h7SJjQ0aw/1758149227/52000/52772/5277282.ts
03:47:47.707 EXTRA: Ah oh!
RetryCount => 2
Exception  => The SSL connection could not be established, see inner exception.
Url        => https://adoda-smart-coin.mushroomtrack.com/hls/cFPIPG3VKA6g5h7SJjQ0aw/1758149227/52000/52772/5277283.ts
03:47:47.708 EXTRA: Ah oh!
RetryCount => 2
Exception  => The SSL connection could not be established, see inner exception.
Url        => https://adoda-smart-coin.mushroomtrack.com/hls/cFPIPG3VKA6g5h7SJjQ0aw/1758149227/52000/52772/5277280.ts
03:47:47.709 EXTRA: Ah oh!
RetryCount => 2
Exception  => The SSL connection could not be established, see inner exception.
Url        => https://adoda-smart-coin.mushroomtrack.com/hls/cFPIPG3VKA6g5h7SJjQ0aw/1758149227/52000/52772/5277284.ts
03:47:47.709 EXTRA: Ah oh!
RetryCount => 2
Exception  => The SSL connection could not be established, see inner exception.
Url        => https://adoda-smart-coin.mushroomtrack.com/hls/cFPIPG3VKA6g5h7SJjQ0aw/1758149227/52000/52772/5277285.ts
03:47:48.643 EXTRA: Ah oh!
RetryCount => 3
Exception  => The SSL connection could not be established, see inner exception.
Url        => https://adoda-smart-coin.mushroomtrack.com/hls/cFPIPG3VKA6g5h7SJjQ0aw/1758149227/52000/52772/5277297.ts
03:47:48.643 EXTRA: Ah oh!
RetryCount => 3
Exception  => The SSL connection could not be established, see inner exception.
Url        => https://adoda-smart-coin.mushroomtrack.com/hls/cFPIPG3VKA6g5h7SJjQ0aw/1758149227/52000/52772/5277298.ts
03:47:49.645 EXTRA: Ah oh!
RetryCount => 3
Exception  => The SSL connection could not be established, see inner exception.
Url        => https://adoda-smart-coin.mushroomtrack.com/hls/cFPIPG3VKA6g5h7SJjQ0aw/1758149227/52000/52772/52772100.ts
03:47:50.650 EXTRA: Ah oh!
RetryCount => 1
Exception  => The SSL connection could not be established, see inner exception.
Url        => https://adoda-smart-coin.mushroomtrack.com/hls/cFPIPG3VKA6g5h7SJjQ0aw/1758149227/52000/52772/5277262.ts
03:47:51.669 EXTRA: Ah oh!
RetryCount => 0
Exception  => The SSL connection could not be established, see inner exception.
Url        => https://adoda-smart-coin.mushroomtrack.com/hls/cFPIPG3VKA6g5h7SJjQ0aw/1758149227/52000/52772/5277254.ts
03:47:51.669 EXTRA: Ah oh!
RetryCount => 2
Exception  => The SSL connection could not be established, see inner exception.
Url        => https://adoda-smart-coin.mushroomtrack.com/hls/cFPIPG3VKA6g5h7SJjQ0aw/1758149227/52000/52772/5277293.ts
03:47:51.669 EXTRA: The retry attempts have been exhausted and the download of this segment has failed.
Exception  => The SSL connection could not be established, see inner exception.
Url        => https://adoda-smart-coin.mushroomtrack.com/hls/cFPIPG3VKA6g5h7SJjQ0aw/1758149227/52000/52772/5277254.ts
03:47:51.669 EXTRA: Ah oh!
RetryCount => 0
Exception  => The SSL connection could not be established, see inner exception.
Url        => https://adoda-smart-coin.mushroomtrack.com/hls/cFPIPG3VKA6g5h7SJjQ0aw/1758149227/52000/52772/5277253.ts
03:47:51.669 EXTRA: The retry attempts have been exhausted and the download of this segment has failed.
Exception  => The SSL connection could not be established, see inner exception.
Url        => https://adoda-smart-coin.mushroomtrack.com/hls/cFPIPG3VKA6g5h7SJjQ0aw/1758149227/52000/52772/5277253.ts
03:47:51.669 WARN : The SSL connection could not be established, see inner exception.
03:47:51.669 WARN : The SSL connection could not be established, see inner exception.
03:47:52.671 EXTRA: Ah oh!
RetryCount => 3
Exception  => The SSL connection could not be established, see inner exception.
Url        => https://adoda-smart-coin.mushroomtrack.com/hls/cFPIPG3VKA6g5h7SJjQ0aw/1758149227/52000/52772/52772102.ts
03:47:52.671 EXTRA: Ah oh!
RetryCount => 2
Exception  => The SSL connection could not be established, see inner exception.
Url        => https://adoda-smart-coin.mushroomtrack.com/hls/cFPIPG3VKA6g5h7SJjQ0aw/1758149227/52000/52772/5277294.ts
03:47:52.672 EXTRA: Ah oh!
RetryCount => 2
Exception  => The SSL connection could not be established, see inner exception.
Url        => https://adoda-smart-coin.mushroomtrack.com/hls/cFPIPG3VKA6g5h7SJjQ0aw/1758149227/52000/52772/5277295.ts
03:47:52.688 EXTRA: Ah oh!
RetryCount => 1
Exception  => The SSL connection could not be established, see inner exception.
Url        => https://adoda-smart-coin.mushroomtrack.com/hls/cFPIPG3VKA6g5h7SJjQ0aw/1758149227/52000/52772/5277266.ts
03:47:53.691 EXTRA: Ah oh!
RetryCount => 1
Exception  => The SSL connection could not be established, see inner exception.
Url        => https://adoda-smart-coin.mushroomtrack.com/hls/cFPIPG3VKA6g5h7SJjQ0aw/1758149227/52000/52772/5277270.ts
03:47:53.691 EXTRA: Ah oh!
RetryCount => 1
Exception  => The SSL connection could not be established, see inner exception.
Url        => https://adoda-smart-coin.mushroomtrack.com/hls/cFPIPG3VKA6g5h7SJjQ0aw/1758149227/52000/52772/5277272.ts
03:47:53.694 EXTRA: Ah oh!
RetryCount => 1
Exception  => The SSL connection could not be established, see inner exception.
Url        => https://adoda-smart-coin.mushroomtrack.com/hls/cFPIPG3VKA6g5h7SJjQ0aw/1758149227/52000/52772/5277271.ts
03:47:53.695 EXTRA: Ah oh!
RetryCount => 1
Exception  => The SSL connection could not be established, see inner exception.
Url        => https://adoda-smart-coin.mushroomtrack.com/hls/cFPIPG3VKA6g5h7SJjQ0aw/1758149227/52000/52772/5277273.ts
03:47:53.697 EXTRA: Ah oh!
RetryCount => 1
Exception  => The SSL connection could not be established, see inner exception.
Url        => https://adoda-smart-coin.mushroomtrack.com/hls/cFPIPG3VKA6g5h7SJjQ0aw/1758149227/52000/52772/5277274.ts
03:47:53.697 EXTRA: Ah oh!
RetryCount => 1
Exception  => The SSL connection could not be established, see inner exception.
Url        => https://adoda-smart-coin.mushroomtrack.com/hls/cFPIPG3VKA6g5h7SJjQ0aw/1758149227/52000/52772/5277275.ts
03:47:53.702 EXTRA: Ah oh!
RetryCount => 1
Exception  => The SSL connection could not be established, see inner exception.
Url        => https://adoda-smart-coin.mushroomtrack.com/hls/cFPIPG3VKA6g5h7SJjQ0aw/1758149227/52000/52772/5277277.ts
03:47:53.702 EXTRA: Ah oh!
RetryCount => 1
Exception  => The SSL connection could not be established, see inner exception.
Url        => https://adoda-smart-coin.mushroomtrack.com/hls/cFPIPG3VKA6g5h7SJjQ0aw/1758149227/52000/52772/5277276.ts
03:47:53.704 EXTRA: Ah oh!
RetryCount => 1
Exception  => The SSL connection could not be established, see inner exception.
Url        => https://adoda-smart-coin.mushroomtrack.com/hls/cFPIPG3VKA6g5h7SJjQ0aw/1758149227/52000/52772/5277278.ts
03:47:53.707 EXTRA: Ah oh!
RetryCount => 1
Exception  => The SSL connection could not be established, see inner exception.
Url        => https://adoda-smart-coin.mushroomtrack.com/hls/cFPIPG3VKA6g5h7SJjQ0aw/1758149227/52000/52772/5277279.ts
03:47:53.709 EXTRA: Ah oh!
RetryCount => 1
Exception  => The SSL connection could not be established, see inner exception.
Url        => https://adoda-smart-coin.mushroomtrack.com/hls/cFPIPG3VKA6g5h7SJjQ0aw/1758149227/52000/52772/5277281.ts
03:47:53.710 EXTRA: Ah oh!
RetryCount => 1
Exception  => The SSL connection could not be established, see inner exception.
Url        => https://adoda-smart-coin.mushroomtrack.com/hls/cFPIPG3VKA6g5h7SJjQ0aw/1758149227/52000/52772/5277282.ts
03:47:53.713 EXTRA: Ah oh!
RetryCount => 1
Exception  => The SSL connection could not be established, see inner exception.
Url        => https://adoda-smart-coin.mushroomtrack.com/hls/cFPIPG3VKA6g5h7SJjQ0aw/1758149227/52000/52772/5277283.ts
03:47:53.713 EXTRA: Ah oh!
RetryCount => 1
Exception  => The SSL connection could not be established, see inner exception.
Url        => https://adoda-smart-coin.mushroomtrack.com/hls/cFPIPG3VKA6g5h7SJjQ0aw/1758149227/52000/52772/5277280.ts
03:47:53.714 EXTRA: Ah oh!
RetryCount => 1
Exception  => The SSL connection could not be established, see inner exception.
Url        => https://adoda-smart-coin.mushroomtrack.com/hls/cFPIPG3VKA6g5h7SJjQ0aw/1758149227/52000/52772/5277284.ts
03:47:53.714 EXTRA: Ah oh!
RetryCount => 1
Exception  => The SSL connection could not be established, see inner exception.
Url        => https://adoda-smart-coin.mushroomtrack.com/hls/cFPIPG3VKA6g5h7SJjQ0aw/1758149227/52000/52772/5277285.ts
03:47:54.649 EXTRA: Ah oh!
RetryCount => 2
Exception  => The SSL connection could not be established, see inner exception.
Url        => https://adoda-smart-coin.mushroomtrack.com/hls/cFPIPG3VKA6g5h7SJjQ0aw/1758149227/52000/52772/5277297.ts
03:47:57.675 EXTRA: Ah oh!
RetryCount => 1
Exception  => The SSL connection could not be established, see inner exception.
Url        => https://adoda-smart-coin.mushroomtrack.com/hls/cFPIPG3VKA6g5h7SJjQ0aw/1758149227/52000/52772/5277293.ts
03:47:58.646 EXTRA: Ah oh!
RetryCount => 3
Exception  => The SSL connection could not be established, see inner exception.
Url        => https://adoda-smart-coin.mushroomtrack.com/hls/cFPIPG3VKA6g5h7SJjQ0aw/1758149227/52000/52772/52772108.ts
03:47:58.681 EXTRA: Ah oh!
RetryCount => 3
Exception  => The SSL connection could not be established, see inner exception.
Url        => https://adoda-smart-coin.mushroomtrack.com/hls/cFPIPG3VKA6g5h7SJjQ0aw/1758149227/52000/52772/52772109.ts
03:47:58.681 EXTRA: Ah oh!
RetryCount => 1
Exception  => The SSL connection could not be established, see inner exception.
Url        => https://adoda-smart-coin.mushroomtrack.com/hls/cFPIPG3VKA6g5h7SJjQ0aw/1758149227/52000/52772/5277294.ts
03:47:58.681 EXTRA: Ah oh!
RetryCount => 1
Exception  => The SSL connection could not be established, see inner exception.
Url        => https://adoda-smart-coin.mushroomtrack.com/hls/cFPIPG3VKA6g5h7SJjQ0aw/1758149227/52000/52772/5277295.ts
03:47:58.692 EXTRA: Ah oh!
RetryCount => 2
Exception  => The SSL connection could not be established, see inner exception.
Url        => https://adoda-smart-coin.mushroomtrack.com/hls/cFPIPG3VKA6g5h7SJjQ0aw/1758149227/52000/52772/52772102.ts
03:47:58.692 EXTRA: Ah oh!
RetryCount => 0
Exception  => The SSL connection could not be established, see inner exception.
Url        => https://adoda-smart-coin.mushroomtrack.com/hls/cFPIPG3VKA6g5h7SJjQ0aw/1758149227/52000/52772/5277266.ts
03:47:58.692 EXTRA: The retry attempts have been exhausted and the download of this segment has failed.
Exception  => The SSL connection could not be established, see inner exception.
Url        => https://adoda-smart-coin.mushroomtrack.com/hls/cFPIPG3VKA6g5h7SJjQ0aw/1758149227/52000/52772/5277266.ts
03:47:58.692 WARN : The SSL connection could not be established, see inner exception.
03:47:59.650 EXTRA: Ah oh!
RetryCount => 3
Exception  => The SSL connection could not be established, see inner exception.
Url        => https://adoda-smart-coin.mushroomtrack.com/hls/cFPIPG3VKA6g5h7SJjQ0aw/1758149227/52000/52772/52772111.ts
03:47:59.697 EXTRA: Ah oh!
RetryCount => 0
Exception  => The SSL connection could not be established, see inner exception.
Url        => https://adoda-smart-coin.mushroomtrack.com/hls/cFPIPG3VKA6g5h7SJjQ0aw/1758149227/52000/52772/5277270.ts
03:47:59.697 EXTRA: The retry attempts have been exhausted and the download of this segment has failed.
Exception  => The SSL connection could not be established, see inner exception.
Url        => https://adoda-smart-coin.mushroomtrack.com/hls/cFPIPG3VKA6g5h7SJjQ0aw/1758149227/52000/52772/5277270.ts
03:47:59.697 WARN : The SSL connection could not be established, see inner exception.
03:47:59.697 EXTRA: Ah oh!
RetryCount => 0
Exception  => The SSL connection could not be established, see inner exception.
Url        => https://adoda-smart-coin.mushroomtrack.com/hls/cFPIPG3VKA6g5h7SJjQ0aw/1758149227/52000/52772/5277272.ts
03:47:59.698 EXTRA: The retry attempts have been exhausted and the download of this segment has failed.
Exception  => The SSL connection could not be established, see inner exception.
Url        => https://adoda-smart-coin.mushroomtrack.com/hls/cFPIPG3VKA6g5h7SJjQ0aw/1758149227/52000/52772/5277272.ts
03:47:59.698 WARN : The SSL connection could not be established, see inner exception.
03:47:59.699 EXTRA: Ah oh!
RetryCount => 0
Exception  => The SSL connection could not be established, see inner exception.
Url        => https://adoda-smart-coin.mushroomtrack.com/hls/cFPIPG3VKA6g5h7SJjQ0aw/1758149227/52000/52772/5277271.ts
03:47:59.700 EXTRA: The retry attempts have been exhausted and the download of this segment has failed.
Exception  => The SSL connection could not be established, see inner exception.
Url        => https://adoda-smart-coin.mushroomtrack.com/hls/cFPIPG3VKA6g5h7SJjQ0aw/1758149227/52000/52772/5277271.ts
03:47:59.700 WARN : The SSL connection could not be established, see inner exception.
03:47:59.701 EXTRA: Ah oh!
RetryCount => 0
Exception  => The SSL connection could not be established, see inner exception.
Url        => https://adoda-smart-coin.mushroomtrack.com/hls/cFPIPG3VKA6g5h7SJjQ0aw/1758149227/52000/52772/5277273.ts
03:47:59.701 EXTRA: The retry attempts have been exhausted and the download of this segment has failed.
Exception  => The SSL connection could not be established, see inner exception.
Url        => https://adoda-smart-coin.mushroomtrack.com/hls/cFPIPG3VKA6g5h7SJjQ0aw/1758149227/52000/52772/5277273.ts
03:47:59.701 WARN : The SSL connection could not be established, see inner exception.
03:47:59.702 EXTRA: Ah oh!
RetryCount => 0
Exception  => The SSL connection could not be established, see inner exception.
Url        => https://adoda-smart-coin.mushroomtrack.com/hls/cFPIPG3VKA6g5h7SJjQ0aw/1758149227/52000/52772/5277274.ts
03:47:59.702 EXTRA: The retry attempts have been exhausted and the download of this segment has failed.
Exception  => The SSL connection could not be established, see inner exception.
Url        => https://adoda-smart-coin.mushroomtrack.com/hls/cFPIPG3VKA6g5h7SJjQ0aw/1758149227/52000/52772/5277274.ts
03:47:59.702 EXTRA: Ah oh!
RetryCount => 0
Exception  => The SSL connection could not be established, see inner exception.
Url        => https://adoda-smart-coin.mushroomtrack.com/hls/cFPIPG3VKA6g5h7SJjQ0aw/1758149227/52000/52772/5277275.ts
03:47:59.702 EXTRA: The retry attempts have been exhausted and the download of this segment has failed.
Exception  => The SSL connection could not be established, see inner exception.
Url        => https://adoda-smart-coin.mushroomtrack.com/hls/cFPIPG3VKA6g5h7SJjQ0aw/1758149227/52000/52772/5277275.ts
03:47:59.702 WARN : The SSL connection could not be established, see inner exception.
03:47:59.703 WARN : The SSL connection could not be established, see inner exception.
03:47:59.704 EXTRA: Ah oh!
RetryCount => 0
Exception  => The SSL connection could not be established, see inner exception.
Url        => https://adoda-smart-coin.mushroomtrack.com/hls/cFPIPG3VKA6g5h7SJjQ0aw/1758149227/52000/52772/5277277.ts
03:47:59.704 EXTRA: The retry attempts have been exhausted and the download of this segment has failed.
Exception  => The SSL connection could not be established, see inner exception.
Url        => https://adoda-smart-coin.mushroomtrack.com/hls/cFPIPG3VKA6g5h7SJjQ0aw/1758149227/52000/52772/5277277.ts
03:47:59.705 WARN : The SSL connection could not be established, see inner exception.
03:47:59.705 EXTRA: Ah oh!
RetryCount => 0
Exception  => The SSL connection could not be established, see inner exception.
Url        => https://adoda-smart-coin.mushroomtrack.com/hls/cFPIPG3VKA6g5h7SJjQ0aw/1758149227/52000/52772/5277276.ts
03:47:59.706 EXTRA: The retry attempts have been exhausted and the download of this segment has failed.
Exception  => The SSL connection could not be established, see inner exception.
Url        => https://adoda-smart-coin.mushroomtrack.com/hls/cFPIPG3VKA6g5h7SJjQ0aw/1758149227/52000/52772/5277276.ts
03:47:59.706 WARN : The SSL connection could not be established, see inner exception.
03:47:59.707 EXTRA: Ah oh!
RetryCount => 0
Exception  => The SSL connection could not be established, see inner exception.
Url        => https://adoda-smart-coin.mushroomtrack.com/hls/cFPIPG3VKA6g5h7SJjQ0aw/1758149227/52000/52772/5277278.ts
03:47:59.707 EXTRA: The retry attempts have been exhausted and the download of this segment has failed.
Exception  => The SSL connection could not be established, see inner exception.
Url        => https://adoda-smart-coin.mushroomtrack.com/hls/cFPIPG3VKA6g5h7SJjQ0aw/1758149227/52000/52772/5277278.ts
03:47:59.707 WARN : The SSL connection could not be established, see inner exception.
03:47:59.711 EXTRA: Ah oh!
RetryCount => 0
Exception  => The SSL connection could not be established, see inner exception.
Url        => https://adoda-smart-coin.mushroomtrack.com/hls/cFPIPG3VKA6g5h7SJjQ0aw/1758149227/52000/52772/5277279.ts
03:47:59.712 EXTRA: The retry attempts have been exhausted and the download of this segment has failed.
Exception  => The SSL connection could not be established, see inner exception.
Url        => https://adoda-smart-coin.mushroomtrack.com/hls/cFPIPG3VKA6g5h7SJjQ0aw/1758149227/52000/52772/5277279.ts
03:47:59.712 EXTRA: Ah oh!
RetryCount => 0
Exception  => The SSL connection could not be established, see inner exception.
Url        => https://adoda-smart-coin.mushroomtrack.com/hls/cFPIPG3VKA6g5h7SJjQ0aw/1758149227/52000/52772/5277281.ts
03:47:59.712 EXTRA: The retry attempts have been exhausted and the download of this segment has failed.
Exception  => The SSL connection could not be established, see inner exception.
Url        => https://adoda-smart-coin.mushroomtrack.com/hls/cFPIPG3VKA6g5h7SJjQ0aw/1758149227/52000/52772/5277281.ts
03:47:59.712 WARN : The SSL connection could not be established, see inner exception.
03:47:59.712 WARN : The SSL connection could not be established, see inner exception.
03:47:59.712 EXTRA: Ah oh!
RetryCount => 0
Exception  => The SSL connection could not be established, see inner exception.
Url        => https://adoda-smart-coin.mushroomtrack.com/hls/cFPIPG3VKA6g5h7SJjQ0aw/1758149227/52000/52772/5277282.ts
03:47:59.712 EXTRA: The retry attempts have been exhausted and the download of this segment has failed.
Exception  => The SSL connection could not be established, see inner exception.
Url        => https://adoda-smart-coin.mushroomtrack.com/hls/cFPIPG3VKA6g5h7SJjQ0aw/1758149227/52000/52772/5277282.ts
03:47:59.712 WARN : The SSL connection could not be established, see inner exception.
03:47:59.717 EXTRA: Ah oh!
RetryCount => 0
Exception  => The SSL connection could not be established, see inner exception.
Url        => https://adoda-smart-coin.mushroomtrack.com/hls/cFPIPG3VKA6g5h7SJjQ0aw/1758149227/52000/52772/5277280.ts
03:47:59.717 EXTRA: The retry attempts have been exhausted and the download of this segment has failed.
Exception  => The SSL connection could not be established, see inner exception.
Url        => https://adoda-smart-coin.mushroomtrack.com/hls/cFPIPG3VKA6g5h7SJjQ0aw/1758149227/52000/52772/5277280.ts
03:47:59.717 WARN : The SSL connection could not be established, see inner exception.
03:47:59.717 EXTRA: Ah oh!
RetryCount => 0
Exception  => The SSL connection could not be established, see inner exception.
Url        => https://adoda-smart-coin.mushroomtrack.com/hls/cFPIPG3VKA6g5h7SJjQ0aw/1758149227/52000/52772/5277283.ts
03:47:59.717 EXTRA: The retry attempts have been exhausted and the download of this segment has failed.
Exception  => The SSL connection could not be established, see inner exception.
Url        => https://adoda-smart-coin.mushroomtrack.com/hls/cFPIPG3VKA6g5h7SJjQ0aw/1758149227/52000/52772/5277283.ts
03:47:59.717 WARN : The SSL connection could not be established, see inner exception.
03:47:59.719 EXTRA: Ah oh!
RetryCount => 0
Exception  => The SSL connection could not be established, see inner exception.
Url        => https://adoda-smart-coin.mushroomtrack.com/hls/cFPIPG3VKA6g5h7SJjQ0aw/1758149227/52000/52772/5277284.ts
03:47:59.719 EXTRA: The retry attempts have been exhausted and the download of this segment has failed.
Exception  => The SSL connection could not be established, see inner exception.
Url        => https://adoda-smart-coin.mushroomtrack.com/hls/cFPIPG3VKA6g5h7SJjQ0aw/1758149227/52000/52772/5277284.ts
03:47:59.719 WARN : The SSL connection could not be established, see inner exception.
03:47:59.720 EXTRA: Ah oh!
RetryCount => 0
Exception  => The SSL connection could not be established, see inner exception.
Url        => https://adoda-smart-coin.mushroomtrack.com/hls/cFPIPG3VKA6g5h7SJjQ0aw/1758149227/52000/52772/5277285.ts
03:47:59.720 EXTRA: The retry attempts have been exhausted and the download of this segment has failed.
Exception  => The SSL connection could not be established, see inner exception.
Url        => https://adoda-smart-coin.mushroomtrack.com/hls/cFPIPG3VKA6g5h7SJjQ0aw/1758149227/52000/52772/5277285.ts
03:47:59.720 WARN : The SSL connection could not be established, see inner exception.
03:48:00.653 EXTRA: Ah oh!
RetryCount => 1
Exception  => The SSL connection could not be established, see inner exception.
Url        => https://adoda-smart-coin.mushroomtrack.com/hls/cFPIPG3VKA6g5h7SJjQ0aw/1758149227/52000/52772/5277297.ts
03:48:01.677 EXTRA: Ah oh!
RetryCount => 3
Exception  => The SSL connection could not be established, see inner exception.
Url        => https://adoda-smart-coin.mushroomtrack.com/hls/cFPIPG3VKA6g5h7SJjQ0aw/1758149227/52000/52772/52772116.ts
03:48:04.687 EXTRA: Ah oh!
RetryCount => 0
Exception  => The SSL connection could not be established, see inner exception.
Url        => https://adoda-smart-coin.mushroomtrack.com/hls/cFPIPG3VKA6g5h7SJjQ0aw/1758149227/52000/52772/5277295.ts
03:48:04.687 EXTRA: The retry attempts have been exhausted and the download of this segment has failed.
Exception  => The SSL connection could not be established, see inner exception.
Url        => https://adoda-smart-coin.mushroomtrack.com/hls/cFPIPG3VKA6g5h7SJjQ0aw/1758149227/52000/52772/5277295.ts
03:48:04.687 EXTRA: Ah oh!
RetryCount => 2
Exception  => The SSL connection could not be established, see inner exception.
Url        => https://adoda-smart-coin.mushroomtrack.com/hls/cFPIPG3VKA6g5h7SJjQ0aw/1758149227/52000/52772/52772109.ts
03:48:04.687 WARN : The SSL connection could not be established, see inner exception.
03:48:04.687 EXTRA: Ah oh!
RetryCount => 0
Exception  => The SSL connection could not be established, see inner exception.
Url        => https://adoda-smart-coin.mushroomtrack.com/hls/cFPIPG3VKA6g5h7SJjQ0aw/1758149227/52000/52772/5277294.ts
03:48:04.687 EXTRA: The retry attempts have been exhausted and the download of this segment has failed.
Exception  => The SSL connection could not be established, see inner exception.
Url        => https://adoda-smart-coin.mushroomtrack.com/hls/cFPIPG3VKA6g5h7SJjQ0aw/1758149227/52000/52772/5277294.ts
03:48:04.688 WARN : The SSL connection could not be established, see inner exception.
03:48:04.696 EXTRA: Ah oh!
RetryCount => 1
Exception  => The SSL connection could not be established, see inner exception.
Url        => https://adoda-smart-coin.mushroomtrack.com/hls/cFPIPG3VKA6g5h7SJjQ0aw/1758149227/52000/52772/52772102.ts
03:48:04.702 EXTRA: Ah oh!
RetryCount => 3
Exception  => The SSL connection could not be established, see inner exception.
Url        => https://adoda-smart-coin.mushroomtrack.com/hls/cFPIPG3VKA6g5h7SJjQ0aw/1758149227/52000/52772/52772119.ts
03:48:04.703 EXTRA: Ah oh!
RetryCount => 3
Exception  => The SSL connection could not be established, see inner exception.
Url        => https://adoda-smart-coin.mushroomtrack.com/hls/cFPIPG3VKA6g5h7SJjQ0aw/1758149227/52000/52772/52772120.ts
03:48:04.706 EXTRA: Ah oh!
RetryCount => 3
Exception  => The SSL connection could not be established, see inner exception.
Url        => https://adoda-smart-coin.mushroomtrack.com/hls/cFPIPG3VKA6g5h7SJjQ0aw/1758149227/52000/52772/52772121.ts
03:48:04.706 EXTRA: Ah oh!
RetryCount => 3
Exception  => The SSL connection could not be established, see inner exception.
Url        => https://adoda-smart-coin.mushroomtrack.com/hls/cFPIPG3VKA6g5h7SJjQ0aw/1758149227/52000/52772/52772122.ts
03:48:04.707 EXTRA: Ah oh!
RetryCount => 3
Exception  => The SSL connection could not be established, see inner exception.
Url        => https://adoda-smart-coin.mushroomtrack.com/hls/cFPIPG3VKA6g5h7SJjQ0aw/1758149227/52000/52772/52772123.ts
03:48:04.709 EXTRA: Ah oh!
RetryCount => 3
Exception  => The SSL connection could not be established, see inner exception.
Url        => https://adoda-smart-coin.mushroomtrack.com/hls/cFPIPG3VKA6g5h7SJjQ0aw/1758149227/52000/52772/52772124.ts
03:48:04.710 EXTRA: Ah oh!
RetryCount => 3
Exception  => The SSL connection could not be established, see inner exception.
Url        => https://adoda-smart-coin.mushroomtrack.com/hls/cFPIPG3VKA6g5h7SJjQ0aw/1758149227/52000/52772/52772125.ts
03:48:04.712 EXTRA: Ah oh!
RetryCount => 3
Exception  => The SSL connection could not be established, see inner exception.
Url        => https://adoda-smart-coin.mushroomtrack.com/hls/cFPIPG3VKA6g5h7SJjQ0aw/1758149227/52000/52772/52772126.ts
03:48:04.713 EXTRA: Ah oh!
RetryCount => 3
Exception  => The SSL connection could not be established, see inner exception.
Url        => https://adoda-smart-coin.mushroomtrack.com/hls/cFPIPG3VKA6g5h7SJjQ0aw/1758149227/52000/52772/52772127.ts
03:48:04.715 EXTRA: Ah oh!
RetryCount => 3
Exception  => The SSL connection could not be established, see inner exception.
Url        => https://adoda-smart-coin.mushroomtrack.com/hls/cFPIPG3VKA6g5h7SJjQ0aw/1758149227/52000/52772/52772128.ts
03:48:04.717 EXTRA: Ah oh!
RetryCount => 3
Exception  => The SSL connection could not be established, see inner exception.
Url        => https://adoda-smart-coin.mushroomtrack.com/hls/cFPIPG3VKA6g5h7SJjQ0aw/1758149227/52000/52772/52772129.ts
03:48:04.718 EXTRA: Ah oh!
RetryCount => 3
Exception  => The SSL connection could not be established, see inner exception.
Url        => https://adoda-smart-coin.mushroomtrack.com/hls/cFPIPG3VKA6g5h7SJjQ0aw/1758149227/52000/52772/52772130.ts
03:48:04.721 EXTRA: Ah oh!
RetryCount => 3
Exception  => The SSL connection could not be established, see inner exception.
Url        => https://adoda-smart-coin.mushroomtrack.com/hls/cFPIPG3VKA6g5h7SJjQ0aw/1758149227/52000/52772/52772131.ts
03:48:04.721 EXTRA: Ah oh!
RetryCount => 3
Exception  => The SSL connection could not be established, see inner exception.
Url        => https://adoda-smart-coin.mushroomtrack.com/hls/cFPIPG3VKA6g5h7SJjQ0aw/1758149227/52000/52772/52772132.ts
03:48:04.722 EXTRA: Ah oh!
RetryCount => 3
Exception  => The SSL connection could not be established, see inner exception.
Url        => https://adoda-smart-coin.mushroomtrack.com/hls/cFPIPG3VKA6g5h7SJjQ0aw/1758149227/52000/52772/52772133.ts
03:48:04.723 EXTRA: Ah oh!
RetryCount => 3
Exception  => The SSL connection could not be established, see inner exception.
Url        => https://adoda-smart-coin.mushroomtrack.com/hls/cFPIPG3VKA6g5h7SJjQ0aw/1758149227/52000/52772/52772134.ts
03:48:05.659 EXTRA: Ah oh!
RetryCount => 3
Exception  => The SSL connection could not be established, see inner exception.
Url        => https://adoda-smart-coin.mushroomtrack.com/hls/cFPIPG3VKA6g5h7SJjQ0aw/1758149227/52000/52772/52772136.ts
03:48:06.657 EXTRA: Ah oh!
RetryCount => 3
Exception  => The SSL connection could not be established, see inner exception.
Url        => https://adoda-smart-coin.mushroomtrack.com/hls/cFPIPG3VKA6g5h7SJjQ0aw/1758149227/52000/52772/52772138.ts
03:48:06.679 EXTRA: Ah oh!
RetryCount => 0
Exception  => The SSL connection could not be established, see inner exception.
Url        => https://adoda-smart-coin.mushroomtrack.com/hls/cFPIPG3VKA6g5h7SJjQ0aw/1758149227/52000/52772/5277297.ts
03:48:06.679 EXTRA: The retry attempts have been exhausted and the download of this segment has failed.
Exception  => The SSL connection could not be established, see inner exception.
Url        => https://adoda-smart-coin.mushroomtrack.com/hls/cFPIPG3VKA6g5h7SJjQ0aw/1758149227/52000/52772/5277297.ts
03:48:06.679 WARN : The SSL connection could not be established, see inner exception.
03:48:09.692 EXTRA: Ah oh!
RetryCount => 3
Exception  => The SSL connection could not be established, see inner exception.
Url        => https://adoda-smart-coin.mushroomtrack.com/hls/cFPIPG3VKA6g5h7SJjQ0aw/1758149227/52000/52772/52772143.ts
03:48:09.692 EXTRA: Ah oh!
RetryCount => 3
Exception  => The SSL connection could not be established, see inner exception.
Url        => https://adoda-smart-coin.mushroomtrack.com/hls/cFPIPG3VKA6g5h7SJjQ0aw/1758149227/52000/52772/52772144.ts
03:48:10.659 EXTRA: Ah oh!
RetryCount => 3
Exception  => The SSL connection could not be established, see inner exception.
Url        => https://adoda-smart-coin.mushroomtrack.com/hls/cFPIPG3VKA6g5h7SJjQ0aw/1758149227/52000/52772/52772146.ts
03:48:10.691 EXTRA: Ah oh!
RetryCount => 1
Exception  => The SSL connection could not be established, see inner exception.
Url        => https://adoda-smart-coin.mushroomtrack.com/hls/cFPIPG3VKA6g5h7SJjQ0aw/1758149227/52000/52772/52772109.ts
03:48:10.697 EXTRA: Ah oh!
RetryCount => 0
Exception  => The SSL connection could not be established, see inner exception.
Url        => https://adoda-smart-coin.mushroomtrack.com/hls/cFPIPG3VKA6g5h7SJjQ0aw/1758149227/52000/52772/52772102.ts
03:48:10.698 EXTRA: The retry attempts have been exhausted and the download of this segment has failed.
Exception  => The SSL connection could not be established, see inner exception.
Url        => https://adoda-smart-coin.mushroomtrack.com/hls/cFPIPG3VKA6g5h7SJjQ0aw/1758149227/52000/52772/52772102.ts
03:48:10.698 WARN : The SSL connection could not be established, see inner exception.
03:48:10.705 EXTRA: Ah oh!
RetryCount => 2
Exception  => The SSL connection could not be established, see inner exception.
Url        => https://adoda-smart-coin.mushroomtrack.com/hls/cFPIPG3VKA6g5h7SJjQ0aw/1758149227/52000/52772/52772119.ts
03:48:10.706 EXTRA: Ah oh!
RetryCount => 2
Exception  => The SSL connection could not be established, see inner exception.
Url        => https://adoda-smart-coin.mushroomtrack.com/hls/cFPIPG3VKA6g5h7SJjQ0aw/1758149227/52000/52772/52772120.ts
03:48:10.710 EXTRA: Ah oh!
RetryCount => 2
Exception  => The SSL connection could not be established, see inner exception.
Url        => https://adoda-smart-coin.mushroomtrack.com/hls/cFPIPG3VKA6g5h7SJjQ0aw/1758149227/52000/52772/52772121.ts
03:48:10.710 EXTRA: Ah oh!
RetryCount => 2
Exception  => The SSL connection could not be established, see inner exception.
Url        => https://adoda-smart-coin.mushroomtrack.com/hls/cFPIPG3VKA6g5h7SJjQ0aw/1758149227/52000/52772/52772122.ts
03:48:10.711 EXTRA: Ah oh!
RetryCount => 2
Exception  => The SSL connection could not be established, see inner exception.
Url        => https://adoda-smart-coin.mushroomtrack.com/hls/cFPIPG3VKA6g5h7SJjQ0aw/1758149227/52000/52772/52772123.ts
03:48:10.713 EXTRA: Ah oh!
RetryCount => 2
Exception  => The SSL connection could not be established, see inner exception.
Url        => https://adoda-smart-coin.mushroomtrack.com/hls/cFPIPG3VKA6g5h7SJjQ0aw/1758149227/52000/52772/52772125.ts
03:48:10.713 EXTRA: Ah oh!
RetryCount => 2
Exception  => The SSL connection could not be established, see inner exception.
Url        => https://adoda-smart-coin.mushroomtrack.com/hls/cFPIPG3VKA6g5h7SJjQ0aw/1758149227/52000/52772/52772124.ts
03:48:10.715 EXTRA: Ah oh!
RetryCount => 2
Exception  => The SSL connection could not be established, see inner exception.
Url        => https://adoda-smart-coin.mushroomtrack.com/hls/cFPIPG3VKA6g5h7SJjQ0aw/1758149227/52000/52772/52772126.ts
03:48:10.716 EXTRA: Ah oh!
RetryCount => 2
Exception  => The SSL connection could not be established, see inner exception.
Url        => https://adoda-smart-coin.mushroomtrack.com/hls/cFPIPG3VKA6g5h7SJjQ0aw/1758149227/52000/52772/52772127.ts
03:48:10.718 EXTRA: Ah oh!
RetryCount => 2
Exception  => The SSL connection could not be established, see inner exception.
Url        => https://adoda-smart-coin.mushroomtrack.com/hls/cFPIPG3VKA6g5h7SJjQ0aw/1758149227/52000/52772/52772128.ts
03:48:10.722 EXTRA: Ah oh!
RetryCount => 2
Exception  => The SSL connection could not be established, see inner exception.
Url        => https://adoda-smart-coin.mushroomtrack.com/hls/cFPIPG3VKA6g5h7SJjQ0aw/1758149227/52000/52772/52772129.ts
03:48:10.724 EXTRA: Ah oh!
RetryCount => 2
Exception  => The SSL connection could not be established, see inner exception.
Url        => https://adoda-smart-coin.mushroomtrack.com/hls/cFPIPG3VKA6g5h7SJjQ0aw/1758149227/52000/52772/52772130.ts
03:48:10.724 EXTRA: Ah oh!
RetryCount => 2
Exception  => The SSL connection could not be established, see inner exception.
Url        => https://adoda-smart-coin.mushroomtrack.com/hls/cFPIPG3VKA6g5h7SJjQ0aw/1758149227/52000/52772/52772131.ts
03:48:10.725 EXTRA: Ah oh!
RetryCount => 2
Exception  => The SSL connection could not be established, see inner exception.
Url        => https://adoda-smart-coin.mushroomtrack.com/hls/cFPIPG3VKA6g5h7SJjQ0aw/1758149227/52000/52772/52772132.ts
03:48:10.726 EXTRA: Ah oh!
RetryCount => 2
Exception  => The SSL connection could not be established, see inner exception.
Url        => https://adoda-smart-coin.mushroomtrack.com/hls/cFPIPG3VKA6g5h7SJjQ0aw/1758149227/52000/52772/52772133.ts
03:48:10.727 EXTRA: Ah oh!
RetryCount => 2
Exception  => The SSL connection could not be established, see inner exception.
Url        => https://adoda-smart-coin.mushroomtrack.com/hls/cFPIPG3VKA6g5h7SJjQ0aw/1758149227/52000/52772/52772134.ts
03:48:11.663 EXTRA: Ah oh!
RetryCount => 2
Exception  => The SSL connection could not be established, see inner exception.
Url        => https://adoda-smart-coin.mushroomtrack.com/hls/cFPIPG3VKA6g5h7SJjQ0aw/1758149227/52000/52772/52772136.ts
03:48:11.682 EXTRA: Ah oh!
RetryCount => 3
Exception  => The SSL connection could not be established, see inner exception.
Url        => https://adoda-smart-coin.mushroomtrack.com/hls/cFPIPG3VKA6g5h7SJjQ0aw/1758149227/52000/52772/52772148.ts
03:48:14.656 EXTRA: Ah oh!
RetryCount => 3
Exception  => The SSL connection could not be established, see inner exception.
Url        => https://adoda-smart-coin.mushroomtrack.com/hls/cFPIPG3VKA6g5h7SJjQ0aw/1758149227/52000/52772/52772153.ts
03:48:15.696 EXTRA: Ah oh!
RetryCount => 2
Exception  => The SSL connection could not be established, see inner exception.
Url        => https://adoda-smart-coin.mushroomtrack.com/hls/cFPIPG3VKA6g5h7SJjQ0aw/1758149227/52000/52772/52772144.ts
03:48:15.700 EXTRA: Ah oh!
RetryCount => 3
Exception  => The SSL connection could not be established, see inner exception.
Url        => https://adoda-smart-coin.mushroomtrack.com/hls/cFPIPG3VKA6g5h7SJjQ0aw/1758149227/52000/52772/52772155.ts
03:48:16.694 EXTRA: Ah oh!
RetryCount => 0
Exception  => The SSL connection could not be established, see inner exception.
Url        => https://adoda-smart-coin.mushroomtrack.com/hls/cFPIPG3VKA6g5h7SJjQ0aw/1758149227/52000/52772/52772109.ts
03:48:16.695 EXTRA: The retry attempts have been exhausted and the download of this segment has failed.
Exception  => The SSL connection could not be established, see inner exception.
Url        => https://adoda-smart-coin.mushroomtrack.com/hls/cFPIPG3VKA6g5h7SJjQ0aw/1758149227/52000/52772/52772109.ts
03:48:16.695 WARN : The SSL connection could not be established, see inner exception.
03:48:16.708 EXTRA: Ah oh!
RetryCount => 1
Exception  => The SSL connection could not be established, see inner exception.
Url        => https://adoda-smart-coin.mushroomtrack.com/hls/cFPIPG3VKA6g5h7SJjQ0aw/1758149227/52000/52772/52772120.ts
03:48:16.708 EXTRA: Ah oh!
RetryCount => 1
Exception  => The SSL connection could not be established, see inner exception.
Url        => https://adoda-smart-coin.mushroomtrack.com/hls/cFPIPG3VKA6g5h7SJjQ0aw/1758149227/52000/52772/52772119.ts
03:48:16.713 EXTRA: Ah oh!
RetryCount => 1
Exception  => The SSL connection could not be established, see inner exception.
Url        => https://adoda-smart-coin.mushroomtrack.com/hls/cFPIPG3VKA6g5h7SJjQ0aw/1758149227/52000/52772/52772122.ts
03:48:16.715 EXTRA: Ah oh!
RetryCount => 1
Exception  => The SSL connection could not be established, see inner exception.
Url        => https://adoda-smart-coin.mushroomtrack.com/hls/cFPIPG3VKA6g5h7SJjQ0aw/1758149227/52000/52772/52772121.ts
03:48:16.716 EXTRA: Ah oh!
RetryCount => 1
Exception  => The SSL connection could not be established, see inner exception.
Url        => https://adoda-smart-coin.mushroomtrack.com/hls/cFPIPG3VKA6g5h7SJjQ0aw/1758149227/52000/52772/52772123.ts
03:48:16.726 EXTRA: Ah oh!
RetryCount => 1
Exception  => The SSL connection could not be established, see inner exception.
Url        => https://adoda-smart-coin.mushroomtrack.com/hls/cFPIPG3VKA6g5h7SJjQ0aw/1758149227/52000/52772/52772124.ts
03:48:16.727 EXTRA: Ah oh!
RetryCount => 1
Exception  => The SSL connection could not be established, see inner exception.
Url        => https://adoda-smart-coin.mushroomtrack.com/hls/cFPIPG3VKA6g5h7SJjQ0aw/1758149227/52000/52772/52772127.ts
03:48:16.727 EXTRA: Ah oh!
RetryCount => 1
Exception  => The SSL connection could not be established, see inner exception.
Url        => https://adoda-smart-coin.mushroomtrack.com/hls/cFPIPG3VKA6g5h7SJjQ0aw/1758149227/52000/52772/52772126.ts
03:48:16.728 EXTRA: Ah oh!
RetryCount => 1
Exception  => The SSL connection could not be established, see inner exception.
Url        => https://adoda-smart-coin.mushroomtrack.com/hls/cFPIPG3VKA6g5h7SJjQ0aw/1758149227/52000/52772/52772128.ts
03:48:16.728 EXTRA: Ah oh!
RetryCount => 1
Exception  => The SSL connection could not be established, see inner exception.
Url        => https://adoda-smart-coin.mushroomtrack.com/hls/cFPIPG3VKA6g5h7SJjQ0aw/1758149227/52000/52772/52772125.ts
03:48:16.731 EXTRA: Ah oh!
RetryCount => 1
Exception  => The SSL connection could not be established, see inner exception.
Url        => https://adoda-smart-coin.mushroomtrack.com/hls/cFPIPG3VKA6g5h7SJjQ0aw/1758149227/52000/52772/52772130.ts
03:48:16.740 EXTRA: Ah oh!
RetryCount => 1
Exception  => The SSL connection could not be established, see inner exception.
Url        => https://adoda-smart-coin.mushroomtrack.com/hls/cFPIPG3VKA6g5h7SJjQ0aw/1758149227/52000/52772/52772132.ts
03:48:16.740 EXTRA: Ah oh!
RetryCount => 1
Exception  => The SSL connection could not be established, see inner exception.
Url        => https://adoda-smart-coin.mushroomtrack.com/hls/cFPIPG3VKA6g5h7SJjQ0aw/1758149227/52000/52772/52772129.ts
03:48:16.741 EXTRA: Ah oh!
RetryCount => 1
Exception  => The SSL connection could not be established, see inner exception.
Url        => https://adoda-smart-coin.mushroomtrack.com/hls/cFPIPG3VKA6g5h7SJjQ0aw/1758149227/52000/52772/52772131.ts
03:48:16.741 EXTRA: Ah oh!
RetryCount => 1
Exception  => The SSL connection could not be established, see inner exception.
Url        => https://adoda-smart-coin.mushroomtrack.com/hls/cFPIPG3VKA6g5h7SJjQ0aw/1758149227/52000/52772/52772134.ts
03:48:16.741 EXTRA: Ah oh!
RetryCount => 1
Exception  => The SSL connection could not be established, see inner exception.
Url        => https://adoda-smart-coin.mushroomtrack.com/hls/cFPIPG3VKA6g5h7SJjQ0aw/1758149227/52000/52772/52772133.ts
03:48:17.686 EXTRA: Ah oh!
RetryCount => 1
Exception  => The SSL connection could not be established, see inner exception.
Url        => https://adoda-smart-coin.mushroomtrack.com/hls/cFPIPG3VKA6g5h7SJjQ0aw/1758149227/52000/52772/52772136.ts
03:48:17.686 EXTRA: Ah oh!
RetryCount => 2
Exception  => The SSL connection could not be established, see inner exception.
Url        => https://adoda-smart-coin.mushroomtrack.com/hls/cFPIPG3VKA6g5h7SJjQ0aw/1758149227/52000/52772/52772148.ts
03:48:18.702 EXTRA: Ah oh!
RetryCount => 3
Exception  => The SSL connection could not be established, see inner exception.
Url        => https://adoda-smart-coin.mushroomtrack.com/hls/cFPIPG3VKA6g5h7SJjQ0aw/1758149227/52000/52772/52772160.ts
03:48:20.659 EXTRA: Ah oh!
RetryCount => 3
Exception  => The SSL connection could not be established, see inner exception.
Url        => https://adoda-smart-coin.mushroomtrack.com/hls/cFPIPG3VKA6g5h7SJjQ0aw/1758149227/52000/52772/52772162.ts
03:48:20.661 EXTRA: Ah oh!
RetryCount => 3
Exception  => The SSL connection could not be established, see inner exception.
Url        => https://adoda-smart-coin.mushroomtrack.com/hls/cFPIPG3VKA6g5h7SJjQ0aw/1758149227/52000/52772/52772163.ts
03:48:20.697 EXTRA: Ah oh!
RetryCount => 2
Exception  => The SSL connection could not be established, see inner exception.
Url        => https://adoda-smart-coin.mushroomtrack.com/hls/cFPIPG3VKA6g5h7SJjQ0aw/1758149227/52000/52772/52772153.ts
03:48:21.661 EXTRA: Ah oh!
RetryCount => 3
Exception  => The SSL connection could not be established, see inner exception.
Url        => https://adoda-smart-coin.mushroomtrack.com/hls/cFPIPG3VKA6g5h7SJjQ0aw/1758149227/52000/52772/52772164.ts
03:48:21.664 EXTRA: Ah oh!
RetryCount => 3
Exception  => The SSL connection could not be established, see inner exception.
Url        => https://adoda-smart-coin.mushroomtrack.com/hls/cFPIPG3VKA6g5h7SJjQ0aw/1758149227/52000/52772/52772165.ts
03:48:21.700 EXTRA: Ah oh!
RetryCount => 1
Exception  => The SSL connection could not be established, see inner exception.
Url        => https://adoda-smart-coin.mushroomtrack.com/hls/cFPIPG3VKA6g5h7SJjQ0aw/1758149227/52000/52772/52772144.ts
03:48:21.700 EXTRA: Ah oh!
RetryCount => 3
Exception  => The SSL connection could not be established, see inner exception.
Url        => https://adoda-smart-coin.mushroomtrack.com/hls/cFPIPG3VKA6g5h7SJjQ0aw/1758149227/52000/52772/52772166.ts
03:48:21.703 EXTRA: Ah oh!
RetryCount => 2
Exception  => The SSL connection could not be established, see inner exception.
Url        => https://adoda-smart-coin.mushroomtrack.com/hls/cFPIPG3VKA6g5h7SJjQ0aw/1758149227/52000/52772/52772155.ts
03:48:22.664 EXTRA: Ah oh!
RetryCount => 3
Exception  => The SSL connection could not be established, see inner exception.
Url        => https://adoda-smart-coin.mushroomtrack.com/hls/cFPIPG3VKA6g5h7SJjQ0aw/1758149227/52000/52772/52772167.ts
03:48:22.666 EXTRA: Ah oh!
RetryCount => 3
Exception  => The SSL connection could not be established, see inner exception.
Url        => https://adoda-smart-coin.mushroomtrack.com/hls/cFPIPG3VKA6g5h7SJjQ0aw/1758149227/52000/52772/52772168.ts
03:48:22.712 EXTRA: Ah oh!
RetryCount => 0
Exception  => The SSL connection could not be established, see inner exception.
Url        => https://adoda-smart-coin.mushroomtrack.com/hls/cFPIPG3VKA6g5h7SJjQ0aw/1758149227/52000/52772/52772119.ts
03:48:22.712 EXTRA: The retry attempts have been exhausted and the download of this segment has failed.
Exception  => The SSL connection could not be established, see inner exception.
Url        => https://adoda-smart-coin.mushroomtrack.com/hls/cFPIPG3VKA6g5h7SJjQ0aw/1758149227/52000/52772/52772119.ts
03:48:22.712 EXTRA: Ah oh!
RetryCount => 0
Exception  => The SSL connection could not be established, see inner exception.
Url        => https://adoda-smart-coin.mushroomtrack.com/hls/cFPIPG3VKA6g5h7SJjQ0aw/1758149227/52000/52772/52772120.ts
03:48:22.712 EXTRA: The retry attempts have been exhausted and the download of this segment has failed.
Exception  => The SSL connection could not be established, see inner exception.
Url        => https://adoda-smart-coin.mushroomtrack.com/hls/cFPIPG3VKA6g5h7SJjQ0aw/1758149227/52000/52772/52772120.ts
03:48:22.712 WARN : The SSL connection could not be established, see inner exception.
03:48:22.712 WARN : The SSL connection could not be established, see inner exception.
03:48:22.717 EXTRA: Ah oh!
RetryCount => 0
Exception  => The SSL connection could not be established, see inner exception.
Url        => https://adoda-smart-coin.mushroomtrack.com/hls/cFPIPG3VKA6g5h7SJjQ0aw/1758149227/52000/52772/52772121.ts
03:48:22.717 EXTRA: The retry attempts have been exhausted and the download of this segment has failed.
Exception  => The SSL connection could not be established, see inner exception.
Url        => https://adoda-smart-coin.mushroomtrack.com/hls/cFPIPG3VKA6g5h7SJjQ0aw/1758149227/52000/52772/52772121.ts
03:48:22.717 WARN : The SSL connection could not be established, see inner exception.
03:48:22.718 EXTRA: Ah oh!
RetryCount => 0
Exception  => The SSL connection could not be established, see inner exception.
Url        => https://adoda-smart-coin.mushroomtrack.com/hls/cFPIPG3VKA6g5h7SJjQ0aw/1758149227/52000/52772/52772122.ts
03:48:22.718 EXTRA: The retry attempts have been exhausted and the download of this segment has failed.
Exception  => The SSL connection could not be established, see inner exception.
Url        => https://adoda-smart-coin.mushroomtrack.com/hls/cFPIPG3VKA6g5h7SJjQ0aw/1758149227/52000/52772/52772122.ts
03:48:22.718 WARN : The SSL connection could not be established, see inner exception.
03:48:22.719 EXTRA: Ah oh!
RetryCount => 0
Exception  => The SSL connection could not be established, see inner exception.
Url        => https://adoda-smart-coin.mushroomtrack.com/hls/cFPIPG3VKA6g5h7SJjQ0aw/1758149227/52000/52772/52772123.ts
03:48:22.719 EXTRA: The retry attempts have been exhausted and the download of this segment has failed.
Exception  => The SSL connection could not be established, see inner exception.
Url        => https://adoda-smart-coin.mushroomtrack.com/hls/cFPIPG3VKA6g5h7SJjQ0aw/1758149227/52000/52772/52772123.ts
03:48:22.719 WARN : The SSL connection could not be established, see inner exception.
03:48:22.730 EXTRA: Ah oh!
RetryCount => 0
Exception  => The SSL connection could not be established, see inner exception.
Url        => https://adoda-smart-coin.mushroomtrack.com/hls/cFPIPG3VKA6g5h7SJjQ0aw/1758149227/52000/52772/52772124.ts
03:48:22.730 EXTRA: The retry attempts have been exhausted and the download of this segment has failed.
Exception  => The SSL connection could not be established, see inner exception.
Url        => https://adoda-smart-coin.mushroomtrack.com/hls/cFPIPG3VKA6g5h7SJjQ0aw/1758149227/52000/52772/52772124.ts
03:48:22.730 WARN : The SSL connection could not be established, see inner exception.
03:48:22.731 EXTRA: Ah oh!
RetryCount => 0
Exception  => The SSL connection could not be established, see inner exception.
Url        => https://adoda-smart-coin.mushroomtrack.com/hls/cFPIPG3VKA6g5h7SJjQ0aw/1758149227/52000/52772/52772126.ts
03:48:22.731 EXTRA: The retry attempts have been exhausted and the download of this segment has failed.
Exception  => The SSL connection could not be established, see inner exception.
Url        => https://adoda-smart-coin.mushroomtrack.com/hls/cFPIPG3VKA6g5h7SJjQ0aw/1758149227/52000/52772/52772126.ts
03:48:22.731 WARN : The SSL connection could not be established, see inner exception.
03:48:22.733 EXTRA: Ah oh!
RetryCount => 0
Exception  => The SSL connection could not be established, see inner exception.
Url        => https://adoda-smart-coin.mushroomtrack.com/hls/cFPIPG3VKA6g5h7SJjQ0aw/1758149227/52000/52772/52772128.ts
03:48:22.733 EXTRA: The retry attempts have been exhausted and the download of this segment has failed.
Exception  => The SSL connection could not be established, see inner exception.
Url        => https://adoda-smart-coin.mushroomtrack.com/hls/cFPIPG3VKA6g5h7SJjQ0aw/1758149227/52000/52772/52772128.ts
03:48:22.733 WARN : The SSL connection could not be established, see inner exception.
03:48:22.743 EXTRA: Ah oh!
RetryCount => 0
Exception  => The SSL connection could not be established, see inner exception.
Url        => https://adoda-smart-coin.mushroomtrack.com/hls/cFPIPG3VKA6g5h7SJjQ0aw/1758149227/52000/52772/52772125.ts
03:48:22.743 EXTRA: The retry attempts have been exhausted and the download of this segment has failed.
Exception  => The SSL connection could not be established, see inner exception.
Url        => https://adoda-smart-coin.mushroomtrack.com/hls/cFPIPG3VKA6g5h7SJjQ0aw/1758149227/52000/52772/52772125.ts
03:48:22.743 EXTRA: Ah oh!
RetryCount => 0
Exception  => The SSL connection could not be established, see inner exception.
Url        => https://adoda-smart-coin.mushroomtrack.com/hls/cFPIPG3VKA6g5h7SJjQ0aw/1758149227/52000/52772/52772130.ts
03:48:22.743 EXTRA: The retry attempts have been exhausted and the download of this segment has failed.
Exception  => The SSL connection could not be established, see inner exception.
Url        => https://adoda-smart-coin.mushroomtrack.com/hls/cFPIPG3VKA6g5h7SJjQ0aw/1758149227/52000/52772/52772130.ts
03:48:22.743 WARN : The SSL connection could not be established, see inner exception.
03:48:22.746 EXTRA: Ah oh!
RetryCount => 0
Exception  => The SSL connection could not be established, see inner exception.
Url        => https://adoda-smart-coin.mushroomtrack.com/hls/cFPIPG3VKA6g5h7SJjQ0aw/1758149227/52000/52772/52772127.ts
03:48:22.746 EXTRA: The retry attempts have been exhausted and the download of this segment has failed.
Exception  => The SSL connection could not be established, see inner exception.
Url        => https://adoda-smart-coin.mushroomtrack.com/hls/cFPIPG3VKA6g5h7SJjQ0aw/1758149227/52000/52772/52772127.ts
03:48:22.746 WARN : The SSL connection could not be established, see inner exception.
03:48:22.743 WARN : The SSL connection could not be established, see inner exception.
03:48:22.747 EXTRA: Ah oh!
RetryCount => 0
Exception  => The SSL connection could not be established, see inner exception.
Url        => https://adoda-smart-coin.mushroomtrack.com/hls/cFPIPG3VKA6g5h7SJjQ0aw/1758149227/52000/52772/52772129.ts
03:48:22.747 EXTRA: The retry attempts have been exhausted and the download of this segment has failed.
Exception  => The SSL connection could not be established, see inner exception.
Url        => https://adoda-smart-coin.mushroomtrack.com/hls/cFPIPG3VKA6g5h7SJjQ0aw/1758149227/52000/52772/52772129.ts
03:48:22.747 WARN : The SSL connection could not be established, see inner exception.
03:48:22.752 EXTRA: Ah oh!
RetryCount => 0
Exception  => The SSL connection could not be established, see inner exception.
Url        => https://adoda-smart-coin.mushroomtrack.com/hls/cFPIPG3VKA6g5h7SJjQ0aw/1758149227/52000/52772/52772132.ts
03:48:22.752 EXTRA: The retry attempts have been exhausted and the download of this segment has failed.
Exception  => The SSL connection could not be established, see inner exception.
Url        => https://adoda-smart-coin.mushroomtrack.com/hls/cFPIPG3VKA6g5h7SJjQ0aw/1758149227/52000/52772/52772132.ts
03:48:22.752 EXTRA: Ah oh!
RetryCount => 0
Exception  => The SSL connection could not be established, see inner exception.
Url        => https://adoda-smart-coin.mushroomtrack.com/hls/cFPIPG3VKA6g5h7SJjQ0aw/1758149227/52000/52772/52772133.ts
03:48:22.752 EXTRA: The retry attempts have been exhausted and the download of this segment has failed.
Exception  => The SSL connection could not be established, see inner exception.
Url        => https://adoda-smart-coin.mushroomtrack.com/hls/cFPIPG3VKA6g5h7SJjQ0aw/1758149227/52000/52772/52772133.ts
03:48:22.752 WARN : The SSL connection could not be established, see inner exception.
03:48:22.753 EXTRA: Ah oh!
RetryCount => 0
Exception  => The SSL connection could not be established, see inner exception.
Url        => https://adoda-smart-coin.mushroomtrack.com/hls/cFPIPG3VKA6g5h7SJjQ0aw/1758149227/52000/52772/52772131.ts
03:48:22.753 EXTRA: The retry attempts have been exhausted and the download of this segment has failed.
Exception  => The SSL connection could not be established, see inner exception.
Url        => https://adoda-smart-coin.mushroomtrack.com/hls/cFPIPG3VKA6g5h7SJjQ0aw/1758149227/52000/52772/52772131.ts
03:48:22.753 WARN : The SSL connection could not be established, see inner exception.
03:48:22.752 WARN : The SSL connection could not be established, see inner exception.
03:48:22.755 EXTRA: Ah oh!
RetryCount => 0
Exception  => The SSL connection could not be established, see inner exception.
Url        => https://adoda-smart-coin.mushroomtrack.com/hls/cFPIPG3VKA6g5h7SJjQ0aw/1758149227/52000/52772/52772134.ts
03:48:22.756 EXTRA: The retry attempts have been exhausted and the download of this segment has failed.
Exception  => The SSL connection could not be established, see inner exception.
Url        => https://adoda-smart-coin.mushroomtrack.com/hls/cFPIPG3VKA6g5h7SJjQ0aw/1758149227/52000/52772/52772134.ts
03:48:22.756 WARN : The SSL connection could not be established, see inner exception.
