LOG 2025/09/18
Save Path: /home/super/DockerData/Movie_SP/tools/m3u8_Downloader/Logs
Task Start: 2025/09/18 10:09:20
Task CommandLine: /home/super/DockerData/Movie_SP/tools/m3u8_Downloader/N_m3u8DL-RE https://surrit.com/0a5c3191-ff89-4762-aa23-810bb5c242ce/720p/video.m3u8 --auto-select True --thread-count 32 --tmp-dir /mnt/mac/SATA_SSD_2T/000-Movie_SP/000-Movie_SP_tmp/N_m3u8DL_RE/IPZZ-668 --save-dir /mnt/mac/SATA_SSD_2T/000-Movie_SP/000-JAV/Jable_cnSUB/IPZZ-668 --save-name IPZZ-668-C --custom-proxy http://10.10.10.88:7890

10:09:20.507 INFO : N_m3u8DL-RE (Beta version) 20241203
10:09:20.517 EXTRA: ffmpeg => /usr/bin/ffmpeg
10:09:20.517 INFO : Loading URL: https://surrit.com/0a5c3191-ff89-4762-aa23-810bb5c242ce/720p/video.m3u8
10:09:28.292 WARN : The SSL connection could not be established, see inner exception. (1/10)
10:09:29.792 INFO : Loading URL: https://surrit.com/0a5c3191-ff89-4762-aa23-810bb5c242ce/720p/video.m3u8
10:09:34.798 WARN : The SSL connection could not be established, see inner exception. (2/10)
10:09:36.299 INFO : Loading URL: https://surrit.com/0a5c3191-ff89-4762-aa23-810bb5c242ce/720p/video.m3u8
10:09:41.302 WARN : The SSL connection could not be established, see inner exception. (3/10)
10:09:42.802 INFO : Loading URL: https://surrit.com/0a5c3191-ff89-4762-aa23-810bb5c242ce/720p/video.m3u8
10:09:47.805 WARN : The SSL connection could not be established, see inner exception. (4/10)
10:09:49.307 INFO : Loading URL: https://surrit.com/0a5c3191-ff89-4762-aa23-810bb5c242ce/720p/video.m3u8
10:09:54.310 WARN : The SSL connection could not be established, see inner exception. (5/10)
10:09:55.811 INFO : Loading URL: https://surrit.com/0a5c3191-ff89-4762-aa23-810bb5c242ce/720p/video.m3u8
10:10:00.780 WARN : The SSL connection could not be established, see inner exception. (6/10)
10:10:02.281 INFO : Loading URL: https://surrit.com/0a5c3191-ff89-4762-aa23-810bb5c242ce/720p/video.m3u8
10:10:11.354 WARN : The SSL connection could not be established, see inner exception. (7/10)
10:10:12.855 INFO : Loading URL: https://surrit.com/0a5c3191-ff89-4762-aa23-810bb5c242ce/720p/video.m3u8
10:10:17.859 WARN : The SSL connection could not be established, see inner exception. (8/10)
10:10:19.359 INFO : Loading URL: https://surrit.com/0a5c3191-ff89-4762-aa23-810bb5c242ce/720p/video.m3u8
10:10:24.365 WARN : The SSL connection could not be established, see inner exception. (9/10)
10:10:25.865 INFO : Loading URL: https://surrit.com/0a5c3191-ff89-4762-aa23-810bb5c242ce/720p/video.m3u8
10:10:30.871 WARN : The SSL connection could not be established, see inner exception. (10/10)
10:10:32.372 ERROR: Failed to execute action after 10 retries.
