LOG 2025/09/18
Save Path: /home/super/DockerData/Movie_SP/tools/m3u8_Downloader/Logs
Task Start: 2025/09/18 10:12:31
Task CommandLine: /home/super/DockerData/Movie_SP/tools/m3u8_Downloader/N_m3u8DL-RE https://surrit.com/3bdd6117-08fa-4749-b1d0-71b9bb969509/720p/video.m3u8 --auto-select True --thread-count 32 --tmp-dir /mnt/mac/SATA_SSD_2T/000-Movie_SP/000-Movie_SP_tmp/N_m3u8DL_RE/ABF-255 --save-dir /mnt/mac/SATA_SSD_2T/000-Movie_SP/000-JAV/Jable_cnSUB/ABF-255 --save-name ABF-255-C --custom-proxy http://10.10.10.88:7890

10:12:31.075 INFO : N_m3u8DL-RE (Beta version) 20241203
10:12:31.086 EXTRA: ffmpeg => /usr/bin/ffmpeg
10:12:31.087 INFO : Loading URL: https://surrit.com/3bdd6117-08fa-4749-b1d0-71b9bb969509/720p/video.m3u8
10:12:36.090 WARN : The SSL connection could not be established, see inner exception. (1/10)
10:12:37.592 INFO : Loading URL: https://surrit.com/3bdd6117-08fa-4749-b1d0-71b9bb969509/720p/video.m3u8
10:12:42.595 WARN : The SSL connection could not be established, see inner exception. (2/10)
10:12:44.096 INFO : Loading URL: https://surrit.com/3bdd6117-08fa-4749-b1d0-71b9bb969509/720p/video.m3u8
10:12:49.100 WARN : The SSL connection could not be established, see inner exception. (3/10)
10:12:50.601 INFO : Loading URL: https://surrit.com/3bdd6117-08fa-4749-b1d0-71b9bb969509/720p/video.m3u8
10:12:55.603 WARN : The SSL connection could not be established, see inner exception. (4/10)
10:12:57.105 INFO : Loading URL: https://surrit.com/3bdd6117-08fa-4749-b1d0-71b9bb969509/720p/video.m3u8
10:13:02.108 WARN : The SSL connection could not be established, see inner exception. (5/10)
10:13:03.609 INFO : Loading URL: https://surrit.com/3bdd6117-08fa-4749-b1d0-71b9bb969509/720p/video.m3u8
10:13:08.611 WARN : The SSL connection could not be established, see inner exception. (6/10)
10:13:10.112 INFO : Loading URL: https://surrit.com/3bdd6117-08fa-4749-b1d0-71b9bb969509/720p/video.m3u8
10:13:15.114 WARN : The SSL connection could not be established, see inner exception. (7/10)
10:13:16.614 INFO : Loading URL: https://surrit.com/3bdd6117-08fa-4749-b1d0-71b9bb969509/720p/video.m3u8
10:13:21.616 WARN : The SSL connection could not be established, see inner exception. (8/10)
