LOG 2025/09/17
Save Path: /home/super/DockerData/Movie_SP/tools/m3u8_Downloader/Logs
Task Start: 2025/09/17 13:12:23
Task CommandLine: /home/super/DockerData/Movie_SP/tools/m3u8_Downloader/N_m3u8DL-RE https://qokss-monaw.alonestreaming.com/hls/1XVBlD7Wc8qdaAJ5EecmNQ/1758096742/50000/50700/50700.m3u8 --auto-select True --thread-count 32 --tmp-dir /mnt/mac/SATA_SSD_2T/000-Movie_SP/000-Movie_SP_tmp/N_m3u8DL_RE/PRED-775 --save-dir /mnt/mac/SATA_SSD_2T/000-Movie_SP/000-JAV/白峰美羽/PRED-775 --save-name PRED-775 --custom-proxy http://10.10.10.88:7890

13:12:23.703 INFO : N_m3u8DL-RE (Beta version) 20241203
13:12:23.712 EXTRA: ffmpeg => /usr/bin/ffmpeg
13:12:23.712 INFO : Loading URL: https://qokss-monaw.alonestreaming.com/hls/1XVBlD7Wc8qdaAJ5EecmNQ/1758096742/50000/50700/50700.m3u8
13:12:26.080 INFO : Content Matched: HTTP Live Streaming
13:12:26.080 INFO : Parsing streams...
13:12:26.353 WARN : Writing meta json
13:12:26.389 INFO : Extracted, there are 1 streams, with 1 basic streams, 0 audio streams, 0 subtitle streams
13:12:26.389 INFO : Vid *AES_128 Kbps | 1876 Segments | ~02h05m03s
13:12:26.395 INFO : Selected streams:
13:12:26.396 INFO : Vid *AES_128 Kbps | 1876 Segments | ~02h05m03s
13:12:26.396 WARN : Writing meta json
13:12:26.427 INFO : Save Name: PRED-775
13:12:26.432 INFO : Start downloading...Vid Kbps
13:12:27.108 WARN : Reading media info...
13:12:27.169 INFO : [0x100]: Video, h264 (High) ([27][0][0][0]), 1280x720, 29.97 fps
13:12:27.170 INFO : [0x101]: Audio, aac (LC) ([15][0][0][0]), 9 kb/s
13:13:57.584 INFO : ffmpeg merging...
13:13:57.585 WARN : Segments more than 1800, start partial merge...
13:15:04.129 INFO : Done
