LOG 2025/09/18
Save Path: /home/super/DockerData/Movie_SP/tools/m3u8_Downloader/Logs
Task Start: 2025/09/18 06:09:03
Task CommandLine: /home/super/DockerData/Movie_SP/tools/m3u8_Downloader/N_m3u8DL-RE https://surrit.com/59158b00-5de6-40d1-ae8d-075d4c7cfb3c/720p/video.m3u8 --auto-select True --thread-count 32 --tmp-dir /mnt/mac/SATA_SSD_2T/000-Movie_SP/000-Movie_SP_tmp/N_m3u8DL_RE/MIAB-533 --save-dir /mnt/mac/SATA_SSD_2T/000-Movie_SP/000-JAV/Jable_cnSUB/MIAB-533 --save-name MIAB-533-C --custom-proxy http://10.10.10.88:7890

06:09:03.184 INFO : N_m3u8DL-RE (Beta version) 20241203
06:09:03.193 EXTRA: ffmpeg => /usr/bin/ffmpeg
06:09:03.193 INFO : Loading URL: https://surrit.com/59158b00-5de6-40d1-ae8d-075d4c7cfb3c/720p/video.m3u8
06:09:05.168 INFO : Content Matched: HTTP Live Streaming
06:09:05.168 INFO : Parsing streams...
06:09:05.180 WARN : Writing meta json
06:09:05.189 INFO : Extracted, there are 1 streams, with 1 basic streams, 0 audio streams, 0 subtitle streams
06:09:05.190 INFO : Vid Kbps | 210 Segments | ~13m59s
06:09:05.190 INFO : Selected streams:
06:09:05.190 INFO : Vid Kbps | 210 Segments | ~13m59s
06:09:05.191 WARN : Writing meta json
06:09:05.197 INFO : Save Name: MIAB-533-C
06:09:05.203 INFO : Start downloading...Vid Kbps
06:09:07.281 WARN : Reading media info...
06:09:07.338 INFO : [0x100]: Video, h264 (High) ([27][0][0][0]), 1280x720, 29.83 fps
06:09:07.338 INFO : [0x101]: Audio, aac (LC) ([15][0][0][0]), 134 kb/s
06:09:16.442 INFO : ffmpeg merging...
06:09:21.405 INFO : Done
