LOG 2025/09/18
Save Path: /home/super/DockerData/Movie_SP/tools/m3u8_Downloader/Logs
Task Start: 2025/09/18 05:20:15
Task CommandLine: /home/super/DockerData/Movie_SP/tools/m3u8_Downloader/N_m3u8DL-RE https://asf-doc.mushroomtrack.com/hls/gcm1njPHjjb6kVidtIpj1A/1758154815/53000/53315/53315.m3u8 --auto-select True --thread-count 32 --tmp-dir /mnt/mac/SATA_SSD_2T/000-Movie_SP/000-Movie_SP_tmp/N_m3u8DL_RE/SONE-887 --save-dir /mnt/mac/SATA_SSD_2T/000-Movie_SP/000-JAV/Jable_cnSUB/SONE-887 --save-name SONE-887-C --custom-proxy http://10.10.10.88:7890

05:20:15.542 INFO : N_m3u8DL-RE (Beta version) 20241203
05:20:15.551 EXTRA: ffmpeg => /usr/bin/ffmpeg
05:20:15.551 INFO : Loading URL: https://asf-doc.mushroomtrack.com/hls/gcm1njPHjjb6kVidtIpj1A/1758154815/53000/53315/53315.m3u8
05:20:18.688 INFO : Content Matched: HTTP Live Streaming
05:20:18.689 INFO : Parsing streams...
05:20:19.293 WARN : Writing meta json
05:20:19.328 INFO : Extracted, there are 1 streams, with 1 basic streams, 0 audio streams, 0 subtitle streams
05:20:19.329 INFO : Vid *AES_128 Kbps | 1869 Segments | ~02h04m37s
05:20:19.334 INFO : Selected streams:
05:20:19.335 INFO : Vid *AES_128 Kbps | 1869 Segments | ~02h04m37s
05:20:19.336 WARN : Writing meta json
05:20:19.366 INFO : Save Name: SONE-887-C
05:20:19.372 INFO : Start downloading...Vid Kbps
05:20:20.409 WARN : Reading media info...
05:20:20.467 INFO : [0x100]: Video, h264 (High) ([27][0][0][0]), 1280x720, 59.94 fps
05:20:20.467 INFO : [0x101]: Audio, aac (LC) ([15][0][0][0]), 4 kb/s
05:21:32.721 INFO : ffmpeg merging...
05:21:32.722 WARN : Segments more than 1800, start partial merge...
05:22:40.541 INFO : Done
