LOG 2025/09/18
Save Path: /home/super/DockerData/Movie_SP/tools/m3u8_Downloader/Logs
Task Start: 2025/09/18 06:14:53
Task CommandLine: /home/super/DockerData/Movie_SP/tools/m3u8_Downloader/N_m3u8DL-RE https://surrit.com/bbcbdc3d-d05c-4f4d-b412-9fc81b47426f/720p/video.m3u8 --auto-select True --thread-count 32 --tmp-dir /mnt/mac/SATA_SSD_2T/000-Movie_SP/000-Movie_SP_tmp/N_m3u8DL_RE/DASS-699 --save-dir /mnt/mac/SATA_SSD_2T/000-Movie_SP/000-JAV/Jable_cnSUB/DASS-699 --save-name DASS-699-C --custom-proxy http://10.10.10.88:7890

06:14:53.233 INFO : N_m3u8DL-RE (Beta version) 20241203
06:14:53.242 EXTRA: ffmpeg => /usr/bin/ffmpeg
06:14:53.242 INFO : Loading URL: https://surrit.com/bbcbdc3d-d05c-4f4d-b412-9fc81b47426f/720p/video.m3u8
06:14:54.883 INFO : Content Matched: HTTP Live Streaming
06:14:54.883 INFO : Parsing streams...
06:14:54.900 WARN : Writing meta json
06:14:54.928 INFO : Extracted, there are 1 streams, with 1 basic streams, 0 audio streams, 0 subtitle streams
06:14:54.928 INFO : Vid Kbps | 1851 Segments | ~02h03m22s
06:14:54.934 INFO : Selected streams:
06:14:54.935 INFO : Vid Kbps | 1851 Segments | ~02h03m22s
06:14:54.935 WARN : Writing meta json
06:14:54.957 INFO : Save Name: DASS-699-C
06:14:54.962 INFO : Start downloading...Vid Kbps
06:14:56.113 WARN : Reading media info...
06:14:56.168 INFO : [0x100]: Video, h264 (High) ([27][0][0][0]), 1280x720, 29.97 fps
06:14:56.169 INFO : [0x101]: Audio, aac (LC) ([15][0][0][0]), 4 kb/s
06:16:07.895 INFO : ffmpeg merging...
06:16:07.896 WARN : Segments more than 1800, start partial merge...
06:17:09.235 INFO : Done
