LOG 2025/09/18
Save Path: /home/super/DockerData/Movie_SP/tools/m3u8_Downloader/Logs
Task Start: 2025/09/18 05:39:45
Task CommandLine: /home/super/DockerData/Movie_SP/tools/m3u8_Downloader/N_m3u8DL-RE https://surrit.com/46585978-885a-422b-88a4-2c300543260d/720p/video.m3u8 --auto-select True --thread-count 32 --tmp-dir /mnt/mac/SATA_SSD_2T/000-Movie_SP/000-Movie_SP_tmp/N_m3u8DL_RE/MIMK-245 --save-dir /mnt/mac/SATA_SSD_2T/000-Movie_SP/000-JAV/Jable_cnSUB/MIMK-245 --save-name MIMK-245-C --custom-proxy http://10.10.10.88:7890

05:39:45.534 INFO : N_m3u8DL-RE (Beta version) 20241203
05:39:45.544 EXTRA: ffmpeg => /usr/bin/ffmpeg
05:39:45.544 INFO : Loading URL: https://surrit.com/46585978-885a-422b-88a4-2c300543260d/720p/video.m3u8
05:39:47.256 INFO : Content Matched: HTTP Live Streaming
05:39:47.256 INFO : Parsing streams...
05:39:47.275 WARN : Writing meta json
05:39:47.300 INFO : Extracted, there are 1 streams, with 1 basic streams, 0 audio streams, 0 subtitle streams
05:39:47.301 INFO : Vid Kbps | 1834 Segments | ~02h02m14s
05:39:47.307 INFO : Selected streams:
05:39:47.307 INFO : Vid Kbps | 1834 Segments | ~02h02m14s
05:39:47.307 WARN : Writing meta json
05:39:47.328 INFO : Save Name: MIMK-245-C
05:39:47.334 INFO : Start downloading...Vid Kbps
05:39:48.453 WARN : Reading media info...
05:39:48.506 INFO : [0x100]: Video, h264 (High) ([27][0][0][0]), 1280x720, 29.97 fps
05:39:48.506 INFO : [0x101]: Audio, aac (LC) ([15][0][0][0]), 4 kb/s
05:40:48.389 INFO : ffmpeg merging...
05:40:48.390 WARN : Segments more than 1800, start partial merge...
05:41:42.343 INFO : Done
