LOG 2025/09/18
Save Path: /home/super/DockerData/Movie_SP/tools/m3u8_Downloader/Logs
Task Start: 2025/09/18 09:03:47
Task CommandLine: ./N_m3u8DL-RE https://akuma-trstin.mushroomtrack.com/hls/JNKNJ_sItYpwxUfo8WbC1A/1758166748/53000/53416/53416.m3u8

09:03:47.953 INFO : N_m3u8DL-RE (Beta version) 20241203
09:03:47.963 EXTRA: ffmpeg => /usr/bin/ffmpeg
09:03:47.964 INFO : Loading URL: https://akuma-trstin.mushroomtrack.com/hls/JNKNJ_sItYpwxUfo8WbC1A/1758166748/53000/53416/53416.m3u8
09:03:49.283 INFO : Content Matched: HTTP Live Streaming
09:03:49.283 INFO : Parsing streams...
09:03:49.560 WARN : Writing meta json
09:03:49.562 INFO : Extracted, there are 1 streams, with 1 basic streams, 0 audio streams, 0 subtitle streams
09:03:49.562 INFO : Vid *AES_128 Kbps | 1750 Segments | ~01h56m39s
09:03:49.568 INFO : Selected streams:
09:03:49.569 INFO : Vid *AES_128 Kbps | 1750 Segments | ~01h56m39s
09:03:49.569 WARN : Writing meta json
09:03:49.571 INFO : Save Name: 53416_2025-09-18_09-03-49
09:03:49.572 INFO : Start downloading...Vid Kbps
09:03:50.898 WARN : Reading media info...
09:03:50.962 INFO : [0x100]: Video, h264 (High) ([27][0][0][0]), 1280x720, 59.94 fps
09:03:50.962 INFO : [0x101]: Audio, aac (LC) ([15][0][0][0]), 130 kb/s
