LOG 2025/09/18
Save Path: /home/super/DockerData/Movie_SP/tools/m3u8_Downloader/Logs
Task Start: 2025/09/18 06:11:59
Task CommandLine: /home/super/DockerData/Movie_SP/tools/m3u8_Downloader/N_m3u8DL-RE https://adoda-smart-coin.mushroomtrack.com/hls/bvjRLz0xcuS5JEFPBttzaQ/1758157919/52000/52805/52805.m3u8 --auto-select True --thread-count 32 --tmp-dir /mnt/mac/SATA_SSD_2T/000-Movie_SP/000-Movie_SP_tmp/N_m3u8DL_RE/MIDA-239 --save-dir /mnt/mac/SATA_SSD_2T/000-Movie_SP/000-JAV/Jable_cnSUB/MIDA-239 --save-name MIDA-239-C --custom-proxy http://10.10.10.88:7890

06:11:59.781 INFO : N_m3u8DL-RE (Beta version) 20241203
06:11:59.791 EXTRA: ffmpeg => /usr/bin/ffmpeg
06:11:59.791 INFO : Loading URL: https://adoda-smart-coin.mushroomtrack.com/hls/bvjRLz0xcuS5JEFPBttzaQ/1758157919/52000/52805/52805.m3u8
06:12:01.948 INFO : Content Matched: HTTP Live Streaming
06:12:01.949 INFO : Parsing streams...
06:12:02.329 WARN : Writing meta json
06:12:02.362 INFO : Extracted, there are 1 streams, with 1 basic streams, 0 audio streams, 0 subtitle streams
06:12:02.363 INFO : Vid *AES_128 Kbps | 1817 Segments | ~02h01m07s
06:12:02.369 INFO : Selected streams:
06:12:02.369 INFO : Vid *AES_128 Kbps | 1817 Segments | ~02h01m07s
06:12:02.369 WARN : Writing meta json
06:12:02.399 INFO : Save Name: MIDA-239-C
06:12:02.405 INFO : Start downloading...Vid Kbps
06:12:02.980 WARN : Reading media info...
06:12:03.034 INFO : [0x100]: Video, h264 (High) ([27][0][0][0]), 1280x720, 29.97 fps
06:12:03.035 INFO : [0x101]: Audio, aac (LC) ([15][0][0][0]), 4 kb/s
06:13:19.822 INFO : ffmpeg merging...
06:13:19.823 WARN : Segments more than 1800, start partial merge...
06:14:10.172 INFO : Done
