LOG 2025/09/18
Save Path: /home/super/DockerData/Movie_SP/tools/m3u8_Downloader/Logs
Task Start: 2025/09/18 05:13:32
Task CommandLine: /home/super/DockerData/Movie_SP/tools/m3u8_Downloader/N_m3u8DL-RE https://akuma-trstin.mushroomtrack.com/hls/q0klTiGlc55CzOn27LZ0Lw/1758154411/53000/53401/53401.m3u8 --auto-select True --thread-count 32 --tmp-dir /mnt/mac/SATA_SSD_2T/000-Movie_SP/000-Movie_SP_tmp/N_m3u8DL_RE/IPZZ-663 --save-dir /mnt/mac/SATA_SSD_2T/000-Movie_SP/000-JAV/Jable_cnSUB/IPZZ-663 --save-name IPZZ-663-C --custom-proxy http://10.10.10.88:7890

05:13:32.426 INFO : N_m3u8DL-RE (Beta version) 20241203
05:13:32.436 EXTRA: ffmpeg => /usr/bin/ffmpeg
05:13:32.436 INFO : Loading URL: https://akuma-trstin.mushroomtrack.com/hls/q0klTiGlc55CzOn27LZ0Lw/1758154411/53000/53401/53401.m3u8
05:13:35.405 INFO : Content Matched: HTTP Live Streaming
05:13:35.405 INFO : Parsing streams...
05:13:35.937 WARN : Writing meta json
05:13:35.975 INFO : Extracted, there are 1 streams, with 1 basic streams, 0 audio streams, 0 subtitle streams
05:13:35.976 INFO : Vid *AES_128 Kbps | 2091 Segments | ~02h19m26s
05:13:35.981 INFO : Selected streams:
05:13:35.982 INFO : Vid *AES_128 Kbps | 2091 Segments | ~02h19m26s
05:13:35.982 WARN : Writing meta json
05:13:36.017 INFO : Save Name: IPZZ-663-C
05:13:36.024 INFO : Start downloading...Vid Kbps
05:13:36.896 WARN : Reading media info...
05:13:36.974 INFO : [0x100]: Video, h264 (High) ([27][0][0][0]), 1280x720, 59.94 fps
05:13:36.974 INFO : [0x101]: Audio, aac (LC) ([15][0][0][0]), 4 kb/s
05:15:04.744 INFO : ffmpeg merging...
05:15:04.745 WARN : Segments more than 1800, start partial merge...
05:16:24.171 INFO : Done
