LOG 2025/09/18
Save Path: /home/super/DockerData/Movie_SP/tools/m3u8_Downloader/Logs
Task Start: 2025/09/18 04:29:13
Task CommandLine: /home/super/DockerData/Movie_SP/tools/m3u8_Downloader/N_m3u8DL-RE https://surrit.com/916070b2-36c3-4ee1-af2a-819e1088f2cb/1080p/video.m3u8 --auto-select True --thread-count 32 --tmp-dir /mnt/mac/SATA_SSD_2T/000-Movie_SP/000-Movie_SP_tmp/N_m3u8DL_RE/DASS-709 --save-dir /mnt/mac/SATA_SSD_2T/000-Movie_SP/000-JAV/Jable_cnSUB/DASS-709 --save-name DASS-709-C --custom-proxy http://10.10.10.88:7890

04:29:13.480 INFO : N_m3u8DL-RE (Beta version) 20241203
04:29:13.489 EXTRA: ffmpeg => /usr/bin/ffmpeg
04:29:13.489 INFO : Loading URL: https://surrit.com/916070b2-36c3-4ee1-af2a-819e1088f2cb/1080p/video.m3u8
04:29:14.533 INFO : Content Matched: HTTP Live Streaming
04:29:14.533 INFO : Parsing streams...
04:29:14.551 WARN : Writing meta json
04:29:14.578 INFO : Extracted, there are 1 streams, with 1 basic streams, 0 audio streams, 0 subtitle streams
04:29:14.579 INFO : Vid Kbps | 1879 Segments | ~02h05m14s
04:29:14.585 INFO : Selected streams:
04:29:14.585 INFO : Vid Kbps | 1879 Segments | ~02h05m14s
04:29:14.585 WARN : Writing meta json
04:29:14.608 INFO : Save Name: DASS-709-C
04:29:14.613 INFO : Start downloading...Vid Kbps
04:29:15.883 WARN : Reading media info...
04:29:15.937 INFO : [0x100]: Video, h264 (High) ([27][0][0][0]), 1920x1080, 23.98 fps
04:29:15.937 INFO : [0x101]: Audio, aac (LC) ([15][0][0][0]), 26 kb/s
04:32:56.410 INFO : ffmpeg merging...
04:32:56.411 WARN : Segments more than 1800, start partial merge...
04:34:12.194 INFO : Done
