LOG 2025/09/18
Save Path: /home/super/DockerData/Movie_SP/tools/m3u8_Downloader/Logs
Task Start: 2025/09/18 04:00:33
Task CommandLine: /home/super/DockerData/Movie_SP/tools/m3u8_Downloader/N_m3u8DL-RE https://surrit.com/f0603f64-c6e8-4d8c-8c43-b241818e485b/720p/video.m3u8 --auto-select True --thread-count 32 --tmp-dir /mnt/mac/SATA_SSD_2T/000-Movie_SP/000-Movie_SP_tmp/N_m3u8DL_RE/ABF-242 --save-dir /mnt/mac/SATA_SSD_2T/000-Movie_SP/000-JAV/Jable_cnSUB/ABF-242 --save-name ABF-242-C --custom-proxy http://10.10.10.88:7890

04:00:33.591 INFO : N_m3u8DL-RE (Beta version) 20241203
04:00:33.600 EXTRA: ffmpeg => /usr/bin/ffmpeg
04:00:33.601 INFO : Loading URL: https://surrit.com/f0603f64-c6e8-4d8c-8c43-b241818e485b/720p/video.m3u8
04:00:35.629 INFO : Content Matched: HTTP Live Streaming
04:00:35.629 INFO : Parsing streams...
04:00:35.651 WARN : Writing meta json
04:00:35.686 INFO : Extracted, there are 1 streams, with 1 basic streams, 0 audio streams, 0 subtitle streams
04:00:35.687 INFO : Vid Kbps | 2576 Segments | ~02h51m40s
04:00:35.693 INFO : Selected streams:
04:00:35.693 INFO : Vid Kbps | 2576 Segments | ~02h51m40s
04:00:35.693 WARN : Writing meta json
04:00:35.722 INFO : Save Name: ABF-242-C
04:00:35.728 INFO : Start downloading...Vid Kbps
04:00:36.575 WARN : Reading media info...
04:00:36.625 INFO : [0x100]: Video, h264 (High) ([27][0][0][0]), 1280x720, 24 fps
04:00:36.625 INFO : [0x101]: Audio, aac (LC) ([15][0][0][0]), 179 kb/s
04:10:01.449 EXTRA: Ah oh!
RetryCount => 3
Exception  => Received an unexpected EOF or 0 bytes from the transport stream.
Url        => https://surrit.com/f0603f64-c6e8-4d8c-8c43-b241818e485b/720p/video1263.jpeg
04:10:01.450 EXTRA: Ah oh!
RetryCount => 3
Exception  => Received an unexpected EOF or 0 bytes from the transport stream.
Url        => https://surrit.com/f0603f64-c6e8-4d8c-8c43-b241818e485b/720p/video1264.jpeg
04:10:01.450 EXTRA: Ah oh!
RetryCount => 3
Exception  => Received an unexpected EOF or 0 bytes from the transport stream.
Url        => https://surrit.com/f0603f64-c6e8-4d8c-8c43-b241818e485b/720p/video1261.jpeg
04:10:01.450 EXTRA: Ah oh!
RetryCount => 3
Exception  => Received an unexpected EOF or 0 bytes from the transport stream.
Url        => https://surrit.com/f0603f64-c6e8-4d8c-8c43-b241818e485b/720p/video1265.jpeg
04:10:01.451 EXTRA: Ah oh!
RetryCount => 3
Exception  => Received an unexpected EOF or 0 bytes from the transport stream.
Url        => https://surrit.com/f0603f64-c6e8-4d8c-8c43-b241818e485b/720p/video1259.jpeg
04:10:01.451 EXTRA: Ah oh!
RetryCount => 3
Exception  => Received an unexpected EOF or 0 bytes from the transport stream.
Url        => https://surrit.com/f0603f64-c6e8-4d8c-8c43-b241818e485b/720p/video1271.jpeg
04:10:01.451 EXTRA: Ah oh!
RetryCount => 3
Exception  => Received an unexpected EOF or 0 bytes from the transport stream.
Url        => https://surrit.com/f0603f64-c6e8-4d8c-8c43-b241818e485b/720p/video1267.jpeg
04:10:01.451 EXTRA: Ah oh!
RetryCount => 3
Exception  => Received an unexpected EOF or 0 bytes from the transport stream.
Url        => https://surrit.com/f0603f64-c6e8-4d8c-8c43-b241818e485b/720p/video1257.jpeg
04:10:01.451 EXTRA: Ah oh!
RetryCount => 3
Exception  => Received an unexpected EOF or 0 bytes from the transport stream.
Url        => https://surrit.com/f0603f64-c6e8-4d8c-8c43-b241818e485b/720p/video1268.jpeg
04:10:01.451 EXTRA: Ah oh!
RetryCount => 3
Exception  => Received an unexpected EOF or 0 bytes from the transport stream.
Url        => https://surrit.com/f0603f64-c6e8-4d8c-8c43-b241818e485b/720p/video1266.jpeg
04:10:01.452 EXTRA: Ah oh!
RetryCount => 3
Exception  => Connection refused (10.10.10.88:7890)
Url        => https://surrit.com/f0603f64-c6e8-4d8c-8c43-b241818e485b/720p/video1277.jpeg
04:10:01.453 EXTRA: Ah oh!
RetryCount => 3
Exception  => Connection refused (10.10.10.88:7890)
Url        => https://surrit.com/f0603f64-c6e8-4d8c-8c43-b241818e485b/720p/video1274.jpeg
04:10:01.453 EXTRA: Ah oh!
RetryCount => 3
Exception  => Connection refused (10.10.10.88:7890)
Url        => https://surrit.com/f0603f64-c6e8-4d8c-8c43-b241818e485b/720p/video1282.jpeg
04:10:01.453 EXTRA: Ah oh!
RetryCount => 3
Exception  => Connection refused (10.10.10.88:7890)
Url        => https://surrit.com/f0603f64-c6e8-4d8c-8c43-b241818e485b/720p/video1275.jpeg
04:10:01.453 EXTRA: Ah oh!
RetryCount => 3
Exception  => Connection refused (10.10.10.88:7890)
Url        => https://surrit.com/f0603f64-c6e8-4d8c-8c43-b241818e485b/720p/video1287.jpeg
04:10:01.454 EXTRA: Ah oh!
RetryCount => 3
Exception  => Connection refused (10.10.10.88:7890)
Url        => https://surrit.com/f0603f64-c6e8-4d8c-8c43-b241818e485b/720p/video1288.jpeg
04:10:01.453 EXTRA: Ah oh!
RetryCount => 3
Exception  => Connection refused (10.10.10.88:7890)
Url        => https://surrit.com/f0603f64-c6e8-4d8c-8c43-b241818e485b/720p/video1284.jpeg
04:10:01.453 EXTRA: Ah oh!
RetryCount => 3
Exception  => Connection refused (10.10.10.88:7890)
Url        => https://surrit.com/f0603f64-c6e8-4d8c-8c43-b241818e485b/720p/video1276.jpeg
04:10:01.455 EXTRA: Ah oh!
RetryCount => 3
Exception  => Connection refused (10.10.10.88:7890)
Url        => https://surrit.com/f0603f64-c6e8-4d8c-8c43-b241818e485b/720p/video1278.jpeg
04:10:01.455 EXTRA: Ah oh!
RetryCount => 3
Exception  => The response ended prematurely, with at least 787166 additional bytes expected. (ResponseEnded)
Url        => https://surrit.com/f0603f64-c6e8-4d8c-8c43-b241818e485b/720p/video1270.jpeg
04:10:01.455 EXTRA: Ah oh!
RetryCount => 3
Exception  => Connection refused (10.10.10.88:7890)
Url        => https://surrit.com/f0603f64-c6e8-4d8c-8c43-b241818e485b/720p/video1285.jpeg
04:10:01.455 EXTRA: Ah oh!
RetryCount => 3
Exception  => Received an unexpected EOF or 0 bytes from the transport stream.
Url        => https://surrit.com/f0603f64-c6e8-4d8c-8c43-b241818e485b/720p/video1255.jpeg
04:10:01.456 EXTRA: Ah oh!
RetryCount => 3
Exception  => Connection refused (10.10.10.88:7890)
Url        => https://surrit.com/f0603f64-c6e8-4d8c-8c43-b241818e485b/720p/video1283.jpeg
04:10:01.456 EXTRA: Ah oh!
RetryCount => 3
Exception  => Connection refused (10.10.10.88:7890)
Url        => https://surrit.com/f0603f64-c6e8-4d8c-8c43-b241818e485b/720p/video1280.jpeg
04:10:01.456 EXTRA: Ah oh!
RetryCount => 3
Exception  => Received an unexpected EOF or 0 bytes from the transport stream.
Url        => https://surrit.com/f0603f64-c6e8-4d8c-8c43-b241818e485b/720p/video1262.jpeg
04:10:01.456 EXTRA: Ah oh!
RetryCount => 3
Exception  => Connection refused (10.10.10.88:7890)
Url        => https://surrit.com/f0603f64-c6e8-4d8c-8c43-b241818e485b/720p/video1273.jpeg
04:10:01.456 EXTRA: Ah oh!
RetryCount => 3
Exception  => Connection refused (10.10.10.88:7890)
Url        => https://surrit.com/f0603f64-c6e8-4d8c-8c43-b241818e485b/720p/video1279.jpeg
04:10:01.456 EXTRA: Ah oh!
RetryCount => 3
Exception  => Connection refused (10.10.10.88:7890)
Url        => https://surrit.com/f0603f64-c6e8-4d8c-8c43-b241818e485b/720p/video1281.jpeg
04:10:01.456 EXTRA: Ah oh!
RetryCount => 3
Exception  => Connection refused (10.10.10.88:7890)
Url        => https://surrit.com/f0603f64-c6e8-4d8c-8c43-b241818e485b/720p/video1269.jpeg
04:10:01.456 EXTRA: Ah oh!
RetryCount => 3
Exception  => Connection refused (10.10.10.88:7890)
Url        => https://surrit.com/f0603f64-c6e8-4d8c-8c43-b241818e485b/720p/video1286.jpeg
04:10:01.456 EXTRA: Ah oh!
RetryCount => 3
Exception  => Connection refused (10.10.10.88:7890)
Url        => https://surrit.com/f0603f64-c6e8-4d8c-8c43-b241818e485b/720p/video1272.jpeg
04:10:01.457 EXTRA: Ah oh!
RetryCount => 3
Exception  => Connection refused (10.10.10.88:7890)
Url        => https://surrit.com/f0603f64-c6e8-4d8c-8c43-b241818e485b/720p/video1289.jpeg
04:11:35.278 INFO : ffmpeg merging...
04:11:35.279 WARN : Segments more than 1800, start partial merge...
04:12:58.585 INFO : Done
