LOG 2025/09/18
Save Path: /home/super/DockerData/Movie_SP/tools/m3u8_Downloader/Logs
Task Start: 2025/09/18 04:34:32
Task CommandLine: /home/super/DockerData/Movie_SP/tools/m3u8_Downloader/N_m3u8DL-RE https://hot-box-gen.mushroomtrack.com/hls/B8p9WZyOJLokk8Pc6w8cxg/1758152071/53000/53420/53420.m3u8 --auto-select True --thread-count 32 --tmp-dir /mnt/mac/SATA_SSD_2T/000-Movie_SP/000-Movie_SP_tmp/N_m3u8DL_RE/JUR-489 --save-dir /mnt/mac/SATA_SSD_2T/000-Movie_SP/000-JAV/Jable_cnSUB/JUR-489 --save-name JUR-489-C --custom-proxy http://10.10.10.88:7890

04:34:32.302 INFO : N_m3u8DL-RE (Beta version) 20241203
04:34:32.311 EXTRA: ffmpeg => /usr/bin/ffmpeg
04:34:32.311 INFO : Loading URL: https://hot-box-gen.mushroomtrack.com/hls/B8p9WZyOJLokk8Pc6w8cxg/1758152071/53000/53420/53420.m3u8
04:34:40.629 INFO : Content Matched: HTTP Live Streaming
04:34:40.629 INFO : Parsing streams...
04:34:40.905 WARN : Writing meta json
04:34:40.946 INFO : Extracted, there are 1 streams, with 1 basic streams, 0 audio streams, 0 subtitle streams
04:34:40.946 INFO : Vid *AES_128 Kbps | 2178 Segments | ~02h25m13s
04:34:40.952 INFO : Selected streams:
04:34:40.953 INFO : Vid *AES_128 Kbps | 2178 Segments | ~02h25m13s
04:34:40.953 WARN : Writing meta json
04:34:40.988 INFO : Save Name: JUR-489-C
04:34:40.994 INFO : Start downloading...Vid Kbps
04:34:41.934 WARN : Reading media info...
04:34:41.989 INFO : [0x100]: Video, h264 (High) ([27][0][0][0]), 1280x720, 29.97 fps
04:34:41.989 INFO : [0x101]: Audio, aac (LC) ([15][0][0][0]), 4 kb/s
04:46:46.827 INFO : ffmpeg merging...
04:46:46.828 WARN : Segments more than 1800, start partial merge...
04:47:46.539 INFO : Done
