LOG 2025/09/18
Save Path: /home/super/DockerData/Movie_SP/tools/m3u8_Downloader/Logs
Task Start: 2025/09/18 05:09:47
Task CommandLine: /home/super/DockerData/Movie_SP/tools/m3u8_Downloader/N_m3u8DL-RE https://honi-moly-yami.mushroomtrack.com/hls/HSZHv7Eum4ohJSGtUjP70g/1758153327/53000/53414/53414.m3u8 --auto-select True --thread-count 32 --tmp-dir /mnt/mac/SATA_SSD_2T/000-Movie_SP/000-Movie_SP_tmp/N_m3u8DL_RE/JUR-459 --save-dir /mnt/mac/SATA_SSD_2T/000-Movie_SP/000-JAV/Jable_cnSUB/JUR-459 --save-name JUR-459-C --custom-proxy http://10.10.10.88:7890

05:09:47.137 INFO : N_m3u8DL-RE (Beta version) 20241203
05:09:47.146 EXTRA: ffmpeg => /usr/bin/ffmpeg
05:09:47.146 INFO : Loading URL: https://honi-moly-yami.mushroomtrack.com/hls/HSZHv7Eum4ohJSGtUjP70g/1758153327/53000/53414/53414.m3u8
05:09:49.502 INFO : Content Matched: HTTP Live Streaming
05:09:49.502 INFO : Parsing streams...
05:09:49.776 WARN : Writing meta json
05:09:49.819 INFO : Extracted, there are 1 streams, with 1 basic streams, 0 audio streams, 0 subtitle streams
05:09:49.820 INFO : Vid *AES_128 Kbps | 2278 Segments | ~02h31m51s
05:09:49.827 INFO : Selected streams:
05:09:49.828 INFO : Vid *AES_128 Kbps | 2278 Segments | ~02h31m51s
05:09:49.828 WARN : Writing meta json
05:09:49.864 INFO : Save Name: JUR-459-C
05:09:49.870 INFO : Start downloading...Vid Kbps
05:09:50.755 WARN : Reading media info...
05:09:50.813 INFO : [0x100]: Video, h264 (High) ([27][0][0][0]), 1280x720, 29.97 fps
05:09:50.814 INFO : [0x101]: Audio, aac (LC) ([15][0][0][0]), 4 kb/s
05:09:52.465 EXTRA: Ah oh!
RetryCount => 3
Exception  => The SSL connection could not be established, see inner exception.
Url        => https://honi-moly-yami.mushroomtrack.com/hls/HSZHv7Eum4ohJSGtUjP70g/1758153327/53000/53414/5341432.ts
05:09:52.839 EXTRA: Ah oh!
RetryCount => 3
Exception  => The SSL connection could not be established, see inner exception.
Url        => https://honi-moly-yami.mushroomtrack.com/hls/HSZHv7Eum4ohJSGtUjP70g/1758153327/53000/53414/5341428.ts
05:10:02.121 EXTRA: Ah oh!
RetryCount => 3
Exception  => Received an unexpected EOF or 0 bytes from the transport stream.
Url        => https://honi-moly-yami.mushroomtrack.com/hls/HSZHv7Eum4ohJSGtUjP70g/1758153327/53000/53414/5341452.ts
05:10:02.122 EXTRA: Ah oh!
RetryCount => 3
Exception  => Received an unexpected EOF or 0 bytes from the transport stream.
Url        => https://honi-moly-yami.mushroomtrack.com/hls/HSZHv7Eum4ohJSGtUjP70g/1758153327/53000/53414/5341436.ts
05:10:02.123 EXTRA: Ah oh!
RetryCount => 3
Exception  => Received an unexpected EOF or 0 bytes from the transport stream.
Url        => https://honi-moly-yami.mushroomtrack.com/hls/HSZHv7Eum4ohJSGtUjP70g/1758153327/53000/53414/5341454.ts
05:10:02.123 EXTRA: Ah oh!
RetryCount => 3
Exception  => Received an unexpected EOF or 0 bytes from the transport stream.
Url        => https://honi-moly-yami.mushroomtrack.com/hls/HSZHv7Eum4ohJSGtUjP70g/1758153327/53000/53414/5341421.ts
05:10:02.123 EXTRA: Ah oh!
RetryCount => 3
Exception  => Received an unexpected EOF or 0 bytes from the transport stream.
Url        => https://honi-moly-yami.mushroomtrack.com/hls/HSZHv7Eum4ohJSGtUjP70g/1758153327/53000/53414/5341424.ts
05:10:02.123 EXTRA: Ah oh!
RetryCount => 3
Exception  => Received an unexpected EOF or 0 bytes from the transport stream.
Url        => https://honi-moly-yami.mushroomtrack.com/hls/HSZHv7Eum4ohJSGtUjP70g/1758153327/53000/53414/5341445.ts
05:10:02.123 EXTRA: Ah oh!
RetryCount => 3
Exception  => Received an unexpected EOF or 0 bytes from the transport stream.
Url        => https://honi-moly-yami.mushroomtrack.com/hls/HSZHv7Eum4ohJSGtUjP70g/1758153327/53000/53414/5341425.ts
05:10:02.123 EXTRA: Ah oh!
RetryCount => 3
Exception  => Received an unexpected EOF or 0 bytes from the transport stream.
Url        => https://honi-moly-yami.mushroomtrack.com/hls/HSZHv7Eum4ohJSGtUjP70g/1758153327/53000/53414/5341444.ts
05:10:02.123 EXTRA: Ah oh!
RetryCount => 3
Exception  => Received an unexpected EOF or 0 bytes from the transport stream.
Url        => https://honi-moly-yami.mushroomtrack.com/hls/HSZHv7Eum4ohJSGtUjP70g/1758153327/53000/53414/5341458.ts
05:10:02.123 EXTRA: Ah oh!
RetryCount => 3
Exception  => Received an unexpected EOF or 0 bytes from the transport stream.
Url        => https://honi-moly-yami.mushroomtrack.com/hls/HSZHv7Eum4ohJSGtUjP70g/1758153327/53000/53414/5341438.ts
05:10:02.124 EXTRA: Ah oh!
RetryCount => 3
Exception  => Received an unexpected EOF or 0 bytes from the transport stream.
Url        => https://honi-moly-yami.mushroomtrack.com/hls/HSZHv7Eum4ohJSGtUjP70g/1758153327/53000/53414/5341446.ts
05:10:02.124 EXTRA: Ah oh!
RetryCount => 3
Exception  => Received an unexpected EOF or 0 bytes from the transport stream.
Url        => https://honi-moly-yami.mushroomtrack.com/hls/HSZHv7Eum4ohJSGtUjP70g/1758153327/53000/53414/5341439.ts
05:10:02.124 EXTRA: Ah oh!
RetryCount => 3
Exception  => Received an unexpected EOF or 0 bytes from the transport stream.
Url        => https://honi-moly-yami.mushroomtrack.com/hls/HSZHv7Eum4ohJSGtUjP70g/1758153327/53000/53414/5341450.ts
05:10:02.124 EXTRA: Ah oh!
RetryCount => 3
Exception  => Received an unexpected EOF or 0 bytes from the transport stream.
Url        => https://honi-moly-yami.mushroomtrack.com/hls/HSZHv7Eum4ohJSGtUjP70g/1758153327/53000/53414/5341455.ts
05:10:02.124 EXTRA: Ah oh!
RetryCount => 3
Exception  => Received an unexpected EOF or 0 bytes from the transport stream.
Url        => https://honi-moly-yami.mushroomtrack.com/hls/HSZHv7Eum4ohJSGtUjP70g/1758153327/53000/53414/5341440.ts
05:10:02.131 EXTRA: Ah oh!
RetryCount => 3
Exception  => Received an unexpected EOF or 0 bytes from the transport stream.
Url        => https://honi-moly-yami.mushroomtrack.com/hls/HSZHv7Eum4ohJSGtUjP70g/1758153327/53000/53414/5341451.ts
05:10:02.131 EXTRA: Ah oh!
RetryCount => 3
Exception  => Received an unexpected EOF or 0 bytes from the transport stream.
Url        => https://honi-moly-yami.mushroomtrack.com/hls/HSZHv7Eum4ohJSGtUjP70g/1758153327/53000/53414/534149.ts
05:10:02.131 EXTRA: Ah oh!
RetryCount => 3
Exception  => Received an unexpected EOF or 0 bytes from the transport stream.
Url        => https://honi-moly-yami.mushroomtrack.com/hls/HSZHv7Eum4ohJSGtUjP70g/1758153327/53000/53414/5341426.ts
05:10:02.131 EXTRA: Ah oh!
RetryCount => 3
Exception  => The response ended prematurely, with at least 337662 additional bytes expected. (ResponseEnded)
Url        => https://honi-moly-yami.mushroomtrack.com/hls/HSZHv7Eum4ohJSGtUjP70g/1758153327/53000/53414/5341456.ts
05:10:02.131 EXTRA: Ah oh!
RetryCount => 3
Exception  => Received an unexpected EOF or 0 bytes from the transport stream.
Url        => https://honi-moly-yami.mushroomtrack.com/hls/HSZHv7Eum4ohJSGtUjP70g/1758153327/53000/53414/5341448.ts
05:10:02.131 EXTRA: Ah oh!
RetryCount => 3
Exception  => Received an unexpected EOF or 0 bytes from the transport stream.
Url        => https://honi-moly-yami.mushroomtrack.com/hls/HSZHv7Eum4ohJSGtUjP70g/1758153327/53000/53414/534147.ts
05:10:02.131 EXTRA: Ah oh!
RetryCount => 3
Exception  => Received an unexpected EOF or 0 bytes from the transport stream.
Url        => https://honi-moly-yami.mushroomtrack.com/hls/HSZHv7Eum4ohJSGtUjP70g/1758153327/53000/53414/5341447.ts
05:10:02.131 EXTRA: Ah oh!
RetryCount => 3
Exception  => Received an unexpected EOF or 0 bytes from the transport stream.
Url        => https://honi-moly-yami.mushroomtrack.com/hls/HSZHv7Eum4ohJSGtUjP70g/1758153327/53000/53414/5341443.ts
05:10:02.131 EXTRA: Ah oh!
RetryCount => 3
Exception  => Received an unexpected EOF or 0 bytes from the transport stream.
Url        => https://honi-moly-yami.mushroomtrack.com/hls/HSZHv7Eum4ohJSGtUjP70g/1758153327/53000/53414/534143.ts
05:10:02.132 EXTRA: Ah oh!
RetryCount => 3
Exception  => Received an unexpected EOF or 0 bytes from the transport stream.
Url        => https://honi-moly-yami.mushroomtrack.com/hls/HSZHv7Eum4ohJSGtUjP70g/1758153327/53000/53414/534142.ts
05:10:02.133 EXTRA: Ah oh!
RetryCount => 3
Exception  => Received an unexpected EOF or 0 bytes from the transport stream.
Url        => https://honi-moly-yami.mushroomtrack.com/hls/HSZHv7Eum4ohJSGtUjP70g/1758153327/53000/53414/5341418.ts
05:10:02.133 EXTRA: Ah oh!
RetryCount => 3
Exception  => Connection refused (10.10.10.88:7890)
Url        => https://honi-moly-yami.mushroomtrack.com/hls/HSZHv7Eum4ohJSGtUjP70g/1758153327/53000/53414/5341459.ts
05:10:02.138 EXTRA: Ah oh!
RetryCount => 3
Exception  => Received an unexpected EOF or 0 bytes from the transport stream.
Url        => https://honi-moly-yami.mushroomtrack.com/hls/HSZHv7Eum4ohJSGtUjP70g/1758153327/53000/53414/534148.ts
05:10:02.145 EXTRA: Ah oh!
RetryCount => 3
Exception  => Received an unexpected EOF or 0 bytes from the transport stream.
Url        => https://honi-moly-yami.mushroomtrack.com/hls/HSZHv7Eum4ohJSGtUjP70g/1758153327/53000/53414/5341427.ts
05:10:02.229 EXTRA: Ah oh!
RetryCount => 3
Exception  => Received an unexpected EOF or 0 bytes from the transport stream.
Url        => https://honi-moly-yami.mushroomtrack.com/hls/HSZHv7Eum4ohJSGtUjP70g/1758153327/53000/53414/5341437.ts
05:10:02.249 EXTRA: Ah oh!
RetryCount => 3
Exception  => Received an unexpected EOF or 0 bytes from the transport stream.
Url        => https://honi-moly-yami.mushroomtrack.com/hls/HSZHv7Eum4ohJSGtUjP70g/1758153327/53000/53414/5341457.ts
05:10:02.344 EXTRA: Ah oh!
RetryCount => 3
Exception  => Received an unexpected EOF or 0 bytes from the transport stream.
Url        => https://honi-moly-yami.mushroomtrack.com/hls/HSZHv7Eum4ohJSGtUjP70g/1758153327/53000/53414/5341453.ts
05:11:53.192 EXTRA: Ah oh!
RetryCount => 3
Exception  => Download speed too slow!
Url        => https://honi-moly-yami.mushroomtrack.com/hls/HSZHv7Eum4ohJSGtUjP70g/1758153327/53000/53414/534141242.ts
05:11:53.192 EXTRA: Ah oh!
RetryCount => 3
Exception  => Download speed too slow!
Url        => https://honi-moly-yami.mushroomtrack.com/hls/HSZHv7Eum4ohJSGtUjP70g/1758153327/53000/53414/534142141.ts
05:11:54.923 INFO : ffmpeg merging...
05:11:54.924 WARN : Segments more than 1800, start partial merge...
05:13:02.193 INFO : Done
