LOG 2025/09/17
Save Path: /home/super/DockerData/Movie_SP/tools/m3u8_Downloader/Logs
Task Start: 2025/09/17 13:08:31
Task CommandLine: /home/super/DockerData/Movie_SP/tools/m3u8_Downloader/N_m3u8DL-RE https://zcaji-kamna.alonestreaming.com/hls/toTVHe8KY6JEtZg_bJyr3w/1758096510/51000/51088/51088.m3u8 --auto-select True --thread-count 32 --tmp-dir /mnt/mac/SATA_SSD_2T/000-Movie_SP/000-Movie_SP_tmp/N_m3u8DL_RE/SAME-183 --save-dir /mnt/mac/SATA_SSD_2T/000-Movie_SP/000-JAV/白峰美羽/SAME-183 --save-name SAME-183 --custom-proxy http://10.10.10.88:7890

13:08:31.235 INFO : N_m3u8DL-RE (Beta version) 20241203
13:08:31.245 EXTRA: ffmpeg => /usr/bin/ffmpeg
13:08:31.245 INFO : Loading URL: https://zcaji-kamna.alonestreaming.com/hls/toTVHe8KY6JEtZg_bJyr3w/1758096510/51000/51088/51088.m3u8
13:08:33.808 INFO : Content Matched: HTTP Live Streaming
13:08:33.808 INFO : Parsing streams...
13:08:34.258 WARN : Writing meta json
13:08:34.293 INFO : Extracted, there are 1 streams, with 1 basic streams, 0 audio streams, 0 subtitle streams
13:08:34.293 INFO : Vid *AES_128 Kbps | 1854 Segments | ~02h03m39s
13:08:34.298 INFO : Selected streams:
13:08:34.299 INFO : Vid *AES_128 Kbps | 1854 Segments | ~02h03m39s
13:08:34.299 WARN : Writing meta json
13:08:34.330 INFO : Save Name: SAME-183
13:08:34.336 INFO : Start downloading...Vid Kbps
13:08:35.161 WARN : Reading media info...
13:08:35.216 INFO : [0x100]: Video, h264 (High) ([27][0][0][0]), 1280x720, 29.97 fps
13:08:35.216 INFO : [0x101]: Audio, aac (LC) ([15][0][0][0]), 7 kb/s
13:10:01.957 EXTRA: Ah oh!
RetryCount => 3
Exception  => Received an unexpected EOF or 0 bytes from the transport stream.
Url        => https://zcaji-kamna.alonestreaming.com/hls/toTVHe8KY6JEtZg_bJyr3w/1758096510/51000/51088/51088267.ts
13:10:01.959 EXTRA: Ah oh!
RetryCount => 3
Exception  => Received an unexpected EOF or 0 bytes from the transport stream.
Url        => https://zcaji-kamna.alonestreaming.com/hls/toTVHe8KY6JEtZg_bJyr3w/1758096510/51000/51088/51088268.ts
13:10:01.959 EXTRA: Ah oh!
RetryCount => 3
Exception  => Received an unexpected EOF or 0 bytes from the transport stream.
Url        => https://zcaji-kamna.alonestreaming.com/hls/toTVHe8KY6JEtZg_bJyr3w/1758096510/51000/51088/51088296.ts
13:10:01.959 EXTRA: Ah oh!
RetryCount => 3
Exception  => Received an unexpected EOF or 0 bytes from the transport stream.
Url        => https://zcaji-kamna.alonestreaming.com/hls/toTVHe8KY6JEtZg_bJyr3w/1758096510/51000/51088/51088294.ts
13:10:01.959 EXTRA: Ah oh!
RetryCount => 3
Exception  => Received an unexpected EOF or 0 bytes from the transport stream.
Url        => https://zcaji-kamna.alonestreaming.com/hls/toTVHe8KY6JEtZg_bJyr3w/1758096510/51000/51088/51088289.ts
13:10:01.959 EXTRA: Ah oh!
RetryCount => 3
Exception  => Received an unexpected EOF or 0 bytes from the transport stream.
Url        => https://zcaji-kamna.alonestreaming.com/hls/toTVHe8KY6JEtZg_bJyr3w/1758096510/51000/51088/51088263.ts
13:10:01.959 EXTRA: Ah oh!
RetryCount => 3
Exception  => Received an unexpected EOF or 0 bytes from the transport stream.
Url        => https://zcaji-kamna.alonestreaming.com/hls/toTVHe8KY6JEtZg_bJyr3w/1758096510/51000/51088/51088283.ts
13:10:01.959 EXTRA: Ah oh!
RetryCount => 3
Exception  => Received an unexpected EOF or 0 bytes from the transport stream.
Url        => https://zcaji-kamna.alonestreaming.com/hls/toTVHe8KY6JEtZg_bJyr3w/1758096510/51000/51088/51088280.ts
13:10:01.959 EXTRA: Ah oh!
RetryCount => 3
Exception  => Received an unexpected EOF or 0 bytes from the transport stream.
Url        => https://zcaji-kamna.alonestreaming.com/hls/toTVHe8KY6JEtZg_bJyr3w/1758096510/51000/51088/51088282.ts
13:10:01.959 EXTRA: Ah oh!
RetryCount => 3
Exception  => Received an unexpected EOF or 0 bytes from the transport stream.
Url        => https://zcaji-kamna.alonestreaming.com/hls/toTVHe8KY6JEtZg_bJyr3w/1758096510/51000/51088/51088292.ts
13:10:01.959 EXTRA: Ah oh!
RetryCount => 3
Exception  => Received an unexpected EOF or 0 bytes from the transport stream.
Url        => https://zcaji-kamna.alonestreaming.com/hls/toTVHe8KY6JEtZg_bJyr3w/1758096510/51000/51088/51088272.ts
13:10:01.961 EXTRA: Ah oh!
RetryCount => 3
Exception  => Received an unexpected EOF or 0 bytes from the transport stream.
Url        => https://zcaji-kamna.alonestreaming.com/hls/toTVHe8KY6JEtZg_bJyr3w/1758096510/51000/51088/51088269.ts
13:10:01.962 EXTRA: Ah oh!
RetryCount => 3
Exception  => Received an unexpected EOF or 0 bytes from the transport stream.
Url        => https://zcaji-kamna.alonestreaming.com/hls/toTVHe8KY6JEtZg_bJyr3w/1758096510/51000/51088/51088287.ts
13:10:01.962 EXTRA: Ah oh!
RetryCount => 3
Exception  => Received an unexpected EOF or 0 bytes from the transport stream.
Url        => https://zcaji-kamna.alonestreaming.com/hls/toTVHe8KY6JEtZg_bJyr3w/1758096510/51000/51088/51088259.ts
13:10:01.962 EXTRA: Ah oh!
RetryCount => 3
Exception  => Received an unexpected EOF or 0 bytes from the transport stream.
Url        => https://zcaji-kamna.alonestreaming.com/hls/toTVHe8KY6JEtZg_bJyr3w/1758096510/51000/51088/51088273.ts
13:10:01.962 EXTRA: Ah oh!
RetryCount => 3
Exception  => Received an unexpected EOF or 0 bytes from the transport stream.
Url        => https://zcaji-kamna.alonestreaming.com/hls/toTVHe8KY6JEtZg_bJyr3w/1758096510/51000/51088/51088265.ts
13:10:01.962 EXTRA: Ah oh!
RetryCount => 3
Exception  => Received an unexpected EOF or 0 bytes from the transport stream.
Url        => https://zcaji-kamna.alonestreaming.com/hls/toTVHe8KY6JEtZg_bJyr3w/1758096510/51000/51088/51088285.ts
13:10:01.962 EXTRA: Ah oh!
RetryCount => 3
Exception  => Received an unexpected EOF or 0 bytes from the transport stream.
Url        => https://zcaji-kamna.alonestreaming.com/hls/toTVHe8KY6JEtZg_bJyr3w/1758096510/51000/51088/51088293.ts
13:10:01.963 EXTRA: Ah oh!
RetryCount => 3
Exception  => Received an unexpected EOF or 0 bytes from the transport stream.
Url        => https://zcaji-kamna.alonestreaming.com/hls/toTVHe8KY6JEtZg_bJyr3w/1758096510/51000/51088/51088284.ts
13:10:01.964 EXTRA: Ah oh!
RetryCount => 3
Exception  => Received an unexpected EOF or 0 bytes from the transport stream.
Url        => https://zcaji-kamna.alonestreaming.com/hls/toTVHe8KY6JEtZg_bJyr3w/1758096510/51000/51088/51088251.ts
13:10:01.964 EXTRA: Ah oh!
RetryCount => 3
Exception  => Received an unexpected EOF or 0 bytes from the transport stream.
Url        => https://zcaji-kamna.alonestreaming.com/hls/toTVHe8KY6JEtZg_bJyr3w/1758096510/51000/51088/51088291.ts
13:10:01.965 EXTRA: Ah oh!
RetryCount => 3
Exception  => Received an unexpected EOF or 0 bytes from the transport stream.
Url        => https://zcaji-kamna.alonestreaming.com/hls/toTVHe8KY6JEtZg_bJyr3w/1758096510/51000/51088/51088277.ts
13:10:01.965 EXTRA: Ah oh!
RetryCount => 3
Exception  => Received an unexpected EOF or 0 bytes from the transport stream.
Url        => https://zcaji-kamna.alonestreaming.com/hls/toTVHe8KY6JEtZg_bJyr3w/1758096510/51000/51088/51088298.ts
13:10:01.966 EXTRA: Ah oh!
RetryCount => 3
Exception  => Received an unexpected EOF or 0 bytes from the transport stream.
Url        => https://zcaji-kamna.alonestreaming.com/hls/toTVHe8KY6JEtZg_bJyr3w/1758096510/51000/51088/51088281.ts
13:10:01.966 EXTRA: Ah oh!
RetryCount => 3
Exception  => Received an unexpected EOF or 0 bytes from the transport stream.
Url        => https://zcaji-kamna.alonestreaming.com/hls/toTVHe8KY6JEtZg_bJyr3w/1758096510/51000/51088/51088288.ts
13:10:01.967 EXTRA: Ah oh!
RetryCount => 3
Exception  => Connection refused (10.10.10.88:7890)
Url        => https://zcaji-kamna.alonestreaming.com/hls/toTVHe8KY6JEtZg_bJyr3w/1758096510/51000/51088/51088299.ts
13:10:01.968 EXTRA: Ah oh!
RetryCount => 3
Exception  => Received an unexpected EOF or 0 bytes from the transport stream.
Url        => https://zcaji-kamna.alonestreaming.com/hls/toTVHe8KY6JEtZg_bJyr3w/1758096510/51000/51088/51088276.ts
13:10:01.970 EXTRA: Ah oh!
RetryCount => 3
Exception  => Received an unexpected EOF or 0 bytes from the transport stream.
Url        => https://zcaji-kamna.alonestreaming.com/hls/toTVHe8KY6JEtZg_bJyr3w/1758096510/51000/51088/51088297.ts
13:10:01.973 EXTRA: Ah oh!
RetryCount => 3
Exception  => Received an unexpected EOF or 0 bytes from the transport stream.
Url        => https://zcaji-kamna.alonestreaming.com/hls/toTVHe8KY6JEtZg_bJyr3w/1758096510/51000/51088/51088295.ts
13:10:01.974 EXTRA: Ah oh!
RetryCount => 3
Exception  => Received an unexpected EOF or 0 bytes from the transport stream.
Url        => https://zcaji-kamna.alonestreaming.com/hls/toTVHe8KY6JEtZg_bJyr3w/1758096510/51000/51088/51088290.ts
13:10:01.978 EXTRA: Ah oh!
RetryCount => 3
Exception  => Received an unexpected EOF or 0 bytes from the transport stream.
Url        => https://zcaji-kamna.alonestreaming.com/hls/toTVHe8KY6JEtZg_bJyr3w/1758096510/51000/51088/51088266.ts
13:10:02.100 EXTRA: Ah oh!
RetryCount => 3
Exception  => Received an unexpected EOF or 0 bytes from the transport stream.
Url        => https://zcaji-kamna.alonestreaming.com/hls/toTVHe8KY6JEtZg_bJyr3w/1758096510/51000/51088/51088286.ts
13:11:22.063 INFO : ffmpeg merging...
13:11:22.064 WARN : Segments more than 1800, start partial merge...
13:12:21.456 INFO : Done
