2025-09-17 02:09:02 | INFO | missav domain: missav.ai
2025-09-17 02:09:02 | DEBUG | db_path: ./db/downloaded.db, table_name: MissAV
2025-09-17 02:09:02 | INFO | 成功插入 23
2025-09-17 02:09:02 | INFO | https://www.javbus.com/DLDSS-289
2025-09-17 02:09:04 | INFO | fetch html succ
2025-09-17 02:09:04 | DEBUG | DLDSS-289
2025-09-17 02:09:04 | DEBUG | DLDSS-289 欲求不満のパート妻達の性欲は底なしで奪い合うように短時間で3回づつ計6回射精さられた…。 美乃すずめ 小野夕子
2025-09-17 02:09:04 | DEBUG | /pics/cover/ag1i_b.jpg
2025-09-17 02:09:04 | DEBUG | 【發行日期】2024-04-25，【長度】158分鐘，(DLDSS-289)欲求不満のパート妻達の性欲は底なしで奪い合うように短時間で3回づつ計6回射精さられた…。 美乃すずめ 小野夕子
2025-09-17 02:09:04 | DEBUG | ['DLDSS-289', 'DAHLIA', '4K', '出軌', '蕩婦', '多P', '巨乳', '高畫質', '已婚婦女']
2025-09-17 02:09:04 | DEBUG | 2024-04-25
2025-09-17 02:09:04 | DEBUG | 158分鐘
2025-09-17 02:09:04 | DEBUG | [('/pics/actress/viu_a.jpg', '美乃すずめ'), ('/pics/actress/vpx_a.jpg', '小野夕子')]
2025-09-17 02:09:04 | INFO | parse metadata succ: 
=== 元数据详情 ===
番号: DLDSS-289
标题: DLDSS-289 欲求不満のパート妻達の性欲は底なしで奪い合うように短時間で3回づつ計6回射精さられた…。 美乃すずめ 小野夕子
发行日期: 2024-04-25
时长: 158分鐘
演员及头像:
    美乃すずめ (https://www.javbus.com/pics/actress/viu_a.jpg)
    小野夕子 (https://www.javbus.com/pics/actress/vpx_a.jpg)
关键词: DLDSS-289, DAHLIA, 4K, 出軌, 蕩婦, 多P, 巨乳, 高畫質, 已婚婦女
描述: 【發行日期】2024-04-25，【長度】158分鐘，(DLDSS-289)欲求不満のパート妻達の性欲は底なしで奪い合うように短時間で3回づつ計6回射精さられた…。 美乃すずめ 小野夕子
封面URL: https://www.javbus.com/pics/cover/ag1i_b.jpg
样品图像: https://pics.dmm.co.jp/digital/video/1dldss00289/1dldss00289jp-1.jpg, https://pics.dmm.co.jp/digital/video/1dldss00289/1dldss00289jp-2.jpg, https://pics.dmm.co.jp/digital/video/1dldss00289/1dldss00289jp-3.jpg, https://pics.dmm.co.jp/digital/video/1dldss00289/1dldss00289jp-4.jpg, https://pics.dmm.co.jp/digital/video/1dldss00289/1dldss00289jp-5.jpg, https://pics.dmm.co.jp/digital/video/1dldss00289/1dldss00289jp-6.jpg, https://pics.dmm.co.jp/digital/video/1dldss00289/1dldss00289jp-7.jpg, https://pics.dmm.co.jp/digital/video/1dldss00289/1dldss00289jp-8.jpg, https://pics.dmm.co.jp/digital/video/1dldss00289/1dldss00289jp-9.jpg, https://pics.dmm.co.jp/digital/video/1dldss00289/1dldss00289jp-10.jpg
=================
2025-09-17 02:09:04 | DEBUG | download https://www.javbus.com/pics/cover/ag1i_b.jpg to /mnt/mac/SATA_SSD_2T/000-NASSAV/000-NO_SUB/DLDSS-289/DLDSS-289-fanart-1.jpg
2025-09-17 02:09:05 | DEBUG | 裁剪完成，尺寸: (380, 539)
2025-09-17 02:09:05 | DEBUG | download https://pics.dmm.co.jp/digital/video/1dldss00289/1dldss00289jp-1.jpg to /mnt/mac/SATA_SSD_2T/000-NASSAV/000-NO_SUB/DLDSS-289/DLDSS-289-fanart-2.jpg
2025-09-17 02:09:08 | DEBUG | download https://pics.dmm.co.jp/digital/video/1dldss00289/1dldss00289jp-2.jpg to /mnt/mac/SATA_SSD_2T/000-NASSAV/000-NO_SUB/DLDSS-289/DLDSS-289-fanart-3.jpg
2025-09-17 02:09:11 | DEBUG | download https://pics.dmm.co.jp/digital/video/1dldss00289/1dldss00289jp-3.jpg to /mnt/mac/SATA_SSD_2T/000-NASSAV/000-NO_SUB/DLDSS-289/DLDSS-289-fanart-4.jpg
2025-09-17 02:09:13 | DEBUG | download https://pics.dmm.co.jp/digital/video/1dldss00289/1dldss00289jp-4.jpg to /mnt/mac/SATA_SSD_2T/000-NASSAV/000-NO_SUB/DLDSS-289/DLDSS-289-fanart-5.jpg
